{"pytest_version": "5.2.0", "$report_type": "SessionStart"}
{"nodeid": "", "outcome": "passed", "longrepr": null, "result": null, "sections": [], "_report_type": "CollectReport"}
{"nodeid": "__init__.py", "outcome": "passed", "longrepr": null, "result": null, "sections": [], "_report_type": "CollectReport"}
{"nodeid": "Caps/__init__.py", "outcome": "passed", "longrepr": null, "result": null, "sections": [], "_report_type": "CollectReport"}
{"nodeid": "Common/__init__.py", "outcome": "passed", "longrepr": null, "result": null, "sections": [], "_report_type": "CollectReport"}
{"nodeid": "PageLocators/__init__.py", "outcome": "passed", "longrepr": null, "result": null, "sections": [], "_report_type": "CollectReport"}
{"nodeid": "PageObjects/__init__.py", "outcome": "passed", "longrepr": null, "result": null, "sections": [], "_report_type": "CollectReport"}
{"nodeid": "TestCases/test_0_login.py::TestLogin", "outcome": "passed", "longrepr": null, "result": null, "sections": [], "_report_type": "CollectReport"}
{"nodeid": "TestCases/test_0_login.py::TestLogin", "outcome": "passed", "longrepr": null, "result": null, "sections": [], "_report_type": "CollectReport"}
{"nodeid": "TestCases/test_0_login.py", "outcome": "passed", "longrepr": null, "result": null, "sections": [], "_report_type": "CollectReport"}
{"nodeid": "TestCases/__init__.py", "outcome": "passed", "longrepr": null, "result": null, "sections": [], "_report_type": "CollectReport"}
{"nodeid": "TestDatas/__init__.py", "outcome": "passed", "longrepr": null, "result": null, "sections": [], "_report_type": "CollectReport"}
{"nodeid": "TestCases/test_0_login.py::TestLogin::test_prepare", "location": ["TestCases\\test_0_login.py", 15, "TestLogin.test_prepare"], "keywords": {"()": 1, "test": 1, "test1": 1, "usefixtures": 1, "TestCases/__init__.py": 1, "AppFramework": 1, "pytestmark": 1, "TestLogin": 1, "test_0_login.py": 1, "test_prepare": 1}, "outcome": "passed", "longrepr": null, "when": "setup", "user_properties": [], "sections": [["Captured log setup", "\u001b[32mINFO    \u001b[0m root:conftest.py:65 xxxxxxx"]], "duration": 11.725223302841187, "_report_type": "TestReport"}
{"nodeid": "TestCases/test_0_login.py::TestLogin::test_prepare", "location": ["TestCases\\test_0_login.py", 15, "TestLogin.test_prepare"], "keywords": {"()": 1, "test": 1, "test1": 1, "usefixtures": 1, "TestCases/__init__.py": 1, "AppFramework": 1, "pytestmark": 1, "TestLogin": 1, "test_0_login.py": 1, "test_prepare": 1}, "outcome": "passed", "longrepr": null, "when": "call", "user_properties": [], "sections": [["Captured log setup", "\u001b[32mINFO    \u001b[0m root:conftest.py:65 xxxxxxx"], ["Captured log call", "\u001b[32mINFO    \u001b[0m root:bottom_widget.py:15 \u5207\u6362\u5230\u9875\u9762\u6211\n\u001b[32mINFO    \u001b[0m root:basepage.py:38 \u5143\u7d20('-android uiautomator', 'new UiSelector().text(\"\u6211\")')\u67e5\u627e\u6210\u529f\uff0c\u8017\u65f60.9847824573516846s\n\u001b[32mINFO    \u001b[0m root:basepage.py:47 \u5143\u7d20('-android uiautomator', 'new UiSelector().text(\"\u6211\")')\u67e5\u627e\u6210\u529f\uff01\n\u001b[32mINFO    \u001b[0m root:basepage.py:93 \u5143\u7d20('-android uiautomator', 'new UiSelector().text(\"\u6211\")')\u6210\u529f\u70b9\u51fb!\n\u001b[32mINFO    \u001b[0m root:basepage.py:118 \u622a\u56fe\u6210\u529f\uff0c\u6587\u4ef6\u4e3aD:\\python\\mystudy\\AppFramework\\Outputs\\Screen_Shots\\\u6d4b\u8bd5\u51c6\u5907,\u786e\u8ba4app\u662f\u5426\u5df2\u767b\u5f55-2020-03-04-21-40-55.png\n\u001b[1m\u001b[31mERROR   \u001b[0m root:basepage.py:41 \u5143\u7d20('id', 'com.xxzb.fenwoo:id/btn_login')\u672a\u627e\u5230\nTraceback (most recent call last):\n  File \"d:\\python\\mystudy\\AppFramework\\Common\\basepage.py\", line 36, in visiable_ele\n    WebDriverWait(self.driver,timeout=20,poll_frequency=0.5).until(EC.visibility_of_element_located(loc))\n  File \"D:\\Program Files (x86)\\python\\lib\\site-packages\\selenium\\webdriver\\support\\wait.py\", line 80, in until\n    raise TimeoutException(message, screen, stacktrace)\nselenium.common.exceptions.TimeoutException: Message: \n\n\u001b[32mINFO    \u001b[0m root:test_0_login.py:22 app\u5df2\u767b\u5f55,\u6267\u884c\u6570\u636e\u6e05\u7a7a\u64cd\u4f5c!"]], "duration": 24.891828060150146, "_report_type": "TestReport"}
{"nodeid": "TestCases/test_0_login.py::TestLogin::test_prepare", "location": ["TestCases\\test_0_login.py", 15, "TestLogin.test_prepare"], "keywords": {"()": 1, "test": 1, "test1": 1, "usefixtures": 1, "TestCases/__init__.py": 1, "AppFramework": 1, "pytestmark": 1, "TestLogin": 1, "test_0_login.py": 1, "test_prepare": 1}, "outcome": "passed", "longrepr": null, "when": "teardown", "user_properties": [], "sections": [["Captured log setup", "\u001b[32mINFO    \u001b[0m root:conftest.py:65 xxxxxxx"], ["Captured log call", "\u001b[32mINFO    \u001b[0m root:bottom_widget.py:15 \u5207\u6362\u5230\u9875\u9762\u6211\n\u001b[32mINFO    \u001b[0m root:basepage.py:38 \u5143\u7d20('-android uiautomator', 'new UiSelector().text(\"\u6211\")')\u67e5\u627e\u6210\u529f\uff0c\u8017\u65f60.9847824573516846s\n\u001b[32mINFO    \u001b[0m root:basepage.py:47 \u5143\u7d20('-android uiautomator', 'new UiSelector().text(\"\u6211\")')\u67e5\u627e\u6210\u529f\uff01\n\u001b[32mINFO    \u001b[0m root:basepage.py:93 \u5143\u7d20('-android uiautomator', 'new UiSelector().text(\"\u6211\")')\u6210\u529f\u70b9\u51fb!\n\u001b[32mINFO    \u001b[0m root:basepage.py:118 \u622a\u56fe\u6210\u529f\uff0c\u6587\u4ef6\u4e3aD:\\python\\mystudy\\AppFramework\\Outputs\\Screen_Shots\\\u6d4b\u8bd5\u51c6\u5907,\u786e\u8ba4app\u662f\u5426\u5df2\u767b\u5f55-2020-03-04-21-40-55.png\n\u001b[1m\u001b[31mERROR   \u001b[0m root:basepage.py:41 \u5143\u7d20('id', 'com.xxzb.fenwoo:id/btn_login')\u672a\u627e\u5230\nTraceback (most recent call last):\n  File \"d:\\python\\mystudy\\AppFramework\\Common\\basepage.py\", line 36, in visiable_ele\n    WebDriverWait(self.driver,timeout=20,poll_frequency=0.5).until(EC.visibility_of_element_located(loc))\n  File \"D:\\Program Files (x86)\\python\\lib\\site-packages\\selenium\\webdriver\\support\\wait.py\", line 80, in until\n    raise TimeoutException(message, screen, stacktrace)\nselenium.common.exceptions.TimeoutException: Message: \n\n\u001b[32mINFO    \u001b[0m root:test_0_login.py:22 app\u5df2\u767b\u5f55,\u6267\u884c\u6570\u636e\u6e05\u7a7a\u64cd\u4f5c!"]], "duration": 1.0930817127227783, "_report_type": "TestReport"}
{"nodeid": "TestCases/test_0_login.py::TestLogin::test_login_success[testdatas0]", "location": ["TestCases\\test_0_login.py", 43, "TestLogin.test_login_success[testdatas0]"], "keywords": {"()": 1, "testdatas0": 1, "test": 1, "test1": 1, "usefixtures": 1, "TestCases/__init__.py": 1, "AppFramework": 1, "pytestmark": 1, "TestLogin": 1, "parametrize": 1, "test_0_login.py": 1, "test_login_success[testdatas0]": 1}, "outcome": "passed", "longrepr": null, "when": "setup", "user_properties": [], "sections": [], "duration": 24.94658589363098, "_report_type": "TestReport"}
{"nodeid": "TestCases/test_0_login.py::TestLogin::test_login_success[testdatas0]", "location": ["TestCases\\test_0_login.py", 43, "TestLogin.test_login_success[testdatas0]"], "keywords": {"()": 1, "testdatas0": 1, "test": 1, "test1": 1, "usefixtures": 1, "TestCases/__init__.py": 1, "AppFramework": 1, "pytestmark": 1, "TestLogin": 1, "parametrize": 1, "test_0_login.py": 1, "test_login_success[testdatas0]": 1}, "outcome": "failed", "longrepr": {"reprcrash": {"path": "D:\\Program Files (x86)\\python\\lib\\site-packages\\selenium\\webdriver\\remote\\errorhandler.py", "lineno": 242, "message": "selenium.common.exceptions.NoSuchElementException: Message: An element could not be located on the page using the given search parameters."}, "reprtraceback": {"reprentries": [{"type": "ReprEntry", "data": {"lines": ["    @pytest.mark.test1", "    @pytest.mark.parametrize('testdatas',GetTestDatas().get_testdatas()['login_success'])", "    @pytest.mark.usefixtures('init_keep')", "    def test_login_success(self,init_keep,init_session,testdatas):", "        init_session.info('\u6210\u529f\u767b\u5f55\u7528\u4f8b')", "        name = '\u6210\u529f\u767b\u5f55'", "        BottomWidget(init_keep,init_session,name).switch_bottom_widget('\u6211')", "        LoginPage(init_keep,init_session,name).input_tele(testdatas['tele'])", "        LoginPage(init_keep,init_session,name).input_pwd(testdatas['pwd'])", ">       UserPage(init_keep,init_session,name).click_popbox_btn_later()"], "reprfuncargs": {"args": [["self", "<AppFramework.TestCases.test_0_login.TestLogin object at 0x00000259CEA4AE50>"], ["init_keep", "<appium.webdriver.webdriver.WebDriver (session=\"77b48ab5-611f-4760-a66b-8623626c5cad\")>"], ["init_session", "<module 'logging' from 'D:\\\\Program Files (x86)\\\\python\\\\lib\\\\logging\\\\__init__.py'>"], ["testdatas", "{'pwd': 'python', 'tele': 18684720553}"]]}, "reprlocals": null, "reprfileloc": {"path": "TestCases\\test_0_login.py", "lineno": 53, "message": ""}, "style": "long"}}, {"type": "ReprEntry", "data": {"lines": ["    self.click_ele(loc.popbox_btn_later_loc)"], "reprfuncargs": null, "reprlocals": null, "reprfileloc": {"path": "PageObjects\\userpage.py", "lineno": 16, "message": "in click_popbox_btn_later"}, "style": "short"}}, {"type": "ReprEntry", "data": {"lines": ["    ele = self.get_ele(loc)"], "reprfuncargs": null, "reprlocals": null, "reprfileloc": {"path": "Common\\basepage.py", "lineno": 90, "message": "in click_ele"}, "style": "short"}}, {"type": "ReprEntry", "data": {"lines": ["    raise e"], "reprfuncargs": null, "reprlocals": null, "reprfileloc": {"path": "Common\\basepage.py", "lineno": 52, "message": "in get_ele"}, "style": "short"}}, {"type": "ReprEntry", "data": {"lines": ["    ele = self.driver.find_element(*loc)"], "reprfuncargs": null, "reprlocals": null, "reprfileloc": {"path": "Common\\basepage.py", "lineno": 46, "message": "in get_ele"}, "style": "short"}}, {"type": "ReprEntry", "data": {"lines": ["    return self.execute(RemoteCommand.FIND_ELEMENT, {"], "reprfuncargs": null, "reprlocals": null, "reprfileloc": {"path": "D:\\Program Files (x86)\\python\\lib\\site-packages\\appium\\webdriver\\webdriver.py", "lineno": 282, "message": "in find_element"}, "style": "short"}}, {"type": "ReprEntry", "data": {"lines": ["    self.error_handler.check_response(response)"], "reprfuncargs": null, "reprlocals": null, "reprfileloc": {"path": "D:\\Program Files (x86)\\python\\lib\\site-packages\\selenium\\webdriver\\remote\\webdriver.py", "lineno": 321, "message": "in execute"}, "style": "short"}}, {"type": "ReprEntry", "data": {"lines": ["    raise wde"], "reprfuncargs": null, "reprlocals": null, "reprfileloc": {"path": "D:\\Program Files (x86)\\python\\lib\\site-packages\\appium\\webdriver\\errorhandler.py", "lineno": 29, "message": "in check_response"}, "style": "short"}}, {"type": "ReprEntry", "data": {"lines": ["    super(MobileErrorHandler, self).check_response(response)"], "reprfuncargs": null, "reprlocals": null, "reprfileloc": {"path": "D:\\Program Files (x86)\\python\\lib\\site-packages\\appium\\webdriver\\errorhandler.py", "lineno": 24, "message": "in check_response"}, "style": "short"}}, {"type": "ReprEntry", "data": {"lines": ["    def check_response(self, response):", "        \"\"\"", "        Checks that a JSON response from the WebDriver does not have an error.", "    ", "        :Args:", "         - response - The JSON response from the WebDriver server as a dictionary", "           object.", "    ", "        :Raises: If the response contains an error message.", "        \"\"\"", "        status = response.get('status', None)", "        if status is None or status == ErrorCode.SUCCESS:", "            return", "        value = None", "        message = response.get(\"message\", \"\")", "        screen = response.get(\"screen\", \"\")", "        stacktrace = None", "        if isinstance(status, int):", "            value_json = response.get('value', None)", "            if value_json and isinstance(value_json, basestring):", "                import json", "                try:", "                    value = json.loads(value_json)", "                    if len(value.keys()) == 1:", "                        value = value['value']", "                    status = value.get('error', None)", "                    if status is None:", "                        status = value[\"status\"]", "                        message = value[\"value\"]", "                        if not isinstance(message, basestring):", "                            value = message", "                            message = message.get('message')", "                    else:", "                        message = value.get('message', None)", "                except ValueError:", "                    pass", "    ", "        exception_class = ErrorInResponseException", "        if status in ErrorCode.NO_SUCH_ELEMENT:", "            exception_class = NoSuchElementException", "        elif status in ErrorCode.NO_SUCH_FRAME:", "            exception_class = NoSuchFrameException", "        elif status in ErrorCode.NO_SUCH_WINDOW:", "            exception_class = NoSuchWindowException", "        elif status in ErrorCode.STALE_ELEMENT_REFERENCE:", "            exception_class = StaleElementReferenceException", "        elif status in ErrorCode.ELEMENT_NOT_VISIBLE:", "            exception_class = ElementNotVisibleException", "        elif status in ErrorCode.INVALID_ELEMENT_STATE:", "            exception_class = InvalidElementStateException", "        elif status in ErrorCode.INVALID_SELECTOR \\", "                or status in ErrorCode.INVALID_XPATH_SELECTOR \\", "                or status in ErrorCode.INVALID_XPATH_SELECTOR_RETURN_TYPER:", "            exception_class = InvalidSelectorException", "        elif status in ErrorCode.ELEMENT_IS_NOT_SELECTABLE:", "            exception_class = ElementNotSelectableException", "        elif status in ErrorCode.ELEMENT_NOT_INTERACTABLE:", "            exception_class = ElementNotInteractableException", "        elif status in ErrorCode.INVALID_COOKIE_DOMAIN:", "            exception_class = InvalidCookieDomainException", "        elif status in ErrorCode.UNABLE_TO_SET_COOKIE:", "            exception_class = UnableToSetCookieException", "        elif status in ErrorCode.TIMEOUT:", "            exception_class = TimeoutException", "        elif status in ErrorCode.SCRIPT_TIMEOUT:", "            exception_class = TimeoutException", "        elif status in ErrorCode.UNKNOWN_ERROR:", "            exception_class = WebDriverException", "        elif status in ErrorCode.UNEXPECTED_ALERT_OPEN:", "            exception_class = UnexpectedAlertPresentException", "        elif status in ErrorCode.NO_ALERT_OPEN:", "            exception_class = NoAlertPresentException", "        elif status in ErrorCode.IME_NOT_AVAILABLE:", "            exception_class = ImeNotAvailableException", "        elif status in ErrorCode.IME_ENGINE_ACTIVATION_FAILED:", "            exception_class = ImeActivationFailedException", "        elif status in ErrorCode.MOVE_TARGET_OUT_OF_BOUNDS:", "            exception_class = MoveTargetOutOfBoundsException", "        elif status in ErrorCode.JAVASCRIPT_ERROR:", "            exception_class = JavascriptException", "        elif status in ErrorCode.SESSION_NOT_CREATED:", "            exception_class = SessionNotCreatedException", "        elif status in ErrorCode.INVALID_ARGUMENT:", "            exception_class = InvalidArgumentException", "        elif status in ErrorCode.NO_SUCH_COOKIE:", "            exception_class = NoSuchCookieException", "        elif status in ErrorCode.UNABLE_TO_CAPTURE_SCREEN:", "            exception_class = ScreenshotException", "        elif status in ErrorCode.ELEMENT_CLICK_INTERCEPTED:", "            exception_class = ElementClickInterceptedException", "        elif status in ErrorCode.INSECURE_CERTIFICATE:", "            exception_class = InsecureCertificateException", "        elif status in ErrorCode.INVALID_COORDINATES:", "            exception_class = InvalidCoordinatesException", "        elif status in ErrorCode.INVALID_SESSION_ID:", "            exception_class = InvalidSessionIdException", "        elif status in ErrorCode.UNKNOWN_METHOD:", "            exception_class = UnknownMethodException", "        else:", "            exception_class = WebDriverException", "        if value == '' or value is None:", "            value = response['value']", "        if isinstance(value, basestring):", "            if exception_class == ErrorInResponseException:", "                raise exception_class(response, value)", "            raise exception_class(value)", "        if message == \"\" and 'message' in value:", "            message = value['message']", "    ", "        screen = None", "        if 'screen' in value:", "            screen = value['screen']", "    ", "        stacktrace = None", "        if 'stackTrace' in value and value['stackTrace']:", "            stacktrace = []", "            try:", "                for frame in value['stackTrace']:", "                    line = self._value_or_default(frame, 'lineNumber', '')", "                    file = self._value_or_default(frame, 'fileName', '<anonymous>')", "                    if line:", "                        file = \"%s:%s\" % (file, line)", "                    meth = self._value_or_default(frame, 'methodName', '<anonymous>')", "                    if 'className' in frame:", "                        meth = \"%s.%s\" % (frame['className'], meth)", "                    msg = \"    at %s (%s)\"", "                    msg = msg % (meth, file)", "                    stacktrace.append(msg)", "            except TypeError:", "                pass", "        if exception_class == ErrorInResponseException:", "            raise exception_class(response, message)", "        elif exception_class == UnexpectedAlertPresentException:", "            alert_text = None", "            if 'data' in value:", "                alert_text = value['data'].get('text')", "            elif 'alert' in value:", "                alert_text = value['alert'].get('text')", "            raise exception_class(message, screen, stacktrace, alert_text)", ">       raise exception_class(message, screen, stacktrace)", "E       selenium.common.exceptions.NoSuchElementException: Message: An element could not be located on the page using the given search parameters."], "reprfuncargs": {"args": [["self", "<appium.webdriver.errorhandler.MobileErrorHandler object at 0x00000259CF2C1C10>"], ["response", "{'status': 404, 'value': '{\"value\":{\"error\":\"no such element\",\"message\":\"An element could not be located on the page u...ces\\\\\\\\app\\\\\\\\node_modules\\\\\\\\appium\\\\\\\\node_modules\\\\\\\\appium-android-driver\\\\\\\\lib\\\\\\\\commands\\\\\\\\find.js:75:11)\"}}'}"]]}, "reprlocals": null, "reprfileloc": {"path": "D:\\Program Files (x86)\\python\\lib\\site-packages\\selenium\\webdriver\\remote\\errorhandler.py", "lineno": 242, "message": "NoSuchElementException"}, "style": "long"}}], "extraline": null, "style": "long"}, "sections": [], "chain": [[{"reprentries": [{"type": "ReprEntry", "data": {"lines": ["    @pytest.mark.test1", "    @pytest.mark.parametrize('testdatas',GetTestDatas().get_testdatas()['login_success'])", "    @pytest.mark.usefixtures('init_keep')", "    def test_login_success(self,init_keep,init_session,testdatas):", "        init_session.info('\u6210\u529f\u767b\u5f55\u7528\u4f8b')", "        name = '\u6210\u529f\u767b\u5f55'", "        BottomWidget(init_keep,init_session,name).switch_bottom_widget('\u6211')", "        LoginPage(init_keep,init_session,name).input_tele(testdatas['tele'])", "        LoginPage(init_keep,init_session,name).input_pwd(testdatas['pwd'])", ">       UserPage(init_keep,init_session,name).click_popbox_btn_later()"], "reprfuncargs": {"args": [["self", "<AppFramework.TestCases.test_0_login.TestLogin object at 0x00000259CEA4AE50>"], ["init_keep", "<appium.webdriver.webdriver.WebDriver (session=\"77b48ab5-611f-4760-a66b-8623626c5cad\")>"], ["init_session", "<module 'logging' from 'D:\\\\Program Files (x86)\\\\python\\\\lib\\\\logging\\\\__init__.py'>"], ["testdatas", "{'pwd': 'python', 'tele': 18684720553}"]]}, "reprlocals": null, "reprfileloc": {"path": "TestCases\\test_0_login.py", "lineno": 53, "message": ""}, "style": "long"}}, {"type": "ReprEntry", "data": {"lines": ["    self.click_ele(loc.popbox_btn_later_loc)"], "reprfuncargs": null, "reprlocals": null, "reprfileloc": {"path": "PageObjects\\userpage.py", "lineno": 16, "message": "in click_popbox_btn_later"}, "style": "short"}}, {"type": "ReprEntry", "data": {"lines": ["    ele = self.get_ele(loc)"], "reprfuncargs": null, "reprlocals": null, "reprfileloc": {"path": "Common\\basepage.py", "lineno": 90, "message": "in click_ele"}, "style": "short"}}, {"type": "ReprEntry", "data": {"lines": ["    raise e"], "reprfuncargs": null, "reprlocals": null, "reprfileloc": {"path": "Common\\basepage.py", "lineno": 52, "message": "in get_ele"}, "style": "short"}}, {"type": "ReprEntry", "data": {"lines": ["    ele = self.driver.find_element(*loc)"], "reprfuncargs": null, "reprlocals": null, "reprfileloc": {"path": "Common\\basepage.py", "lineno": 46, "message": "in get_ele"}, "style": "short"}}, {"type": "ReprEntry", "data": {"lines": ["    return self.execute(RemoteCommand.FIND_ELEMENT, {"], "reprfuncargs": null, "reprlocals": null, "reprfileloc": {"path": "D:\\Program Files (x86)\\python\\lib\\site-packages\\appium\\webdriver\\webdriver.py", "lineno": 282, "message": "in find_element"}, "style": "short"}}, {"type": "ReprEntry", "data": {"lines": ["    self.error_handler.check_response(response)"], "reprfuncargs": null, "reprlocals": null, "reprfileloc": {"path": "D:\\Program Files (x86)\\python\\lib\\site-packages\\selenium\\webdriver\\remote\\webdriver.py", "lineno": 321, "message": "in execute"}, "style": "short"}}, {"type": "ReprEntry", "data": {"lines": ["    raise wde"], "reprfuncargs": null, "reprlocals": null, "reprfileloc": {"path": "D:\\Program Files (x86)\\python\\lib\\site-packages\\appium\\webdriver\\errorhandler.py", "lineno": 29, "message": "in check_response"}, "style": "short"}}, {"type": "ReprEntry", "data": {"lines": ["    super(MobileErrorHandler, self).check_response(response)"], "reprfuncargs": null, "reprlocals": null, "reprfileloc": {"path": "D:\\Program Files (x86)\\python\\lib\\site-packages\\appium\\webdriver\\errorhandler.py", "lineno": 24, "message": "in check_response"}, "style": "short"}}, {"type": "ReprEntry", "data": {"lines": ["    def check_response(self, response):", "        \"\"\"", "        Checks that a JSON response from the WebDriver does not have an error.", "    ", "        :Args:", "         - response - The JSON response from the WebDriver server as a dictionary", "           object.", "    ", "        :Raises: If the response contains an error message.", "        \"\"\"", "        status = response.get('status', None)", "        if status is None or status == ErrorCode.SUCCESS:", "            return", "        value = None", "        message = response.get(\"message\", \"\")", "        screen = response.get(\"screen\", \"\")", "        stacktrace = None", "        if isinstance(status, int):", "            value_json = response.get('value', None)", "            if value_json and isinstance(value_json, basestring):", "                import json", "                try:", "                    value = json.loads(value_json)", "                    if len(value.keys()) == 1:", "                        value = value['value']", "                    status = value.get('error', None)", "                    if status is None:", "                        status = value[\"status\"]", "                        message = value[\"value\"]", "                        if not isinstance(message, basestring):", "                            value = message", "                            message = message.get('message')", "                    else:", "                        message = value.get('message', None)", "                except ValueError:", "                    pass", "    ", "        exception_class = ErrorInResponseException", "        if status in ErrorCode.NO_SUCH_ELEMENT:", "            exception_class = NoSuchElementException", "        elif status in ErrorCode.NO_SUCH_FRAME:", "            exception_class = NoSuchFrameException", "        elif status in ErrorCode.NO_SUCH_WINDOW:", "            exception_class = NoSuchWindowException", "        elif status in ErrorCode.STALE_ELEMENT_REFERENCE:", "            exception_class = StaleElementReferenceException", "        elif status in ErrorCode.ELEMENT_NOT_VISIBLE:", "            exception_class = ElementNotVisibleException", "        elif status in ErrorCode.INVALID_ELEMENT_STATE:", "            exception_class = InvalidElementStateException", "        elif status in ErrorCode.INVALID_SELECTOR \\", "                or status in ErrorCode.INVALID_XPATH_SELECTOR \\", "                or status in ErrorCode.INVALID_XPATH_SELECTOR_RETURN_TYPER:", "            exception_class = InvalidSelectorException", "        elif status in ErrorCode.ELEMENT_IS_NOT_SELECTABLE:", "            exception_class = ElementNotSelectableException", "        elif status in ErrorCode.ELEMENT_NOT_INTERACTABLE:", "            exception_class = ElementNotInteractableException", "        elif status in ErrorCode.INVALID_COOKIE_DOMAIN:", "            exception_class = InvalidCookieDomainException", "        elif status in ErrorCode.UNABLE_TO_SET_COOKIE:", "            exception_class = UnableToSetCookieException", "        elif status in ErrorCode.TIMEOUT:", "            exception_class = TimeoutException", "        elif status in ErrorCode.SCRIPT_TIMEOUT:", "            exception_class = TimeoutException", "        elif status in ErrorCode.UNKNOWN_ERROR:", "            exception_class = WebDriverException", "        elif status in ErrorCode.UNEXPECTED_ALERT_OPEN:", "            exception_class = UnexpectedAlertPresentException", "        elif status in ErrorCode.NO_ALERT_OPEN:", "            exception_class = NoAlertPresentException", "        elif status in ErrorCode.IME_NOT_AVAILABLE:", "            exception_class = ImeNotAvailableException", "        elif status in ErrorCode.IME_ENGINE_ACTIVATION_FAILED:", "            exception_class = ImeActivationFailedException", "        elif status in ErrorCode.MOVE_TARGET_OUT_OF_BOUNDS:", "            exception_class = MoveTargetOutOfBoundsException", "        elif status in ErrorCode.JAVASCRIPT_ERROR:", "            exception_class = JavascriptException", "        elif status in ErrorCode.SESSION_NOT_CREATED:", "            exception_class = SessionNotCreatedException", "        elif status in ErrorCode.INVALID_ARGUMENT:", "            exception_class = InvalidArgumentException", "        elif status in ErrorCode.NO_SUCH_COOKIE:", "            exception_class = NoSuchCookieException", "        elif status in ErrorCode.UNABLE_TO_CAPTURE_SCREEN:", "            exception_class = ScreenshotException", "        elif status in ErrorCode.ELEMENT_CLICK_INTERCEPTED:", "            exception_class = ElementClickInterceptedException", "        elif status in ErrorCode.INSECURE_CERTIFICATE:", "            exception_class = InsecureCertificateException", "        elif status in ErrorCode.INVALID_COORDINATES:", "            exception_class = InvalidCoordinatesException", "        elif status in ErrorCode.INVALID_SESSION_ID:", "            exception_class = InvalidSessionIdException", "        elif status in ErrorCode.UNKNOWN_METHOD:", "            exception_class = UnknownMethodException", "        else:", "            exception_class = WebDriverException", "        if value == '' or value is None:", "            value = response['value']", "        if isinstance(value, basestring):", "            if exception_class == ErrorInResponseException:", "                raise exception_class(response, value)", "            raise exception_class(value)", "        if message == \"\" and 'message' in value:", "            message = value['message']", "    ", "        screen = None", "        if 'screen' in value:", "            screen = value['screen']", "    ", "        stacktrace = None", "        if 'stackTrace' in value and value['stackTrace']:", "            stacktrace = []", "            try:", "                for frame in value['stackTrace']:", "                    line = self._value_or_default(frame, 'lineNumber', '')", "                    file = self._value_or_default(frame, 'fileName', '<anonymous>')", "                    if line:", "                        file = \"%s:%s\" % (file, line)", "                    meth = self._value_or_default(frame, 'methodName', '<anonymous>')", "                    if 'className' in frame:", "                        meth = \"%s.%s\" % (frame['className'], meth)", "                    msg = \"    at %s (%s)\"", "                    msg = msg % (meth, file)", "                    stacktrace.append(msg)", "            except TypeError:", "                pass", "        if exception_class == ErrorInResponseException:", "            raise exception_class(response, message)", "        elif exception_class == UnexpectedAlertPresentException:", "            alert_text = None", "            if 'data' in value:", "                alert_text = value['data'].get('text')", "            elif 'alert' in value:", "                alert_text = value['alert'].get('text')", "            raise exception_class(message, screen, stacktrace, alert_text)", ">       raise exception_class(message, screen, stacktrace)", "E       selenium.common.exceptions.NoSuchElementException: Message: An element could not be located on the page using the given search parameters."], "reprfuncargs": {"args": [["self", "<appium.webdriver.errorhandler.MobileErrorHandler object at 0x00000259CF2C1C10>"], ["response", "{'status': 404, 'value': '{\"value\":{\"error\":\"no such element\",\"message\":\"An element could not be located on the page u...ces\\\\\\\\app\\\\\\\\node_modules\\\\\\\\appium\\\\\\\\node_modules\\\\\\\\appium-android-driver\\\\\\\\lib\\\\\\\\commands\\\\\\\\find.js:75:11)\"}}'}"]]}, "reprlocals": null, "reprfileloc": {"path": "D:\\Program Files (x86)\\python\\lib\\site-packages\\selenium\\webdriver\\remote\\errorhandler.py", "lineno": 242, "message": "NoSuchElementException"}, "style": "long"}}], "extraline": null, "style": "long"}, {"path": "D:\\Program Files (x86)\\python\\lib\\site-packages\\selenium\\webdriver\\remote\\errorhandler.py", "lineno": 242, "message": "selenium.common.exceptions.NoSuchElementException: Message: An element could not be located on the page using the given search parameters."}, null]]}, "when": "call", "user_properties": [], "sections": [["Captured log call", "\u001b[32mINFO    \u001b[0m root:test_0_login.py:48 \u6210\u529f\u767b\u5f55\u7528\u4f8b\n\u001b[32mINFO    \u001b[0m root:bottom_widget.py:15 \u5207\u6362\u5230\u9875\u9762\u6211\n\u001b[32mINFO    \u001b[0m root:basepage.py:38 \u5143\u7d20('-android uiautomator', 'new UiSelector().text(\"\u6211\")')\u67e5\u627e\u6210\u529f\uff0c\u8017\u65f61.3969156742095947s\n\u001b[32mINFO    \u001b[0m root:basepage.py:47 \u5143\u7d20('-android uiautomator', 'new UiSelector().text(\"\u6211\")')\u67e5\u627e\u6210\u529f\uff01\n\u001b[32mINFO    \u001b[0m root:basepage.py:93 \u5143\u7d20('-android uiautomator', 'new UiSelector().text(\"\u6211\")')\u6210\u529f\u70b9\u51fb!\n\u001b[32mINFO    \u001b[0m root:basepage.py:38 \u5143\u7d20('id', 'com.xxzb.fenwoo:id/et_phone')\u67e5\u627e\u6210\u529f\uff0c\u8017\u65f61.929178237915039s\n\u001b[32mINFO    \u001b[0m root:basepage.py:47 \u5143\u7d20('id', 'com.xxzb.fenwoo:id/et_phone')\u67e5\u627e\u6210\u529f\uff01\n\u001b[32mINFO    \u001b[0m root:basepage.py:72 \u5143\u7d20('id', 'com.xxzb.fenwoo:id/et_phone')\u6210\u529f\u8f93\u516518684720553\n\u001b[32mINFO    \u001b[0m root:basepage.py:47 \u5143\u7d20('id', 'com.xxzb.fenwoo:id/btn_next_step')\u67e5\u627e\u6210\u529f\uff01\n\u001b[32mINFO    \u001b[0m root:basepage.py:93 \u5143\u7d20('id', 'com.xxzb.fenwoo:id/btn_next_step')\u6210\u529f\u70b9\u51fb!\n\u001b[32mINFO    \u001b[0m root:basepage.py:38 \u5143\u7d20('id', 'com.xxzb.fenwoo:id/et_pwd')\u67e5\u627e\u6210\u529f\uff0c\u8017\u65f61.8242268562316895s\n\u001b[32mINFO    \u001b[0m root:basepage.py:47 \u5143\u7d20('id', 'com.xxzb.fenwoo:id/et_pwd')\u67e5\u627e\u6210\u529f\uff01\n\u001b[32mINFO    \u001b[0m root:basepage.py:72 \u5143\u7d20('id', 'com.xxzb.fenwoo:id/et_pwd')\u6210\u529f\u8f93\u5165python\n\u001b[32mINFO    \u001b[0m root:basepage.py:47 \u5143\u7d20('id', 'com.xxzb.fenwoo:id/btn_next_step')\u67e5\u627e\u6210\u529f\uff01\n\u001b[32mINFO    \u001b[0m root:basepage.py:93 \u5143\u7d20('id', 'com.xxzb.fenwoo:id/btn_next_step')\u6210\u529f\u70b9\u51fb!\n\u001b[32mINFO    \u001b[0m root:basepage.py:118 \u622a\u56fe\u6210\u529f\uff0c\u6587\u4ef6\u4e3aD:\\python\\mystudy\\AppFramework\\Outputs\\Screen_Shots\\\u6210\u529f\u767b\u5f55-2020-03-04-21-41-31.png\n\u001b[1m\u001b[31mERROR   \u001b[0m root:basepage.py:51 \u5143\u7d20('id', 'com.xxzb.fenwoo:id/btn_cancel')\u67e5\u627e\u5931\u8d25\uff01\nTraceback (most recent call last):\n  File \"d:\\python\\mystudy\\AppFramework\\Common\\basepage.py\", line 46, in get_ele\n    ele = self.driver.find_element(*loc)\n  File \"D:\\Program Files (x86)\\python\\lib\\site-packages\\appium\\webdriver\\webdriver.py\", line 282, in find_element\n    return self.execute(RemoteCommand.FIND_ELEMENT, {\n  File \"D:\\Program Files (x86)\\python\\lib\\site-packages\\selenium\\webdriver\\remote\\webdriver.py\", line 321, in execute\n    self.error_handler.check_response(response)\n  File \"D:\\Program Files (x86)\\python\\lib\\site-packages\\appium\\webdriver\\errorhandler.py\", line 29, in check_response\n    raise wde\n  File \"D:\\Program Files (x86)\\python\\lib\\site-packages\\appium\\webdriver\\errorhandler.py\", line 24, in check_response\n    super(MobileErrorHandler, self).check_response(response)\n  File \"D:\\Program Files (x86)\\python\\lib\\site-packages\\selenium\\webdriver\\remote\\errorhandler.py\", line 242, in check_response\n    raise exception_class(message, screen, stacktrace)\nselenium.common.exceptions.NoSuchElementException: Message: An element could not be located on the page using the given search parameters."]], "duration": 10.050495862960815, "_report_type": "TestReport"}
{"nodeid": "TestCases/test_0_login.py::TestLogin::test_login_success[testdatas0]", "location": ["TestCases\\test_0_login.py", 43, "TestLogin.test_login_success[testdatas0]"], "keywords": {"()": 1, "testdatas0": 1, "test": 1, "test1": 1, "usefixtures": 1, "TestCases/__init__.py": 1, "AppFramework": 1, "pytestmark": 1, "TestLogin": 1, "parametrize": 1, "test_0_login.py": 1, "test_login_success[testdatas0]": 1}, "outcome": "passed", "longrepr": null, "when": "teardown", "user_properties": [], "sections": [["Captured log call", "\u001b[32mINFO    \u001b[0m root:test_0_login.py:48 \u6210\u529f\u767b\u5f55\u7528\u4f8b\n\u001b[32mINFO    \u001b[0m root:bottom_widget.py:15 \u5207\u6362\u5230\u9875\u9762\u6211\n\u001b[32mINFO    \u001b[0m root:basepage.py:38 \u5143\u7d20('-android uiautomator', 'new UiSelector().text(\"\u6211\")')\u67e5\u627e\u6210\u529f\uff0c\u8017\u65f61.3969156742095947s\n\u001b[32mINFO    \u001b[0m root:basepage.py:47 \u5143\u7d20('-android uiautomator', 'new UiSelector().text(\"\u6211\")')\u67e5\u627e\u6210\u529f\uff01\n\u001b[32mINFO    \u001b[0m root:basepage.py:93 \u5143\u7d20('-android uiautomator', 'new UiSelector().text(\"\u6211\")')\u6210\u529f\u70b9\u51fb!\n\u001b[32mINFO    \u001b[0m root:basepage.py:38 \u5143\u7d20('id', 'com.xxzb.fenwoo:id/et_phone')\u67e5\u627e\u6210\u529f\uff0c\u8017\u65f61.929178237915039s\n\u001b[32mINFO    \u001b[0m root:basepage.py:47 \u5143\u7d20('id', 'com.xxzb.fenwoo:id/et_phone')\u67e5\u627e\u6210\u529f\uff01\n\u001b[32mINFO    \u001b[0m root:basepage.py:72 \u5143\u7d20('id', 'com.xxzb.fenwoo:id/et_phone')\u6210\u529f\u8f93\u516518684720553\n\u001b[32mINFO    \u001b[0m root:basepage.py:47 \u5143\u7d20('id', 'com.xxzb.fenwoo:id/btn_next_step')\u67e5\u627e\u6210\u529f\uff01\n\u001b[32mINFO    \u001b[0m root:basepage.py:93 \u5143\u7d20('id', 'com.xxzb.fenwoo:id/btn_next_step')\u6210\u529f\u70b9\u51fb!\n\u001b[32mINFO    \u001b[0m root:basepage.py:38 \u5143\u7d20('id', 'com.xxzb.fenwoo:id/et_pwd')\u67e5\u627e\u6210\u529f\uff0c\u8017\u65f61.8242268562316895s\n\u001b[32mINFO    \u001b[0m root:basepage.py:47 \u5143\u7d20('id', 'com.xxzb.fenwoo:id/et_pwd')\u67e5\u627e\u6210\u529f\uff01\n\u001b[32mINFO    \u001b[0m root:basepage.py:72 \u5143\u7d20('id', 'com.xxzb.fenwoo:id/et_pwd')\u6210\u529f\u8f93\u5165python\n\u001b[32mINFO    \u001b[0m root:basepage.py:47 \u5143\u7d20('id', 'com.xxzb.fenwoo:id/btn_next_step')\u67e5\u627e\u6210\u529f\uff01\n\u001b[32mINFO    \u001b[0m root:basepage.py:93 \u5143\u7d20('id', 'com.xxzb.fenwoo:id/btn_next_step')\u6210\u529f\u70b9\u51fb!\n\u001b[32mINFO    \u001b[0m root:basepage.py:118 \u622a\u56fe\u6210\u529f\uff0c\u6587\u4ef6\u4e3aD:\\python\\mystudy\\AppFramework\\Outputs\\Screen_Shots\\\u6210\u529f\u767b\u5f55-2020-03-04-21-41-31.png\n\u001b[1m\u001b[31mERROR   \u001b[0m root:basepage.py:51 \u5143\u7d20('id', 'com.xxzb.fenwoo:id/btn_cancel')\u67e5\u627e\u5931\u8d25\uff01\nTraceback (most recent call last):\n  File \"d:\\python\\mystudy\\AppFramework\\Common\\basepage.py\", line 46, in get_ele\n    ele = self.driver.find_element(*loc)\n  File \"D:\\Program Files (x86)\\python\\lib\\site-packages\\appium\\webdriver\\webdriver.py\", line 282, in find_element\n    return self.execute(RemoteCommand.FIND_ELEMENT, {\n  File \"D:\\Program Files (x86)\\python\\lib\\site-packages\\selenium\\webdriver\\remote\\webdriver.py\", line 321, in execute\n    self.error_handler.check_response(response)\n  File \"D:\\Program Files (x86)\\python\\lib\\site-packages\\appium\\webdriver\\errorhandler.py\", line 29, in check_response\n    raise wde\n  File \"D:\\Program Files (x86)\\python\\lib\\site-packages\\appium\\webdriver\\errorhandler.py\", line 24, in check_response\n    super(MobileErrorHandler, self).check_response(response)\n  File \"D:\\Program Files (x86)\\python\\lib\\site-packages\\selenium\\webdriver\\remote\\errorhandler.py\", line 242, in check_response\n    raise exception_class(message, screen, stacktrace)\nselenium.common.exceptions.NoSuchElementException: Message: An element could not be located on the page using the given search parameters."]], "duration": 1.4069321155548096, "_report_type": "TestReport"}
{"exitstatus": 1, "$report_type": "SessionFinish"}
