{"pytest_version": "5.2.0", "$report_type": "SessionStart"}
{"nodeid": "", "outcome": "passed", "longrepr": null, "result": null, "sections": [], "_report_type": "CollectReport"}
{"nodeid": "__init__.py", "outcome": "passed", "longrepr": null, "result": null, "sections": [], "_report_type": "CollectReport"}
{"nodeid": "Caps/__init__.py", "outcome": "passed", "longrepr": null, "result": null, "sections": [], "_report_type": "CollectReport"}
{"nodeid": "Common/__init__.py", "outcome": "passed", "longrepr": null, "result": null, "sections": [], "_report_type": "CollectReport"}
{"nodeid": "PageObjects/__init__.py", "outcome": "passed", "longrepr": null, "result": null, "sections": [], "_report_type": "CollectReport"}
{"nodeid": "PaggeLocators/__init__.py", "outcome": "passed", "longrepr": null, "result": null, "sections": [], "_report_type": "CollectReport"}
{"nodeid": "TestCases/test_0_login.py::TestLogin", "outcome": "passed", "longrepr": null, "result": null, "sections": [], "_report_type": "CollectReport"}
{"nodeid": "TestCases/test_0_login.py::TestLogin", "outcome": "passed", "longrepr": null, "result": null, "sections": [], "_report_type": "CollectReport"}
{"nodeid": "TestCases/test_0_login.py", "outcome": "passed", "longrepr": null, "result": null, "sections": [], "_report_type": "CollectReport"}
{"nodeid": "TestCases/__init__.py", "outcome": "passed", "longrepr": null, "result": null, "sections": [], "_report_type": "CollectReport"}
{"nodeid": "TestDatas/__init__.py", "outcome": "passed", "longrepr": null, "result": null, "sections": [], "_report_type": "CollectReport"}
{"nodeid": "TestCases/test_0_login.py::TestLogin::test_prepare", "location": ["TestCases\\test_0_login.py", 13, "TestLogin.test_prepare"], "keywords": {"TestCases/__init__.py": 1, "usefixtures": 1, "test_0_login.py": 1, "test": 1, "TestLogin": 1, "()": 1, "pytestmark": 1, "AppFramework": 1, "test_prepare": 1}, "outcome": "passed", "longrepr": null, "when": "setup", "user_properties": [], "sections": [["Captured log setup", "\u001b[32mINFO    \u001b[0m root:conftest.py:65 xxxxxxx"]], "duration": 13.765782117843628, "_report_type": "TestReport"}
{"nodeid": "TestCases/test_0_login.py::TestLogin::test_prepare", "location": ["TestCases\\test_0_login.py", 13, "TestLogin.test_prepare"], "keywords": {"TestCases/__init__.py": 1, "usefixtures": 1, "test_0_login.py": 1, "test": 1, "TestLogin": 1, "()": 1, "pytestmark": 1, "AppFramework": 1, "test_prepare": 1}, "outcome": "passed", "longrepr": null, "when": "call", "user_properties": [], "sections": [["Captured log setup", "\u001b[32mINFO    \u001b[0m root:conftest.py:65 xxxxxxx"], ["Captured log call", "\u001b[32mINFO    \u001b[0m root:basepage.py:38 \u5143\u7d20('id', 'com.xxzb.fenwoo:id/btn_login')\u67e5\u627e\u6210\u529f\uff0c\u8017\u65f60.5304274559020996s\n\u001b[32mINFO    \u001b[0m root:test_0_login.py:19 app\u5df2\u767b\u5f55,\u6267\u884c\u6570\u636e\u6e05\u7a7a\u64cd\u4f5c!"]], "duration": 0.5323793888092041, "_report_type": "TestReport"}
{"nodeid": "TestCases/test_0_login.py::TestLogin::test_prepare", "location": ["TestCases\\test_0_login.py", 13, "TestLogin.test_prepare"], "keywords": {"TestCases/__init__.py": 1, "usefixtures": 1, "test_0_login.py": 1, "test": 1, "TestLogin": 1, "()": 1, "pytestmark": 1, "AppFramework": 1, "test_prepare": 1}, "outcome": "passed", "longrepr": null, "when": "teardown", "user_properties": [], "sections": [["Captured log setup", "\u001b[32mINFO    \u001b[0m root:conftest.py:65 xxxxxxx"], ["Captured log call", "\u001b[32mINFO    \u001b[0m root:basepage.py:38 \u5143\u7d20('id', 'com.xxzb.fenwoo:id/btn_login')\u67e5\u627e\u6210\u529f\uff0c\u8017\u65f60.5304274559020996s\n\u001b[32mINFO    \u001b[0m root:test_0_login.py:19 app\u5df2\u767b\u5f55,\u6267\u884c\u6570\u636e\u6e05\u7a7a\u64cd\u4f5c!"]], "duration": 1.0965330600738525, "_report_type": "TestReport"}
{"nodeid": "TestCases/test_0_login.py::TestLogin::test_login_tele_wrong[testdatas0]", "location": ["TestCases\\test_0_login.py", 23, "TestLogin.test_login_tele_wrong[testdatas0]"], "keywords": {"parametrize": 1, "TestCases/__init__.py": 1, "test_0_login.py": 1, "TestLogin": 1, "test_login_tele_wrong[testdatas0]": 1, "usefixtures": 1, "test": 1, "()": 1, "pytestmark": 1, "AppFramework": 1, "testdatas0": 1}, "outcome": "passed", "longrepr": null, "when": "setup", "user_properties": [], "sections": [], "duration": 47.181703329086304, "_report_type": "TestReport"}
{"nodeid": "TestCases/test_0_login.py::TestLogin::test_login_tele_wrong[testdatas0]", "location": ["TestCases\\test_0_login.py", 23, "TestLogin.test_login_tele_wrong[testdatas0]"], "keywords": {"parametrize": 1, "TestCases/__init__.py": 1, "test_0_login.py": 1, "TestLogin": 1, "test_login_tele_wrong[testdatas0]": 1, "usefixtures": 1, "test": 1, "()": 1, "pytestmark": 1, "AppFramework": 1, "testdatas0": 1}, "outcome": "failed", "longrepr": {"reprcrash": {"path": "D:\\python\\mystudy\\AppFramework\\TestCases\\test_0_login.py", "lineno": 38, "message": "NameError: name 'time' is not defined"}, "reprtraceback": {"reprentries": [{"type": "ReprEntry", "data": {"lines": ["    @pytest.mark.parametrize('testdatas',GetTestDatas().get_testdatas()['login_tele_wrong'])", "    @pytest.mark.usefixtures('init_keep')", "    def test_login_tele_wrong(self,init_keep,init_session,testdatas):", "        init_session.info('\u624b\u673a\u53f7\u8f93\u5165\u9519\u8bef\u7528\u4f8b')", "        name = '\u624b\u673a\u53f7\u8f93\u5165\u9519\u8bef'", "        BottomWidget(init_keep,init_session,name).switch_bottom_widget('\u6211')", "        LoginPage(init_keep,init_session,name).input_tele(testdatas['tele'])", "        try:", "            assert LoginPage(init_keep,init_session,name).get_popbox_text() == testdatas['msg']", "            init_session.info('Test Pass!')", "        except Exception as e:", "            init_session.info('Test Fail')", "            raise e", "        finally:", ">           time.sleep(2)", "E           NameError: name 'time' is not defined"], "reprfuncargs": {"args": [["self", "<AppFramework.TestCases.test_0_login.TestLogin object at 0x0000016E97768100>"], ["init_keep", "<appium.webdriver.webdriver.WebDriver (session=\"c20db90a-1cb6-4e94-855a-aeb7d299dfd2\")>"], ["init_session", "<module 'logging' from 'D:\\\\Program Files (x86)\\\\python\\\\lib\\\\logging\\\\__init__.py'>"], ["testdatas", "{'msg': '\u65e0\u6548\u7684\u624b\u673a\u53f7', 'tele': ' '}"]]}, "reprlocals": null, "reprfileloc": {"path": "TestCases\\test_0_login.py", "lineno": 38, "message": "NameError"}, "style": "long"}}], "extraline": null, "style": "long"}, "sections": [], "chain": [[{"reprentries": [{"type": "ReprEntry", "data": {"lines": ["    @pytest.mark.parametrize('testdatas',GetTestDatas().get_testdatas()['login_tele_wrong'])", "    @pytest.mark.usefixtures('init_keep')", "    def test_login_tele_wrong(self,init_keep,init_session,testdatas):", "        init_session.info('\u624b\u673a\u53f7\u8f93\u5165\u9519\u8bef\u7528\u4f8b')", "        name = '\u624b\u673a\u53f7\u8f93\u5165\u9519\u8bef'", "        BottomWidget(init_keep,init_session,name).switch_bottom_widget('\u6211')", "        LoginPage(init_keep,init_session,name).input_tele(testdatas['tele'])", "        try:", "            assert LoginPage(init_keep,init_session,name).get_popbox_text() == testdatas['msg']", "            init_session.info('Test Pass!')", "        except Exception as e:", "            init_session.info('Test Fail')", ">           raise e"], "reprfuncargs": {"args": [["self", "<AppFramework.TestCases.test_0_login.TestLogin object at 0x0000016E97768100>"], ["init_keep", "<appium.webdriver.webdriver.WebDriver (session=\"c20db90a-1cb6-4e94-855a-aeb7d299dfd2\")>"], ["init_session", "<module 'logging' from 'D:\\\\Program Files (x86)\\\\python\\\\lib\\\\logging\\\\__init__.py'>"], ["testdatas", "{'msg': '\u65e0\u6548\u7684\u624b\u673a\u53f7', 'tele': ' '}"]]}, "reprlocals": null, "reprfileloc": {"path": "TestCases\\test_0_login.py", "lineno": 36, "message": ""}, "style": "long"}}, {"type": "ReprEntry", "data": {"lines": ["    @pytest.mark.parametrize('testdatas',GetTestDatas().get_testdatas()['login_tele_wrong'])", "    @pytest.mark.usefixtures('init_keep')", "    def test_login_tele_wrong(self,init_keep,init_session,testdatas):", "        init_session.info('\u624b\u673a\u53f7\u8f93\u5165\u9519\u8bef\u7528\u4f8b')", "        name = '\u624b\u673a\u53f7\u8f93\u5165\u9519\u8bef'", "        BottomWidget(init_keep,init_session,name).switch_bottom_widget('\u6211')", "        LoginPage(init_keep,init_session,name).input_tele(testdatas['tele'])", "        try:", ">           assert LoginPage(init_keep,init_session,name).get_popbox_text() == testdatas['msg']"], "reprfuncargs": {"args": [["self", "<AppFramework.TestCases.test_0_login.TestLogin object at 0x0000016E97768100>"], ["init_keep", "<appium.webdriver.webdriver.WebDriver (session=\"c20db90a-1cb6-4e94-855a-aeb7d299dfd2\")>"], ["init_session", "<module 'logging' from 'D:\\\\Program Files (x86)\\\\python\\\\lib\\\\logging\\\\__init__.py'>"], ["testdatas", "{'msg': '\u65e0\u6548\u7684\u624b\u673a\u53f7', 'tele': ' '}"]]}, "reprlocals": null, "reprfileloc": {"path": "TestCases\\test_0_login.py", "lineno": 32, "message": ""}, "style": "long"}}, {"type": "ReprEntry", "data": {"lines": ["    def get_popbox_text(self):", ">       return self.get_ele_attr(loc.popbox_prompt_loc,'text')"], "reprfuncargs": {"args": [["self", "<PageObjects.loginpage.LoginPage object at 0x0000016E977E7AF0>"]]}, "reprlocals": null, "reprfileloc": {"path": "PageObjects\\loginpage.py", "lineno": 28, "message": ""}, "style": "long"}}, {"type": "ReprEntry", "data": {"lines": ["    def get_ele_attr(self,loc,name):", ">       ele = self.get_ele(loc)"], "reprfuncargs": {"args": [["self", "<PageObjects.loginpage.LoginPage object at 0x0000016E977E7AF0>"], ["loc", "('id', 'com.xxzb.fenwoo:id/tv_message')"], ["name", "'text'"]]}, "reprlocals": null, "reprfileloc": {"path": "Common\\basepage.py", "lineno": 88, "message": ""}, "style": "long"}}, {"type": "ReprEntry", "data": {"lines": ["    def get_ele(self,loc):", "        try:", "            ele = self.driver.find_element(*loc)", "            logging.info('\u5143\u7d20{}\u67e5\u627e\u6210\u529f\uff01'.format(loc))", "            return ele", "        except Exception as e:", "            self.imgs_screenshot()", "            logging.exception(\"\u5143\u7d20{0}\u67e5\u627e\u5931\u8d25\uff01\".format(loc))", ">           raise e"], "reprfuncargs": {"args": [["self", "<PageObjects.loginpage.LoginPage object at 0x0000016E977E7AF0>"], ["loc", "('id', 'com.xxzb.fenwoo:id/tv_message')"]]}, "reprlocals": null, "reprfileloc": {"path": "Common\\basepage.py", "lineno": 52, "message": ""}, "style": "long"}}, {"type": "ReprEntry", "data": {"lines": ["    def get_ele(self,loc):", "        try:", ">           ele = self.driver.find_element(*loc)"], "reprfuncargs": {"args": [["self", "<PageObjects.loginpage.LoginPage object at 0x0000016E977E7AF0>"], ["loc", "('id', 'com.xxzb.fenwoo:id/tv_message')"]]}, "reprlocals": null, "reprfileloc": {"path": "Common\\basepage.py", "lineno": 46, "message": ""}, "style": "long"}}, {"type": "ReprEntry", "data": {"lines": ["    def find_element(self, by=By.ID, value=None):", "        \"\"\"'Private' method used by the find_element_by_* methods.", "    ", "        Override for Appium", "    ", "        Usage:", "            Use the corresponding find_element_by_* instead of this.", "    ", "        Returns:", "            `appium.webdriver.webelement.WebElement`", "    ", "        :rtype: `MobileWebElement`", "        \"\"\"", "        # TODO: If we need, we should enable below converter for Web context", "        # if self.w3c:", "        #     if by == By.ID:", "        #         by = By.CSS_SELECTOR", "        #         value = '[id=\"%s\"]' % value", "        #     elif by == By.TAG_NAME:", "        #         by = By.CSS_SELECTOR", "        #     elif by == By.CLASS_NAME:", "        #         by = By.CSS_SELECTOR", "        #         value = \".%s\" % value", "        #     elif by == By.NAME:", "        #         by = By.CSS_SELECTOR", "        #         value = '[name=\"%s\"]' % value", "    ", ">       return self.execute(RemoteCommand.FIND_ELEMENT, {", "            'using': by,", "            'value': value})['value']"], "reprfuncargs": {"args": [["self", "<appium.webdriver.webdriver.WebDriver (session=\"c20db90a-1cb6-4e94-855a-aeb7d299dfd2\")>"], ["by", "'id'"], ["value", "'com.xxzb.fenwoo:id/tv_message'"]]}, "reprlocals": null, "reprfileloc": {"path": "D:\\Program Files (x86)\\python\\lib\\site-packages\\appium\\webdriver\\webdriver.py", "lineno": 282, "message": ""}, "style": "long"}}, {"type": "ReprEntry", "data": {"lines": ["    def execute(self, driver_command, params=None):", "        \"\"\"", "        Sends a command to be executed by a command.CommandExecutor.", "    ", "        :Args:", "         - driver_command: The name of the command to execute as a string.", "         - params: A dictionary of named parameters to send with the command.", "    ", "        :Returns:", "          The command's JSON response loaded into a dictionary object.", "        \"\"\"", "        if self.session_id is not None:", "            if not params:", "                params = {'sessionId': self.session_id}", "            elif 'sessionId' not in params:", "                params['sessionId'] = self.session_id", "    ", "        params = self._wrap_value(params)", "        response = self.command_executor.execute(driver_command, params)", "        if response:", ">           self.error_handler.check_response(response)"], "reprfuncargs": {"args": [["self", "<appium.webdriver.webdriver.WebDriver (session=\"c20db90a-1cb6-4e94-855a-aeb7d299dfd2\")>"], ["driver_command", "'findElement'"], ["params", "{'using': 'id', 'value': 'com.xxzb.fenwoo:id/tv_message'}"]]}, "reprlocals": null, "reprfileloc": {"path": "D:\\Program Files (x86)\\python\\lib\\site-packages\\selenium\\webdriver\\remote\\webdriver.py", "lineno": 321, "message": ""}, "style": "long"}}, {"type": "ReprEntry", "data": {"lines": ["    def check_response(self, response):", "        try:", "            super(MobileErrorHandler, self).check_response(response)", "        except WebDriverException as wde:", "            if wde.msg == 'No such context found.':", "                raise NoSuchContextException(wde.msg, wde.screen, wde.stacktrace)", "            else:", ">               raise wde"], "reprfuncargs": {"args": [["self", "<appium.webdriver.errorhandler.MobileErrorHandler object at 0x0000016E977E7DF0>"], ["response", "{'status': 404, 'value': '{\"value\":{\"error\":\"no such element\",\"message\":\"An element could not be located on the page u...ces\\\\\\\\app\\\\\\\\node_modules\\\\\\\\appium\\\\\\\\node_modules\\\\\\\\appium-android-driver\\\\\\\\lib\\\\\\\\commands\\\\\\\\find.js:75:11)\"}}'}"]]}, "reprlocals": null, "reprfileloc": {"path": "D:\\Program Files (x86)\\python\\lib\\site-packages\\appium\\webdriver\\errorhandler.py", "lineno": 29, "message": ""}, "style": "long"}}, {"type": "ReprEntry", "data": {"lines": ["    def check_response(self, response):", "        try:", ">           super(MobileErrorHandler, self).check_response(response)"], "reprfuncargs": {"args": [["self", "<appium.webdriver.errorhandler.MobileErrorHandler object at 0x0000016E977E7DF0>"], ["response", "{'status': 404, 'value': '{\"value\":{\"error\":\"no such element\",\"message\":\"An element could not be located on the page u...ces\\\\\\\\app\\\\\\\\node_modules\\\\\\\\appium\\\\\\\\node_modules\\\\\\\\appium-android-driver\\\\\\\\lib\\\\\\\\commands\\\\\\\\find.js:75:11)\"}}'}"]]}, "reprlocals": null, "reprfileloc": {"path": "D:\\Program Files (x86)\\python\\lib\\site-packages\\appium\\webdriver\\errorhandler.py", "lineno": 24, "message": ""}, "style": "long"}}, {"type": "ReprEntry", "data": {"lines": ["    def check_response(self, response):", "        \"\"\"", "        Checks that a JSON response from the WebDriver does not have an error.", "    ", "        :Args:", "         - response - The JSON response from the WebDriver server as a dictionary", "           object.", "    ", "        :Raises: If the response contains an error message.", "        \"\"\"", "        status = response.get('status', None)", "        if status is None or status == ErrorCode.SUCCESS:", "            return", "        value = None", "        message = response.get(\"message\", \"\")", "        screen = response.get(\"screen\", \"\")", "        stacktrace = None", "        if isinstance(status, int):", "            value_json = response.get('value', None)", "            if value_json and isinstance(value_json, basestring):", "                import json", "                try:", "                    value = json.loads(value_json)", "                    if len(value.keys()) == 1:", "                        value = value['value']", "                    status = value.get('error', None)", "                    if status is None:", "                        status = value[\"status\"]", "                        message = value[\"value\"]", "                        if not isinstance(message, basestring):", "                            value = message", "                            message = message.get('message')", "                    else:", "                        message = value.get('message', None)", "                except ValueError:", "                    pass", "    ", "        exception_class = ErrorInResponseException", "        if status in ErrorCode.NO_SUCH_ELEMENT:", "            exception_class = NoSuchElementException", "        elif status in ErrorCode.NO_SUCH_FRAME:", "            exception_class = NoSuchFrameException", "        elif status in ErrorCode.NO_SUCH_WINDOW:", "            exception_class = NoSuchWindowException", "        elif status in ErrorCode.STALE_ELEMENT_REFERENCE:", "            exception_class = StaleElementReferenceException", "        elif status in ErrorCode.ELEMENT_NOT_VISIBLE:", "            exception_class = ElementNotVisibleException", "        elif status in ErrorCode.INVALID_ELEMENT_STATE:", "            exception_class = InvalidElementStateException", "        elif status in ErrorCode.INVALID_SELECTOR \\", "                or status in ErrorCode.INVALID_XPATH_SELECTOR \\", "                or status in ErrorCode.INVALID_XPATH_SELECTOR_RETURN_TYPER:", "            exception_class = InvalidSelectorException", "        elif status in ErrorCode.ELEMENT_IS_NOT_SELECTABLE:", "            exception_class = ElementNotSelectableException", "        elif status in ErrorCode.ELEMENT_NOT_INTERACTABLE:", "            exception_class = ElementNotInteractableException", "        elif status in ErrorCode.INVALID_COOKIE_DOMAIN:", "            exception_class = InvalidCookieDomainException", "        elif status in ErrorCode.UNABLE_TO_SET_COOKIE:", "            exception_class = UnableToSetCookieException", "        elif status in ErrorCode.TIMEOUT:", "            exception_class = TimeoutException", "        elif status in ErrorCode.SCRIPT_TIMEOUT:", "            exception_class = TimeoutException", "        elif status in ErrorCode.UNKNOWN_ERROR:", "            exception_class = WebDriverException", "        elif status in ErrorCode.UNEXPECTED_ALERT_OPEN:", "            exception_class = UnexpectedAlertPresentException", "        elif status in ErrorCode.NO_ALERT_OPEN:", "            exception_class = NoAlertPresentException", "        elif status in ErrorCode.IME_NOT_AVAILABLE:", "            exception_class = ImeNotAvailableException", "        elif status in ErrorCode.IME_ENGINE_ACTIVATION_FAILED:", "            exception_class = ImeActivationFailedException", "        elif status in ErrorCode.MOVE_TARGET_OUT_OF_BOUNDS:", "            exception_class = MoveTargetOutOfBoundsException", "        elif status in ErrorCode.JAVASCRIPT_ERROR:", "            exception_class = JavascriptException", "        elif status in ErrorCode.SESSION_NOT_CREATED:", "            exception_class = SessionNotCreatedException", "        elif status in ErrorCode.INVALID_ARGUMENT:", "            exception_class = InvalidArgumentException", "        elif status in ErrorCode.NO_SUCH_COOKIE:", "            exception_class = NoSuchCookieException", "        elif status in ErrorCode.UNABLE_TO_CAPTURE_SCREEN:", "            exception_class = ScreenshotException", "        elif status in ErrorCode.ELEMENT_CLICK_INTERCEPTED:", "            exception_class = ElementClickInterceptedException", "        elif status in ErrorCode.INSECURE_CERTIFICATE:", "            exception_class = InsecureCertificateException", "        elif status in ErrorCode.INVALID_COORDINATES:", "            exception_class = InvalidCoordinatesException", "        elif status in ErrorCode.INVALID_SESSION_ID:", "            exception_class = InvalidSessionIdException", "        elif status in ErrorCode.UNKNOWN_METHOD:", "            exception_class = UnknownMethodException", "        else:", "            exception_class = WebDriverException", "        if value == '' or value is None:", "            value = response['value']", "        if isinstance(value, basestring):", "            if exception_class == ErrorInResponseException:", "                raise exception_class(response, value)", "            raise exception_class(value)", "        if message == \"\" and 'message' in value:", "            message = value['message']", "    ", "        screen = None", "        if 'screen' in value:", "            screen = value['screen']", "    ", "        stacktrace = None", "        if 'stackTrace' in value and value['stackTrace']:", "            stacktrace = []", "            try:", "                for frame in value['stackTrace']:", "                    line = self._value_or_default(frame, 'lineNumber', '')", "                    file = self._value_or_default(frame, 'fileName', '<anonymous>')", "                    if line:", "                        file = \"%s:%s\" % (file, line)", "                    meth = self._value_or_default(frame, 'methodName', '<anonymous>')", "                    if 'className' in frame:", "                        meth = \"%s.%s\" % (frame['className'], meth)", "                    msg = \"    at %s (%s)\"", "                    msg = msg % (meth, file)", "                    stacktrace.append(msg)", "            except TypeError:", "                pass", "        if exception_class == ErrorInResponseException:", "            raise exception_class(response, message)", "        elif exception_class == UnexpectedAlertPresentException:", "            alert_text = None", "            if 'data' in value:", "                alert_text = value['data'].get('text')", "            elif 'alert' in value:", "                alert_text = value['alert'].get('text')", "            raise exception_class(message, screen, stacktrace, alert_text)", ">       raise exception_class(message, screen, stacktrace)", "E       selenium.common.exceptions.NoSuchElementException: Message: An element could not be located on the page using the given search parameters."], "reprfuncargs": {"args": [["self", "<appium.webdriver.errorhandler.MobileErrorHandler object at 0x0000016E977E7DF0>"], ["response", "{'status': 404, 'value': '{\"value\":{\"error\":\"no such element\",\"message\":\"An element could not be located on the page u...ces\\\\\\\\app\\\\\\\\node_modules\\\\\\\\appium\\\\\\\\node_modules\\\\\\\\appium-android-driver\\\\\\\\lib\\\\\\\\commands\\\\\\\\find.js:75:11)\"}}'}"]]}, "reprlocals": null, "reprfileloc": {"path": "D:\\Program Files (x86)\\python\\lib\\site-packages\\selenium\\webdriver\\remote\\errorhandler.py", "lineno": 242, "message": "NoSuchElementException"}, "style": "long"}}], "extraline": null, "style": "long"}, {"path": "D:\\Program Files (x86)\\python\\lib\\site-packages\\selenium\\webdriver\\remote\\errorhandler.py", "lineno": 242, "message": "selenium.common.exceptions.NoSuchElementException: Message: An element could not be located on the page using the given search parameters."}, "During handling of the above exception, another exception occurred:"], [{"reprentries": [{"type": "ReprEntry", "data": {"lines": ["    @pytest.mark.parametrize('testdatas',GetTestDatas().get_testdatas()['login_tele_wrong'])", "    @pytest.mark.usefixtures('init_keep')", "    def test_login_tele_wrong(self,init_keep,init_session,testdatas):", "        init_session.info('\u624b\u673a\u53f7\u8f93\u5165\u9519\u8bef\u7528\u4f8b')", "        name = '\u624b\u673a\u53f7\u8f93\u5165\u9519\u8bef'", "        BottomWidget(init_keep,init_session,name).switch_bottom_widget('\u6211')", "        LoginPage(init_keep,init_session,name).input_tele(testdatas['tele'])", "        try:", "            assert LoginPage(init_keep,init_session,name).get_popbox_text() == testdatas['msg']", "            init_session.info('Test Pass!')", "        except Exception as e:", "            init_session.info('Test Fail')", "            raise e", "        finally:", ">           time.sleep(2)", "E           NameError: name 'time' is not defined"], "reprfuncargs": {"args": [["self", "<AppFramework.TestCases.test_0_login.TestLogin object at 0x0000016E97768100>"], ["init_keep", "<appium.webdriver.webdriver.WebDriver (session=\"c20db90a-1cb6-4e94-855a-aeb7d299dfd2\")>"], ["init_session", "<module 'logging' from 'D:\\\\Program Files (x86)\\\\python\\\\lib\\\\logging\\\\__init__.py'>"], ["testdatas", "{'msg': '\u65e0\u6548\u7684\u624b\u673a\u53f7', 'tele': ' '}"]]}, "reprlocals": null, "reprfileloc": {"path": "TestCases\\test_0_login.py", "lineno": 38, "message": "NameError"}, "style": "long"}}], "extraline": null, "style": "long"}, {"path": "D:\\python\\mystudy\\AppFramework\\TestCases\\test_0_login.py", "lineno": 38, "message": "NameError: name 'time' is not defined"}, null]]}, "when": "call", "user_properties": [], "sections": [["Captured log call", "\u001b[32mINFO    \u001b[0m root:test_0_login.py:27 \u624b\u673a\u53f7\u8f93\u5165\u9519\u8bef\u7528\u4f8b\n\u001b[32mINFO    \u001b[0m root:bottom_widget.py:15 \u5207\u6362\u5230\u9875\u9762\u6211\n\u001b[32mINFO    \u001b[0m root:basepage.py:38 \u5143\u7d20('-android uiautomator', 'new UiSelector().text(\"\u6211\")')\u67e5\u627e\u6210\u529f\uff0c\u8017\u65f60.5640618801116943s\n\u001b[32mINFO    \u001b[0m root:basepage.py:47 \u5143\u7d20('-android uiautomator', 'new UiSelector().text(\"\u6211\")')\u67e5\u627e\u6210\u529f\uff01\n\u001b[32mINFO    \u001b[0m root:basepage.py:80 \u5143\u7d20('-android uiautomator', 'new UiSelector().text(\"\u6211\")')\u6210\u529f\u70b9\u51fb!\n\u001b[32mINFO    \u001b[0m root:basepage.py:38 \u5143\u7d20('id', 'com.xxzb.fenwoo:id/et_phone')\u67e5\u627e\u6210\u529f\uff0c\u8017\u65f60.9721312522888184s\n\u001b[32mINFO    \u001b[0m root:basepage.py:47 \u5143\u7d20('id', 'com.xxzb.fenwoo:id/et_phone')\u67e5\u627e\u6210\u529f\uff01\n\u001b[32mINFO    \u001b[0m root:basepage.py:59 \u5143\u7d20('id', 'com.xxzb.fenwoo:id/et_phone')\u6210\u529f\u8f93\u5165 \n\u001b[32mINFO    \u001b[0m root:basepage.py:47 \u5143\u7d20('id', 'com.xxzb.fenwoo:id/btn_next_step')\u67e5\u627e\u6210\u529f\uff01\n\u001b[32mINFO    \u001b[0m root:basepage.py:80 \u5143\u7d20('id', 'com.xxzb.fenwoo:id/btn_next_step')\u6210\u529f\u70b9\u51fb!\n\u001b[32mINFO    \u001b[0m root:basepage.py:105 \u622a\u56fe\u6210\u529f\uff0c\u6587\u4ef6\u4e3aD:\\python\\mystudy\\AppFramework\\Outputs\\Screen_Shots\\\u624b\u673a\u53f7\u8f93\u5165\u9519\u8bef-2020-03-04-13-28-45.png\n\u001b[1m\u001b[31mERROR   \u001b[0m root:basepage.py:51 \u5143\u7d20('id', 'com.xxzb.fenwoo:id/tv_message')\u67e5\u627e\u5931\u8d25\uff01\nTraceback (most recent call last):\n  File \"d:\\python\\mystudy\\AppFramework\\Common\\basepage.py\", line 46, in get_ele\n    ele = self.driver.find_element(*loc)\n  File \"D:\\Program Files (x86)\\python\\lib\\site-packages\\appium\\webdriver\\webdriver.py\", line 282, in find_element\n    return self.execute(RemoteCommand.FIND_ELEMENT, {\n  File \"D:\\Program Files (x86)\\python\\lib\\site-packages\\selenium\\webdriver\\remote\\webdriver.py\", line 321, in execute\n    self.error_handler.check_response(response)\n  File \"D:\\Program Files (x86)\\python\\lib\\site-packages\\appium\\webdriver\\errorhandler.py\", line 29, in check_response\n    raise wde\n  File \"D:\\Program Files (x86)\\python\\lib\\site-packages\\appium\\webdriver\\errorhandler.py\", line 24, in check_response\n    super(MobileErrorHandler, self).check_response(response)\n  File \"D:\\Program Files (x86)\\python\\lib\\site-packages\\selenium\\webdriver\\remote\\errorhandler.py\", line 242, in check_response\n    raise exception_class(message, screen, stacktrace)\nselenium.common.exceptions.NoSuchElementException: Message: An element could not be located on the page using the given search parameters.\n\n\u001b[32mINFO    \u001b[0m root:test_0_login.py:35 Test Fail"]], "duration": 5.386412620544434, "_report_type": "TestReport"}
{"nodeid": "TestCases/test_0_login.py::TestLogin::test_login_tele_wrong[testdatas0]", "location": ["TestCases\\test_0_login.py", 23, "TestLogin.test_login_tele_wrong[testdatas0]"], "keywords": {"parametrize": 1, "TestCases/__init__.py": 1, "test_0_login.py": 1, "TestLogin": 1, "test_login_tele_wrong[testdatas0]": 1, "usefixtures": 1, "test": 1, "()": 1, "pytestmark": 1, "AppFramework": 1, "testdatas0": 1}, "outcome": "passed", "longrepr": null, "when": "teardown", "user_properties": [], "sections": [["Captured log call", "\u001b[32mINFO    \u001b[0m root:test_0_login.py:27 \u624b\u673a\u53f7\u8f93\u5165\u9519\u8bef\u7528\u4f8b\n\u001b[32mINFO    \u001b[0m root:bottom_widget.py:15 \u5207\u6362\u5230\u9875\u9762\u6211\n\u001b[32mINFO    \u001b[0m root:basepage.py:38 \u5143\u7d20('-android uiautomator', 'new UiSelector().text(\"\u6211\")')\u67e5\u627e\u6210\u529f\uff0c\u8017\u65f60.5640618801116943s\n\u001b[32mINFO    \u001b[0m root:basepage.py:47 \u5143\u7d20('-android uiautomator', 'new UiSelector().text(\"\u6211\")')\u67e5\u627e\u6210\u529f\uff01\n\u001b[32mINFO    \u001b[0m root:basepage.py:80 \u5143\u7d20('-android uiautomator', 'new UiSelector().text(\"\u6211\")')\u6210\u529f\u70b9\u51fb!\n\u001b[32mINFO    \u001b[0m root:basepage.py:38 \u5143\u7d20('id', 'com.xxzb.fenwoo:id/et_phone')\u67e5\u627e\u6210\u529f\uff0c\u8017\u65f60.9721312522888184s\n\u001b[32mINFO    \u001b[0m root:basepage.py:47 \u5143\u7d20('id', 'com.xxzb.fenwoo:id/et_phone')\u67e5\u627e\u6210\u529f\uff01\n\u001b[32mINFO    \u001b[0m root:basepage.py:59 \u5143\u7d20('id', 'com.xxzb.fenwoo:id/et_phone')\u6210\u529f\u8f93\u5165 \n\u001b[32mINFO    \u001b[0m root:basepage.py:47 \u5143\u7d20('id', 'com.xxzb.fenwoo:id/btn_next_step')\u67e5\u627e\u6210\u529f\uff01\n\u001b[32mINFO    \u001b[0m root:basepage.py:80 \u5143\u7d20('id', 'com.xxzb.fenwoo:id/btn_next_step')\u6210\u529f\u70b9\u51fb!\n\u001b[32mINFO    \u001b[0m root:basepage.py:105 \u622a\u56fe\u6210\u529f\uff0c\u6587\u4ef6\u4e3aD:\\python\\mystudy\\AppFramework\\Outputs\\Screen_Shots\\\u624b\u673a\u53f7\u8f93\u5165\u9519\u8bef-2020-03-04-13-28-45.png\n\u001b[1m\u001b[31mERROR   \u001b[0m root:basepage.py:51 \u5143\u7d20('id', 'com.xxzb.fenwoo:id/tv_message')\u67e5\u627e\u5931\u8d25\uff01\nTraceback (most recent call last):\n  File \"d:\\python\\mystudy\\AppFramework\\Common\\basepage.py\", line 46, in get_ele\n    ele = self.driver.find_element(*loc)\n  File \"D:\\Program Files (x86)\\python\\lib\\site-packages\\appium\\webdriver\\webdriver.py\", line 282, in find_element\n    return self.execute(RemoteCommand.FIND_ELEMENT, {\n  File \"D:\\Program Files (x86)\\python\\lib\\site-packages\\selenium\\webdriver\\remote\\webdriver.py\", line 321, in execute\n    self.error_handler.check_response(response)\n  File \"D:\\Program Files (x86)\\python\\lib\\site-packages\\appium\\webdriver\\errorhandler.py\", line 29, in check_response\n    raise wde\n  File \"D:\\Program Files (x86)\\python\\lib\\site-packages\\appium\\webdriver\\errorhandler.py\", line 24, in check_response\n    super(MobileErrorHandler, self).check_response(response)\n  File \"D:\\Program Files (x86)\\python\\lib\\site-packages\\selenium\\webdriver\\remote\\errorhandler.py\", line 242, in check_response\n    raise exception_class(message, screen, stacktrace)\nselenium.common.exceptions.NoSuchElementException: Message: An element could not be located on the page using the given search parameters.\n\n\u001b[32mINFO    \u001b[0m root:test_0_login.py:35 Test Fail"]], "duration": 1.3127963542938232, "_report_type": "TestReport"}
{"nodeid": "TestCases/test_0_login.py::TestLogin::test_login_tele_wrong[testdatas1]", "location": ["TestCases\\test_0_login.py", 23, "TestLogin.test_login_tele_wrong[testdatas1]"], "keywords": {"parametrize": 1, "TestCases/__init__.py": 1, "test_0_login.py": 1, "TestLogin": 1, "testdatas1": 1, "usefixtures": 1, "test": 1, "()": 1, "test_login_tele_wrong[testdatas1]": 1, "pytestmark": 1, "AppFramework": 1}, "outcome": "passed", "longrepr": null, "when": "setup", "user_properties": [], "sections": [], "duration": 48.119062662124634, "_report_type": "TestReport"}
{"nodeid": "TestCases/test_0_login.py::TestLogin::test_login_tele_wrong[testdatas1]", "location": ["TestCases\\test_0_login.py", 23, "TestLogin.test_login_tele_wrong[testdatas1]"], "keywords": {"parametrize": 1, "TestCases/__init__.py": 1, "test_0_login.py": 1, "TestLogin": 1, "testdatas1": 1, "usefixtures": 1, "test": 1, "()": 1, "test_login_tele_wrong[testdatas1]": 1, "pytestmark": 1, "AppFramework": 1}, "outcome": "failed", "longrepr": {"reprcrash": {"path": "D:\\python\\mystudy\\AppFramework\\TestCases\\test_0_login.py", "lineno": 38, "message": "NameError: name 'time' is not defined"}, "reprtraceback": {"reprentries": [{"type": "ReprEntry", "data": {"lines": ["    @pytest.mark.parametrize('testdatas',GetTestDatas().get_testdatas()['login_tele_wrong'])", "    @pytest.mark.usefixtures('init_keep')", "    def test_login_tele_wrong(self,init_keep,init_session,testdatas):", "        init_session.info('\u624b\u673a\u53f7\u8f93\u5165\u9519\u8bef\u7528\u4f8b')", "        name = '\u624b\u673a\u53f7\u8f93\u5165\u9519\u8bef'", "        BottomWidget(init_keep,init_session,name).switch_bottom_widget('\u6211')", "        LoginPage(init_keep,init_session,name).input_tele(testdatas['tele'])", "        try:", "            assert LoginPage(init_keep,init_session,name).get_popbox_text() == testdatas['msg']", "            init_session.info('Test Pass!')", "        except Exception as e:", "            init_session.info('Test Fail')", "            raise e", "        finally:", ">           time.sleep(2)", "E           NameError: name 'time' is not defined"], "reprfuncargs": {"args": [["self", "<AppFramework.TestCases.test_0_login.TestLogin object at 0x0000016E977A70D0>"], ["init_keep", "<appium.webdriver.webdriver.WebDriver (session=\"522b94db-15be-4ca1-a00e-f67070ed7492\")>"], ["init_session", "<module 'logging' from 'D:\\\\Program Files (x86)\\\\python\\\\lib\\\\logging\\\\__init__.py'>"], ["testdatas", "{'msg': '\u65e0\u6548\u7684\u624b\u673a\u53f7', 'tele': 15264}"]]}, "reprlocals": null, "reprfileloc": {"path": "TestCases\\test_0_login.py", "lineno": 38, "message": "NameError"}, "style": "long"}}], "extraline": null, "style": "long"}, "sections": [], "chain": [[{"reprentries": [{"type": "ReprEntry", "data": {"lines": ["    @pytest.mark.parametrize('testdatas',GetTestDatas().get_testdatas()['login_tele_wrong'])", "    @pytest.mark.usefixtures('init_keep')", "    def test_login_tele_wrong(self,init_keep,init_session,testdatas):", "        init_session.info('\u624b\u673a\u53f7\u8f93\u5165\u9519\u8bef\u7528\u4f8b')", "        name = '\u624b\u673a\u53f7\u8f93\u5165\u9519\u8bef'", "        BottomWidget(init_keep,init_session,name).switch_bottom_widget('\u6211')", "        LoginPage(init_keep,init_session,name).input_tele(testdatas['tele'])", "        try:", "            assert LoginPage(init_keep,init_session,name).get_popbox_text() == testdatas['msg']", "            init_session.info('Test Pass!')", "        except Exception as e:", "            init_session.info('Test Fail')", ">           raise e"], "reprfuncargs": {"args": [["self", "<AppFramework.TestCases.test_0_login.TestLogin object at 0x0000016E977A70D0>"], ["init_keep", "<appium.webdriver.webdriver.WebDriver (session=\"522b94db-15be-4ca1-a00e-f67070ed7492\")>"], ["init_session", "<module 'logging' from 'D:\\\\Program Files (x86)\\\\python\\\\lib\\\\logging\\\\__init__.py'>"], ["testdatas", "{'msg': '\u65e0\u6548\u7684\u624b\u673a\u53f7', 'tele': 15264}"]]}, "reprlocals": null, "reprfileloc": {"path": "TestCases\\test_0_login.py", "lineno": 36, "message": ""}, "style": "long"}}, {"type": "ReprEntry", "data": {"lines": ["    @pytest.mark.parametrize('testdatas',GetTestDatas().get_testdatas()['login_tele_wrong'])", "    @pytest.mark.usefixtures('init_keep')", "    def test_login_tele_wrong(self,init_keep,init_session,testdatas):", "        init_session.info('\u624b\u673a\u53f7\u8f93\u5165\u9519\u8bef\u7528\u4f8b')", "        name = '\u624b\u673a\u53f7\u8f93\u5165\u9519\u8bef'", "        BottomWidget(init_keep,init_session,name).switch_bottom_widget('\u6211')", "        LoginPage(init_keep,init_session,name).input_tele(testdatas['tele'])", "        try:", ">           assert LoginPage(init_keep,init_session,name).get_popbox_text() == testdatas['msg']"], "reprfuncargs": {"args": [["self", "<AppFramework.TestCases.test_0_login.TestLogin object at 0x0000016E977A70D0>"], ["init_keep", "<appium.webdriver.webdriver.WebDriver (session=\"522b94db-15be-4ca1-a00e-f67070ed7492\")>"], ["init_session", "<module 'logging' from 'D:\\\\Program Files (x86)\\\\python\\\\lib\\\\logging\\\\__init__.py'>"], ["testdatas", "{'msg': '\u65e0\u6548\u7684\u624b\u673a\u53f7', 'tele': 15264}"]]}, "reprlocals": null, "reprfileloc": {"path": "TestCases\\test_0_login.py", "lineno": 32, "message": ""}, "style": "long"}}, {"type": "ReprEntry", "data": {"lines": ["    def get_popbox_text(self):", ">       return self.get_ele_attr(loc.popbox_prompt_loc,'text')"], "reprfuncargs": {"args": [["self", "<PageObjects.loginpage.LoginPage object at 0x0000016E980F4670>"]]}, "reprlocals": null, "reprfileloc": {"path": "PageObjects\\loginpage.py", "lineno": 28, "message": ""}, "style": "long"}}, {"type": "ReprEntry", "data": {"lines": ["    def get_ele_attr(self,loc,name):", ">       ele = self.get_ele(loc)"], "reprfuncargs": {"args": [["self", "<PageObjects.loginpage.LoginPage object at 0x0000016E980F4670>"], ["loc", "('id', 'com.xxzb.fenwoo:id/tv_message')"], ["name", "'text'"]]}, "reprlocals": null, "reprfileloc": {"path": "Common\\basepage.py", "lineno": 88, "message": ""}, "style": "long"}}, {"type": "ReprEntry", "data": {"lines": ["    def get_ele(self,loc):", "        try:", "            ele = self.driver.find_element(*loc)", "            logging.info('\u5143\u7d20{}\u67e5\u627e\u6210\u529f\uff01'.format(loc))", "            return ele", "        except Exception as e:", "            self.imgs_screenshot()", "            logging.exception(\"\u5143\u7d20{0}\u67e5\u627e\u5931\u8d25\uff01\".format(loc))", ">           raise e"], "reprfuncargs": {"args": [["self", "<PageObjects.loginpage.LoginPage object at 0x0000016E980F4670>"], ["loc", "('id', 'com.xxzb.fenwoo:id/tv_message')"]]}, "reprlocals": null, "reprfileloc": {"path": "Common\\basepage.py", "lineno": 52, "message": ""}, "style": "long"}}, {"type": "ReprEntry", "data": {"lines": ["    def get_ele(self,loc):", "        try:", ">           ele = self.driver.find_element(*loc)"], "reprfuncargs": {"args": [["self", "<PageObjects.loginpage.LoginPage object at 0x0000016E980F4670>"], ["loc", "('id', 'com.xxzb.fenwoo:id/tv_message')"]]}, "reprlocals": null, "reprfileloc": {"path": "Common\\basepage.py", "lineno": 46, "message": ""}, "style": "long"}}, {"type": "ReprEntry", "data": {"lines": ["    def find_element(self, by=By.ID, value=None):", "        \"\"\"'Private' method used by the find_element_by_* methods.", "    ", "        Override for Appium", "    ", "        Usage:", "            Use the corresponding find_element_by_* instead of this.", "    ", "        Returns:", "            `appium.webdriver.webelement.WebElement`", "    ", "        :rtype: `MobileWebElement`", "        \"\"\"", "        # TODO: If we need, we should enable below converter for Web context", "        # if self.w3c:", "        #     if by == By.ID:", "        #         by = By.CSS_SELECTOR", "        #         value = '[id=\"%s\"]' % value", "        #     elif by == By.TAG_NAME:", "        #         by = By.CSS_SELECTOR", "        #     elif by == By.CLASS_NAME:", "        #         by = By.CSS_SELECTOR", "        #         value = \".%s\" % value", "        #     elif by == By.NAME:", "        #         by = By.CSS_SELECTOR", "        #         value = '[name=\"%s\"]' % value", "    ", ">       return self.execute(RemoteCommand.FIND_ELEMENT, {", "            'using': by,", "            'value': value})['value']"], "reprfuncargs": {"args": [["self", "<appium.webdriver.webdriver.WebDriver (session=\"522b94db-15be-4ca1-a00e-f67070ed7492\")>"], ["by", "'id'"], ["value", "'com.xxzb.fenwoo:id/tv_message'"]]}, "reprlocals": null, "reprfileloc": {"path": "D:\\Program Files (x86)\\python\\lib\\site-packages\\appium\\webdriver\\webdriver.py", "lineno": 282, "message": ""}, "style": "long"}}, {"type": "ReprEntry", "data": {"lines": ["    def execute(self, driver_command, params=None):", "        \"\"\"", "        Sends a command to be executed by a command.CommandExecutor.", "    ", "        :Args:", "         - driver_command: The name of the command to execute as a string.", "         - params: A dictionary of named parameters to send with the command.", "    ", "        :Returns:", "          The command's JSON response loaded into a dictionary object.", "        \"\"\"", "        if self.session_id is not None:", "            if not params:", "                params = {'sessionId': self.session_id}", "            elif 'sessionId' not in params:", "                params['sessionId'] = self.session_id", "    ", "        params = self._wrap_value(params)", "        response = self.command_executor.execute(driver_command, params)", "        if response:", ">           self.error_handler.check_response(response)"], "reprfuncargs": {"args": [["self", "<appium.webdriver.webdriver.WebDriver (session=\"522b94db-15be-4ca1-a00e-f67070ed7492\")>"], ["driver_command", "'findElement'"], ["params", "{'using': 'id', 'value': 'com.xxzb.fenwoo:id/tv_message'}"]]}, "reprlocals": null, "reprfileloc": {"path": "D:\\Program Files (x86)\\python\\lib\\site-packages\\selenium\\webdriver\\remote\\webdriver.py", "lineno": 321, "message": ""}, "style": "long"}}, {"type": "ReprEntry", "data": {"lines": ["    def check_response(self, response):", "        try:", "            super(MobileErrorHandler, self).check_response(response)", "        except WebDriverException as wde:", "            if wde.msg == 'No such context found.':", "                raise NoSuchContextException(wde.msg, wde.screen, wde.stacktrace)", "            else:", ">               raise wde"], "reprfuncargs": {"args": [["self", "<appium.webdriver.errorhandler.MobileErrorHandler object at 0x0000016E980F4C40>"], ["response", "{'status': 404, 'value': '{\"value\":{\"error\":\"no such element\",\"message\":\"An element could not be located on the page u...ces\\\\\\\\app\\\\\\\\node_modules\\\\\\\\appium\\\\\\\\node_modules\\\\\\\\appium-android-driver\\\\\\\\lib\\\\\\\\commands\\\\\\\\find.js:75:11)\"}}'}"]]}, "reprlocals": null, "reprfileloc": {"path": "D:\\Program Files (x86)\\python\\lib\\site-packages\\appium\\webdriver\\errorhandler.py", "lineno": 29, "message": ""}, "style": "long"}}, {"type": "ReprEntry", "data": {"lines": ["    def check_response(self, response):", "        try:", ">           super(MobileErrorHandler, self).check_response(response)"], "reprfuncargs": {"args": [["self", "<appium.webdriver.errorhandler.MobileErrorHandler object at 0x0000016E980F4C40>"], ["response", "{'status': 404, 'value': '{\"value\":{\"error\":\"no such element\",\"message\":\"An element could not be located on the page u...ces\\\\\\\\app\\\\\\\\node_modules\\\\\\\\appium\\\\\\\\node_modules\\\\\\\\appium-android-driver\\\\\\\\lib\\\\\\\\commands\\\\\\\\find.js:75:11)\"}}'}"]]}, "reprlocals": null, "reprfileloc": {"path": "D:\\Program Files (x86)\\python\\lib\\site-packages\\appium\\webdriver\\errorhandler.py", "lineno": 24, "message": ""}, "style": "long"}}, {"type": "ReprEntry", "data": {"lines": ["    def check_response(self, response):", "        \"\"\"", "        Checks that a JSON response from the WebDriver does not have an error.", "    ", "        :Args:", "         - response - The JSON response from the WebDriver server as a dictionary", "           object.", "    ", "        :Raises: If the response contains an error message.", "        \"\"\"", "        status = response.get('status', None)", "        if status is None or status == ErrorCode.SUCCESS:", "            return", "        value = None", "        message = response.get(\"message\", \"\")", "        screen = response.get(\"screen\", \"\")", "        stacktrace = None", "        if isinstance(status, int):", "            value_json = response.get('value', None)", "            if value_json and isinstance(value_json, basestring):", "                import json", "                try:", "                    value = json.loads(value_json)", "                    if len(value.keys()) == 1:", "                        value = value['value']", "                    status = value.get('error', None)", "                    if status is None:", "                        status = value[\"status\"]", "                        message = value[\"value\"]", "                        if not isinstance(message, basestring):", "                            value = message", "                            message = message.get('message')", "                    else:", "                        message = value.get('message', None)", "                except ValueError:", "                    pass", "    ", "        exception_class = ErrorInResponseException", "        if status in ErrorCode.NO_SUCH_ELEMENT:", "            exception_class = NoSuchElementException", "        elif status in ErrorCode.NO_SUCH_FRAME:", "            exception_class = NoSuchFrameException", "        elif status in ErrorCode.NO_SUCH_WINDOW:", "            exception_class = NoSuchWindowException", "        elif status in ErrorCode.STALE_ELEMENT_REFERENCE:", "            exception_class = StaleElementReferenceException", "        elif status in ErrorCode.ELEMENT_NOT_VISIBLE:", "            exception_class = ElementNotVisibleException", "        elif status in ErrorCode.INVALID_ELEMENT_STATE:", "            exception_class = InvalidElementStateException", "        elif status in ErrorCode.INVALID_SELECTOR \\", "                or status in ErrorCode.INVALID_XPATH_SELECTOR \\", "                or status in ErrorCode.INVALID_XPATH_SELECTOR_RETURN_TYPER:", "            exception_class = InvalidSelectorException", "        elif status in ErrorCode.ELEMENT_IS_NOT_SELECTABLE:", "            exception_class = ElementNotSelectableException", "        elif status in ErrorCode.ELEMENT_NOT_INTERACTABLE:", "            exception_class = ElementNotInteractableException", "        elif status in ErrorCode.INVALID_COOKIE_DOMAIN:", "            exception_class = InvalidCookieDomainException", "        elif status in ErrorCode.UNABLE_TO_SET_COOKIE:", "            exception_class = UnableToSetCookieException", "        elif status in ErrorCode.TIMEOUT:", "            exception_class = TimeoutException", "        elif status in ErrorCode.SCRIPT_TIMEOUT:", "            exception_class = TimeoutException", "        elif status in ErrorCode.UNKNOWN_ERROR:", "            exception_class = WebDriverException", "        elif status in ErrorCode.UNEXPECTED_ALERT_OPEN:", "            exception_class = UnexpectedAlertPresentException", "        elif status in ErrorCode.NO_ALERT_OPEN:", "            exception_class = NoAlertPresentException", "        elif status in ErrorCode.IME_NOT_AVAILABLE:", "            exception_class = ImeNotAvailableException", "        elif status in ErrorCode.IME_ENGINE_ACTIVATION_FAILED:", "            exception_class = ImeActivationFailedException", "        elif status in ErrorCode.MOVE_TARGET_OUT_OF_BOUNDS:", "            exception_class = MoveTargetOutOfBoundsException", "        elif status in ErrorCode.JAVASCRIPT_ERROR:", "            exception_class = JavascriptException", "        elif status in ErrorCode.SESSION_NOT_CREATED:", "            exception_class = SessionNotCreatedException", "        elif status in ErrorCode.INVALID_ARGUMENT:", "            exception_class = InvalidArgumentException", "        elif status in ErrorCode.NO_SUCH_COOKIE:", "            exception_class = NoSuchCookieException", "        elif status in ErrorCode.UNABLE_TO_CAPTURE_SCREEN:", "            exception_class = ScreenshotException", "        elif status in ErrorCode.ELEMENT_CLICK_INTERCEPTED:", "            exception_class = ElementClickInterceptedException", "        elif status in ErrorCode.INSECURE_CERTIFICATE:", "            exception_class = InsecureCertificateException", "        elif status in ErrorCode.INVALID_COORDINATES:", "            exception_class = InvalidCoordinatesException", "        elif status in ErrorCode.INVALID_SESSION_ID:", "            exception_class = InvalidSessionIdException", "        elif status in ErrorCode.UNKNOWN_METHOD:", "            exception_class = UnknownMethodException", "        else:", "            exception_class = WebDriverException", "        if value == '' or value is None:", "            value = response['value']", "        if isinstance(value, basestring):", "            if exception_class == ErrorInResponseException:", "                raise exception_class(response, value)", "            raise exception_class(value)", "        if message == \"\" and 'message' in value:", "            message = value['message']", "    ", "        screen = None", "        if 'screen' in value:", "            screen = value['screen']", "    ", "        stacktrace = None", "        if 'stackTrace' in value and value['stackTrace']:", "            stacktrace = []", "            try:", "                for frame in value['stackTrace']:", "                    line = self._value_or_default(frame, 'lineNumber', '')", "                    file = self._value_or_default(frame, 'fileName', '<anonymous>')", "                    if line:", "                        file = \"%s:%s\" % (file, line)", "                    meth = self._value_or_default(frame, 'methodName', '<anonymous>')", "                    if 'className' in frame:", "                        meth = \"%s.%s\" % (frame['className'], meth)", "                    msg = \"    at %s (%s)\"", "                    msg = msg % (meth, file)", "                    stacktrace.append(msg)", "            except TypeError:", "                pass", "        if exception_class == ErrorInResponseException:", "            raise exception_class(response, message)", "        elif exception_class == UnexpectedAlertPresentException:", "            alert_text = None", "            if 'data' in value:", "                alert_text = value['data'].get('text')", "            elif 'alert' in value:", "                alert_text = value['alert'].get('text')", "            raise exception_class(message, screen, stacktrace, alert_text)", ">       raise exception_class(message, screen, stacktrace)", "E       selenium.common.exceptions.NoSuchElementException: Message: An element could not be located on the page using the given search parameters."], "reprfuncargs": {"args": [["self", "<appium.webdriver.errorhandler.MobileErrorHandler object at 0x0000016E980F4C40>"], ["response", "{'status': 404, 'value': '{\"value\":{\"error\":\"no such element\",\"message\":\"An element could not be located on the page u...ces\\\\\\\\app\\\\\\\\node_modules\\\\\\\\appium\\\\\\\\node_modules\\\\\\\\appium-android-driver\\\\\\\\lib\\\\\\\\commands\\\\\\\\find.js:75:11)\"}}'}"]]}, "reprlocals": null, "reprfileloc": {"path": "D:\\Program Files (x86)\\python\\lib\\site-packages\\selenium\\webdriver\\remote\\errorhandler.py", "lineno": 242, "message": "NoSuchElementException"}, "style": "long"}}], "extraline": null, "style": "long"}, {"path": "D:\\Program Files (x86)\\python\\lib\\site-packages\\selenium\\webdriver\\remote\\errorhandler.py", "lineno": 242, "message": "selenium.common.exceptions.NoSuchElementException: Message: An element could not be located on the page using the given search parameters."}, "During handling of the above exception, another exception occurred:"], [{"reprentries": [{"type": "ReprEntry", "data": {"lines": ["    @pytest.mark.parametrize('testdatas',GetTestDatas().get_testdatas()['login_tele_wrong'])", "    @pytest.mark.usefixtures('init_keep')", "    def test_login_tele_wrong(self,init_keep,init_session,testdatas):", "        init_session.info('\u624b\u673a\u53f7\u8f93\u5165\u9519\u8bef\u7528\u4f8b')", "        name = '\u624b\u673a\u53f7\u8f93\u5165\u9519\u8bef'", "        BottomWidget(init_keep,init_session,name).switch_bottom_widget('\u6211')", "        LoginPage(init_keep,init_session,name).input_tele(testdatas['tele'])", "        try:", "            assert LoginPage(init_keep,init_session,name).get_popbox_text() == testdatas['msg']", "            init_session.info('Test Pass!')", "        except Exception as e:", "            init_session.info('Test Fail')", "            raise e", "        finally:", ">           time.sleep(2)", "E           NameError: name 'time' is not defined"], "reprfuncargs": {"args": [["self", "<AppFramework.TestCases.test_0_login.TestLogin object at 0x0000016E977A70D0>"], ["init_keep", "<appium.webdriver.webdriver.WebDriver (session=\"522b94db-15be-4ca1-a00e-f67070ed7492\")>"], ["init_session", "<module 'logging' from 'D:\\\\Program Files (x86)\\\\python\\\\lib\\\\logging\\\\__init__.py'>"], ["testdatas", "{'msg': '\u65e0\u6548\u7684\u624b\u673a\u53f7', 'tele': 15264}"]]}, "reprlocals": null, "reprfileloc": {"path": "TestCases\\test_0_login.py", "lineno": 38, "message": "NameError"}, "style": "long"}}], "extraline": null, "style": "long"}, {"path": "D:\\python\\mystudy\\AppFramework\\TestCases\\test_0_login.py", "lineno": 38, "message": "NameError: name 'time' is not defined"}, null]]}, "when": "call", "user_properties": [], "sections": [["Captured log call", "\u001b[32mINFO    \u001b[0m root:test_0_login.py:27 \u624b\u673a\u53f7\u8f93\u5165\u9519\u8bef\u7528\u4f8b\n\u001b[32mINFO    \u001b[0m root:bottom_widget.py:15 \u5207\u6362\u5230\u9875\u9762\u6211\n\u001b[32mINFO    \u001b[0m root:basepage.py:38 \u5143\u7d20('-android uiautomator', 'new UiSelector().text(\"\u6211\")')\u67e5\u627e\u6210\u529f\uff0c\u8017\u65f60.5643606185913086s\n\u001b[32mINFO    \u001b[0m root:basepage.py:47 \u5143\u7d20('-android uiautomator', 'new UiSelector().text(\"\u6211\")')\u67e5\u627e\u6210\u529f\uff01\n\u001b[32mINFO    \u001b[0m root:basepage.py:80 \u5143\u7d20('-android uiautomator', 'new UiSelector().text(\"\u6211\")')\u6210\u529f\u70b9\u51fb!\n\u001b[32mINFO    \u001b[0m root:basepage.py:38 \u5143\u7d20('id', 'com.xxzb.fenwoo:id/et_phone')\u67e5\u627e\u6210\u529f\uff0c\u8017\u65f61.2081952095031738s\n\u001b[32mINFO    \u001b[0m root:basepage.py:47 \u5143\u7d20('id', 'com.xxzb.fenwoo:id/et_phone')\u67e5\u627e\u6210\u529f\uff01\n\u001b[32mINFO    \u001b[0m root:basepage.py:59 \u5143\u7d20('id', 'com.xxzb.fenwoo:id/et_phone')\u6210\u529f\u8f93\u516515264\n\u001b[32mINFO    \u001b[0m root:basepage.py:47 \u5143\u7d20('id', 'com.xxzb.fenwoo:id/btn_next_step')\u67e5\u627e\u6210\u529f\uff01\n\u001b[32mINFO    \u001b[0m root:basepage.py:80 \u5143\u7d20('id', 'com.xxzb.fenwoo:id/btn_next_step')\u6210\u529f\u70b9\u51fb!\n\u001b[32mINFO    \u001b[0m root:basepage.py:105 \u622a\u56fe\u6210\u529f\uff0c\u6587\u4ef6\u4e3aD:\\python\\mystudy\\AppFramework\\Outputs\\Screen_Shots\\\u624b\u673a\u53f7\u8f93\u5165\u9519\u8bef-2020-03-04-13-29-40.png\n\u001b[1m\u001b[31mERROR   \u001b[0m root:basepage.py:51 \u5143\u7d20('id', 'com.xxzb.fenwoo:id/tv_message')\u67e5\u627e\u5931\u8d25\uff01\nTraceback (most recent call last):\n  File \"d:\\python\\mystudy\\AppFramework\\Common\\basepage.py\", line 46, in get_ele\n    ele = self.driver.find_element(*loc)\n  File \"D:\\Program Files (x86)\\python\\lib\\site-packages\\appium\\webdriver\\webdriver.py\", line 282, in find_element\n    return self.execute(RemoteCommand.FIND_ELEMENT, {\n  File \"D:\\Program Files (x86)\\python\\lib\\site-packages\\selenium\\webdriver\\remote\\webdriver.py\", line 321, in execute\n    self.error_handler.check_response(response)\n  File \"D:\\Program Files (x86)\\python\\lib\\site-packages\\appium\\webdriver\\errorhandler.py\", line 29, in check_response\n    raise wde\n  File \"D:\\Program Files (x86)\\python\\lib\\site-packages\\appium\\webdriver\\errorhandler.py\", line 24, in check_response\n    super(MobileErrorHandler, self).check_response(response)\n  File \"D:\\Program Files (x86)\\python\\lib\\site-packages\\selenium\\webdriver\\remote\\errorhandler.py\", line 242, in check_response\n    raise exception_class(message, screen, stacktrace)\nselenium.common.exceptions.NoSuchElementException: Message: An element could not be located on the page using the given search parameters.\n\n\u001b[32mINFO    \u001b[0m root:test_0_login.py:35 Test Fail"]], "duration": 5.346727132797241, "_report_type": "TestReport"}
{"nodeid": "TestCases/test_0_login.py::TestLogin::test_login_tele_wrong[testdatas1]", "location": ["TestCases\\test_0_login.py", 23, "TestLogin.test_login_tele_wrong[testdatas1]"], "keywords": {"parametrize": 1, "TestCases/__init__.py": 1, "test_0_login.py": 1, "TestLogin": 1, "testdatas1": 1, "usefixtures": 1, "test": 1, "()": 1, "test_login_tele_wrong[testdatas1]": 1, "pytestmark": 1, "AppFramework": 1}, "outcome": "passed", "longrepr": null, "when": "teardown", "user_properties": [], "sections": [["Captured log call", "\u001b[32mINFO    \u001b[0m root:test_0_login.py:27 \u624b\u673a\u53f7\u8f93\u5165\u9519\u8bef\u7528\u4f8b\n\u001b[32mINFO    \u001b[0m root:bottom_widget.py:15 \u5207\u6362\u5230\u9875\u9762\u6211\n\u001b[32mINFO    \u001b[0m root:basepage.py:38 \u5143\u7d20('-android uiautomator', 'new UiSelector().text(\"\u6211\")')\u67e5\u627e\u6210\u529f\uff0c\u8017\u65f60.5643606185913086s\n\u001b[32mINFO    \u001b[0m root:basepage.py:47 \u5143\u7d20('-android uiautomator', 'new UiSelector().text(\"\u6211\")')\u67e5\u627e\u6210\u529f\uff01\n\u001b[32mINFO    \u001b[0m root:basepage.py:80 \u5143\u7d20('-android uiautomator', 'new UiSelector().text(\"\u6211\")')\u6210\u529f\u70b9\u51fb!\n\u001b[32mINFO    \u001b[0m root:basepage.py:38 \u5143\u7d20('id', 'com.xxzb.fenwoo:id/et_phone')\u67e5\u627e\u6210\u529f\uff0c\u8017\u65f61.2081952095031738s\n\u001b[32mINFO    \u001b[0m root:basepage.py:47 \u5143\u7d20('id', 'com.xxzb.fenwoo:id/et_phone')\u67e5\u627e\u6210\u529f\uff01\n\u001b[32mINFO    \u001b[0m root:basepage.py:59 \u5143\u7d20('id', 'com.xxzb.fenwoo:id/et_phone')\u6210\u529f\u8f93\u516515264\n\u001b[32mINFO    \u001b[0m root:basepage.py:47 \u5143\u7d20('id', 'com.xxzb.fenwoo:id/btn_next_step')\u67e5\u627e\u6210\u529f\uff01\n\u001b[32mINFO    \u001b[0m root:basepage.py:80 \u5143\u7d20('id', 'com.xxzb.fenwoo:id/btn_next_step')\u6210\u529f\u70b9\u51fb!\n\u001b[32mINFO    \u001b[0m root:basepage.py:105 \u622a\u56fe\u6210\u529f\uff0c\u6587\u4ef6\u4e3aD:\\python\\mystudy\\AppFramework\\Outputs\\Screen_Shots\\\u624b\u673a\u53f7\u8f93\u5165\u9519\u8bef-2020-03-04-13-29-40.png\n\u001b[1m\u001b[31mERROR   \u001b[0m root:basepage.py:51 \u5143\u7d20('id', 'com.xxzb.fenwoo:id/tv_message')\u67e5\u627e\u5931\u8d25\uff01\nTraceback (most recent call last):\n  File \"d:\\python\\mystudy\\AppFramework\\Common\\basepage.py\", line 46, in get_ele\n    ele = self.driver.find_element(*loc)\n  File \"D:\\Program Files (x86)\\python\\lib\\site-packages\\appium\\webdriver\\webdriver.py\", line 282, in find_element\n    return self.execute(RemoteCommand.FIND_ELEMENT, {\n  File \"D:\\Program Files (x86)\\python\\lib\\site-packages\\selenium\\webdriver\\remote\\webdriver.py\", line 321, in execute\n    self.error_handler.check_response(response)\n  File \"D:\\Program Files (x86)\\python\\lib\\site-packages\\appium\\webdriver\\errorhandler.py\", line 29, in check_response\n    raise wde\n  File \"D:\\Program Files (x86)\\python\\lib\\site-packages\\appium\\webdriver\\errorhandler.py\", line 24, in check_response\n    super(MobileErrorHandler, self).check_response(response)\n  File \"D:\\Program Files (x86)\\python\\lib\\site-packages\\selenium\\webdriver\\remote\\errorhandler.py\", line 242, in check_response\n    raise exception_class(message, screen, stacktrace)\nselenium.common.exceptions.NoSuchElementException: Message: An element could not be located on the page using the given search parameters.\n\n\u001b[32mINFO    \u001b[0m root:test_0_login.py:35 Test Fail"]], "duration": 0.938530683517456, "_report_type": "TestReport"}
{"nodeid": "TestCases/test_0_login.py::TestLogin::test_login_tele_wrong[testdatas2]", "location": ["TestCases\\test_0_login.py", 23, "TestLogin.test_login_tele_wrong[testdatas2]"], "keywords": {"parametrize": 1, "TestCases/__init__.py": 1, "test_0_login.py": 1, "TestLogin": 1, "usefixtures": 1, "test": 1, "test_login_tele_wrong[testdatas2]": 1, "()": 1, "testdatas2": 1, "pytestmark": 1, "AppFramework": 1}, "outcome": "passed", "longrepr": null, "when": "setup", "user_properties": [], "sections": [], "duration": 46.65045142173767, "_report_type": "TestReport"}
{"nodeid": "TestCases/test_0_login.py::TestLogin::test_login_tele_wrong[testdatas2]", "location": ["TestCases\\test_0_login.py", 23, "TestLogin.test_login_tele_wrong[testdatas2]"], "keywords": {"parametrize": 1, "TestCases/__init__.py": 1, "test_0_login.py": 1, "TestLogin": 1, "usefixtures": 1, "test": 1, "test_login_tele_wrong[testdatas2]": 1, "()": 1, "testdatas2": 1, "pytestmark": 1, "AppFramework": 1}, "outcome": "failed", "longrepr": {"reprcrash": {"path": "D:\\python\\mystudy\\AppFramework\\TestCases\\test_0_login.py", "lineno": 38, "message": "NameError: name 'time' is not defined"}, "reprtraceback": {"reprentries": [{"type": "ReprEntry", "data": {"lines": ["    @pytest.mark.parametrize('testdatas',GetTestDatas().get_testdatas()['login_tele_wrong'])", "    @pytest.mark.usefixtures('init_keep')", "    def test_login_tele_wrong(self,init_keep,init_session,testdatas):", "        init_session.info('\u624b\u673a\u53f7\u8f93\u5165\u9519\u8bef\u7528\u4f8b')", "        name = '\u624b\u673a\u53f7\u8f93\u5165\u9519\u8bef'", "        BottomWidget(init_keep,init_session,name).switch_bottom_widget('\u6211')", "        LoginPage(init_keep,init_session,name).input_tele(testdatas['tele'])", "        try:", "            assert LoginPage(init_keep,init_session,name).get_popbox_text() == testdatas['msg']", "            init_session.info('Test Pass!')", "        except Exception as e:", "            init_session.info('Test Fail')", "            raise e", "        finally:", ">           time.sleep(2)", "E           NameError: name 'time' is not defined"], "reprfuncargs": {"args": [["self", "<AppFramework.TestCases.test_0_login.TestLogin object at 0x0000016E977E77F0>"], ["init_keep", "<appium.webdriver.webdriver.WebDriver (session=\"ab5e4ea0-59ea-4c47-ab4f-eda01359f14b\")>"], ["init_session", "<module 'logging' from 'D:\\\\Program Files (x86)\\\\python\\\\lib\\\\logging\\\\__init__.py'>"], ["testdatas", "{'msg': '\u65e0\u6548\u7684\u624b\u673a\u53f7', 'tele': 99999999999}"]]}, "reprlocals": null, "reprfileloc": {"path": "TestCases\\test_0_login.py", "lineno": 38, "message": "NameError"}, "style": "long"}}], "extraline": null, "style": "long"}, "sections": [], "chain": [[{"reprentries": [{"type": "ReprEntry", "data": {"lines": ["    @pytest.mark.parametrize('testdatas',GetTestDatas().get_testdatas()['login_tele_wrong'])", "    @pytest.mark.usefixtures('init_keep')", "    def test_login_tele_wrong(self,init_keep,init_session,testdatas):", "        init_session.info('\u624b\u673a\u53f7\u8f93\u5165\u9519\u8bef\u7528\u4f8b')", "        name = '\u624b\u673a\u53f7\u8f93\u5165\u9519\u8bef'", "        BottomWidget(init_keep,init_session,name).switch_bottom_widget('\u6211')", "        LoginPage(init_keep,init_session,name).input_tele(testdatas['tele'])", "        try:", "            assert LoginPage(init_keep,init_session,name).get_popbox_text() == testdatas['msg']", "            init_session.info('Test Pass!')", "        except Exception as e:", "            init_session.info('Test Fail')", ">           raise e"], "reprfuncargs": {"args": [["self", "<AppFramework.TestCases.test_0_login.TestLogin object at 0x0000016E977E77F0>"], ["init_keep", "<appium.webdriver.webdriver.WebDriver (session=\"ab5e4ea0-59ea-4c47-ab4f-eda01359f14b\")>"], ["init_session", "<module 'logging' from 'D:\\\\Program Files (x86)\\\\python\\\\lib\\\\logging\\\\__init__.py'>"], ["testdatas", "{'msg': '\u65e0\u6548\u7684\u624b\u673a\u53f7', 'tele': 99999999999}"]]}, "reprlocals": null, "reprfileloc": {"path": "TestCases\\test_0_login.py", "lineno": 36, "message": ""}, "style": "long"}}, {"type": "ReprEntry", "data": {"lines": ["    @pytest.mark.parametrize('testdatas',GetTestDatas().get_testdatas()['login_tele_wrong'])", "    @pytest.mark.usefixtures('init_keep')", "    def test_login_tele_wrong(self,init_keep,init_session,testdatas):", "        init_session.info('\u624b\u673a\u53f7\u8f93\u5165\u9519\u8bef\u7528\u4f8b')", "        name = '\u624b\u673a\u53f7\u8f93\u5165\u9519\u8bef'", "        BottomWidget(init_keep,init_session,name).switch_bottom_widget('\u6211')", "        LoginPage(init_keep,init_session,name).input_tele(testdatas['tele'])", "        try:", ">           assert LoginPage(init_keep,init_session,name).get_popbox_text() == testdatas['msg']"], "reprfuncargs": {"args": [["self", "<AppFramework.TestCases.test_0_login.TestLogin object at 0x0000016E977E77F0>"], ["init_keep", "<appium.webdriver.webdriver.WebDriver (session=\"ab5e4ea0-59ea-4c47-ab4f-eda01359f14b\")>"], ["init_session", "<module 'logging' from 'D:\\\\Program Files (x86)\\\\python\\\\lib\\\\logging\\\\__init__.py'>"], ["testdatas", "{'msg': '\u65e0\u6548\u7684\u624b\u673a\u53f7', 'tele': 99999999999}"]]}, "reprlocals": null, "reprfileloc": {"path": "TestCases\\test_0_login.py", "lineno": 32, "message": ""}, "style": "long"}}, {"type": "ReprEntry", "data": {"lines": ["    def get_popbox_text(self):", ">       return self.get_ele_attr(loc.popbox_prompt_loc,'text')"], "reprfuncargs": {"args": [["self", "<PageObjects.loginpage.LoginPage object at 0x0000016E980CF490>"]]}, "reprlocals": null, "reprfileloc": {"path": "PageObjects\\loginpage.py", "lineno": 28, "message": ""}, "style": "long"}}, {"type": "ReprEntry", "data": {"lines": ["    def get_ele_attr(self,loc,name):", ">       ele = self.get_ele(loc)"], "reprfuncargs": {"args": [["self", "<PageObjects.loginpage.LoginPage object at 0x0000016E980CF490>"], ["loc", "('id', 'com.xxzb.fenwoo:id/tv_message')"], ["name", "'text'"]]}, "reprlocals": null, "reprfileloc": {"path": "Common\\basepage.py", "lineno": 88, "message": ""}, "style": "long"}}, {"type": "ReprEntry", "data": {"lines": ["    def get_ele(self,loc):", "        try:", "            ele = self.driver.find_element(*loc)", "            logging.info('\u5143\u7d20{}\u67e5\u627e\u6210\u529f\uff01'.format(loc))", "            return ele", "        except Exception as e:", "            self.imgs_screenshot()", "            logging.exception(\"\u5143\u7d20{0}\u67e5\u627e\u5931\u8d25\uff01\".format(loc))", ">           raise e"], "reprfuncargs": {"args": [["self", "<PageObjects.loginpage.LoginPage object at 0x0000016E980CF490>"], ["loc", "('id', 'com.xxzb.fenwoo:id/tv_message')"]]}, "reprlocals": null, "reprfileloc": {"path": "Common\\basepage.py", "lineno": 52, "message": ""}, "style": "long"}}, {"type": "ReprEntry", "data": {"lines": ["    def get_ele(self,loc):", "        try:", ">           ele = self.driver.find_element(*loc)"], "reprfuncargs": {"args": [["self", "<PageObjects.loginpage.LoginPage object at 0x0000016E980CF490>"], ["loc", "('id', 'com.xxzb.fenwoo:id/tv_message')"]]}, "reprlocals": null, "reprfileloc": {"path": "Common\\basepage.py", "lineno": 46, "message": ""}, "style": "long"}}, {"type": "ReprEntry", "data": {"lines": ["    def find_element(self, by=By.ID, value=None):", "        \"\"\"'Private' method used by the find_element_by_* methods.", "    ", "        Override for Appium", "    ", "        Usage:", "            Use the corresponding find_element_by_* instead of this.", "    ", "        Returns:", "            `appium.webdriver.webelement.WebElement`", "    ", "        :rtype: `MobileWebElement`", "        \"\"\"", "        # TODO: If we need, we should enable below converter for Web context", "        # if self.w3c:", "        #     if by == By.ID:", "        #         by = By.CSS_SELECTOR", "        #         value = '[id=\"%s\"]' % value", "        #     elif by == By.TAG_NAME:", "        #         by = By.CSS_SELECTOR", "        #     elif by == By.CLASS_NAME:", "        #         by = By.CSS_SELECTOR", "        #         value = \".%s\" % value", "        #     elif by == By.NAME:", "        #         by = By.CSS_SELECTOR", "        #         value = '[name=\"%s\"]' % value", "    ", ">       return self.execute(RemoteCommand.FIND_ELEMENT, {", "            'using': by,", "            'value': value})['value']"], "reprfuncargs": {"args": [["self", "<appium.webdriver.webdriver.WebDriver (session=\"ab5e4ea0-59ea-4c47-ab4f-eda01359f14b\")>"], ["by", "'id'"], ["value", "'com.xxzb.fenwoo:id/tv_message'"]]}, "reprlocals": null, "reprfileloc": {"path": "D:\\Program Files (x86)\\python\\lib\\site-packages\\appium\\webdriver\\webdriver.py", "lineno": 282, "message": ""}, "style": "long"}}, {"type": "ReprEntry", "data": {"lines": ["    def execute(self, driver_command, params=None):", "        \"\"\"", "        Sends a command to be executed by a command.CommandExecutor.", "    ", "        :Args:", "         - driver_command: The name of the command to execute as a string.", "         - params: A dictionary of named parameters to send with the command.", "    ", "        :Returns:", "          The command's JSON response loaded into a dictionary object.", "        \"\"\"", "        if self.session_id is not None:", "            if not params:", "                params = {'sessionId': self.session_id}", "            elif 'sessionId' not in params:", "                params['sessionId'] = self.session_id", "    ", "        params = self._wrap_value(params)", "        response = self.command_executor.execute(driver_command, params)", "        if response:", ">           self.error_handler.check_response(response)"], "reprfuncargs": {"args": [["self", "<appium.webdriver.webdriver.WebDriver (session=\"ab5e4ea0-59ea-4c47-ab4f-eda01359f14b\")>"], ["driver_command", "'findElement'"], ["params", "{'using': 'id', 'value': 'com.xxzb.fenwoo:id/tv_message'}"]]}, "reprlocals": null, "reprfileloc": {"path": "D:\\Program Files (x86)\\python\\lib\\site-packages\\selenium\\webdriver\\remote\\webdriver.py", "lineno": 321, "message": ""}, "style": "long"}}, {"type": "ReprEntry", "data": {"lines": ["    def check_response(self, response):", "        try:", "            super(MobileErrorHandler, self).check_response(response)", "        except WebDriverException as wde:", "            if wde.msg == 'No such context found.':", "                raise NoSuchContextException(wde.msg, wde.screen, wde.stacktrace)", "            else:", ">               raise wde"], "reprfuncargs": {"args": [["self", "<appium.webdriver.errorhandler.MobileErrorHandler object at 0x0000016E980CFC10>"], ["response", "{'status': 404, 'value': '{\"value\":{\"error\":\"no such element\",\"message\":\"An element could not be located on the page u...ces\\\\\\\\app\\\\\\\\node_modules\\\\\\\\appium\\\\\\\\node_modules\\\\\\\\appium-android-driver\\\\\\\\lib\\\\\\\\commands\\\\\\\\find.js:75:11)\"}}'}"]]}, "reprlocals": null, "reprfileloc": {"path": "D:\\Program Files (x86)\\python\\lib\\site-packages\\appium\\webdriver\\errorhandler.py", "lineno": 29, "message": ""}, "style": "long"}}, {"type": "ReprEntry", "data": {"lines": ["    def check_response(self, response):", "        try:", ">           super(MobileErrorHandler, self).check_response(response)"], "reprfuncargs": {"args": [["self", "<appium.webdriver.errorhandler.MobileErrorHandler object at 0x0000016E980CFC10>"], ["response", "{'status': 404, 'value': '{\"value\":{\"error\":\"no such element\",\"message\":\"An element could not be located on the page u...ces\\\\\\\\app\\\\\\\\node_modules\\\\\\\\appium\\\\\\\\node_modules\\\\\\\\appium-android-driver\\\\\\\\lib\\\\\\\\commands\\\\\\\\find.js:75:11)\"}}'}"]]}, "reprlocals": null, "reprfileloc": {"path": "D:\\Program Files (x86)\\python\\lib\\site-packages\\appium\\webdriver\\errorhandler.py", "lineno": 24, "message": ""}, "style": "long"}}, {"type": "ReprEntry", "data": {"lines": ["    def check_response(self, response):", "        \"\"\"", "        Checks that a JSON response from the WebDriver does not have an error.", "    ", "        :Args:", "         - response - The JSON response from the WebDriver server as a dictionary", "           object.", "    ", "        :Raises: If the response contains an error message.", "        \"\"\"", "        status = response.get('status', None)", "        if status is None or status == ErrorCode.SUCCESS:", "            return", "        value = None", "        message = response.get(\"message\", \"\")", "        screen = response.get(\"screen\", \"\")", "        stacktrace = None", "        if isinstance(status, int):", "            value_json = response.get('value', None)", "            if value_json and isinstance(value_json, basestring):", "                import json", "                try:", "                    value = json.loads(value_json)", "                    if len(value.keys()) == 1:", "                        value = value['value']", "                    status = value.get('error', None)", "                    if status is None:", "                        status = value[\"status\"]", "                        message = value[\"value\"]", "                        if not isinstance(message, basestring):", "                            value = message", "                            message = message.get('message')", "                    else:", "                        message = value.get('message', None)", "                except ValueError:", "                    pass", "    ", "        exception_class = ErrorInResponseException", "        if status in ErrorCode.NO_SUCH_ELEMENT:", "            exception_class = NoSuchElementException", "        elif status in ErrorCode.NO_SUCH_FRAME:", "            exception_class = NoSuchFrameException", "        elif status in ErrorCode.NO_SUCH_WINDOW:", "            exception_class = NoSuchWindowException", "        elif status in ErrorCode.STALE_ELEMENT_REFERENCE:", "            exception_class = StaleElementReferenceException", "        elif status in ErrorCode.ELEMENT_NOT_VISIBLE:", "            exception_class = ElementNotVisibleException", "        elif status in ErrorCode.INVALID_ELEMENT_STATE:", "            exception_class = InvalidElementStateException", "        elif status in ErrorCode.INVALID_SELECTOR \\", "                or status in ErrorCode.INVALID_XPATH_SELECTOR \\", "                or status in ErrorCode.INVALID_XPATH_SELECTOR_RETURN_TYPER:", "            exception_class = InvalidSelectorException", "        elif status in ErrorCode.ELEMENT_IS_NOT_SELECTABLE:", "            exception_class = ElementNotSelectableException", "        elif status in ErrorCode.ELEMENT_NOT_INTERACTABLE:", "            exception_class = ElementNotInteractableException", "        elif status in ErrorCode.INVALID_COOKIE_DOMAIN:", "            exception_class = InvalidCookieDomainException", "        elif status in ErrorCode.UNABLE_TO_SET_COOKIE:", "            exception_class = UnableToSetCookieException", "        elif status in ErrorCode.TIMEOUT:", "            exception_class = TimeoutException", "        elif status in ErrorCode.SCRIPT_TIMEOUT:", "            exception_class = TimeoutException", "        elif status in ErrorCode.UNKNOWN_ERROR:", "            exception_class = WebDriverException", "        elif status in ErrorCode.UNEXPECTED_ALERT_OPEN:", "            exception_class = UnexpectedAlertPresentException", "        elif status in ErrorCode.NO_ALERT_OPEN:", "            exception_class = NoAlertPresentException", "        elif status in ErrorCode.IME_NOT_AVAILABLE:", "            exception_class = ImeNotAvailableException", "        elif status in ErrorCode.IME_ENGINE_ACTIVATION_FAILED:", "            exception_class = ImeActivationFailedException", "        elif status in ErrorCode.MOVE_TARGET_OUT_OF_BOUNDS:", "            exception_class = MoveTargetOutOfBoundsException", "        elif status in ErrorCode.JAVASCRIPT_ERROR:", "            exception_class = JavascriptException", "        elif status in ErrorCode.SESSION_NOT_CREATED:", "            exception_class = SessionNotCreatedException", "        elif status in ErrorCode.INVALID_ARGUMENT:", "            exception_class = InvalidArgumentException", "        elif status in ErrorCode.NO_SUCH_COOKIE:", "            exception_class = NoSuchCookieException", "        elif status in ErrorCode.UNABLE_TO_CAPTURE_SCREEN:", "            exception_class = ScreenshotException", "        elif status in ErrorCode.ELEMENT_CLICK_INTERCEPTED:", "            exception_class = ElementClickInterceptedException", "        elif status in ErrorCode.INSECURE_CERTIFICATE:", "            exception_class = InsecureCertificateException", "        elif status in ErrorCode.INVALID_COORDINATES:", "            exception_class = InvalidCoordinatesException", "        elif status in ErrorCode.INVALID_SESSION_ID:", "            exception_class = InvalidSessionIdException", "        elif status in ErrorCode.UNKNOWN_METHOD:", "            exception_class = UnknownMethodException", "        else:", "            exception_class = WebDriverException", "        if value == '' or value is None:", "            value = response['value']", "        if isinstance(value, basestring):", "            if exception_class == ErrorInResponseException:", "                raise exception_class(response, value)", "            raise exception_class(value)", "        if message == \"\" and 'message' in value:", "            message = value['message']", "    ", "        screen = None", "        if 'screen' in value:", "            screen = value['screen']", "    ", "        stacktrace = None", "        if 'stackTrace' in value and value['stackTrace']:", "            stacktrace = []", "            try:", "                for frame in value['stackTrace']:", "                    line = self._value_or_default(frame, 'lineNumber', '')", "                    file = self._value_or_default(frame, 'fileName', '<anonymous>')", "                    if line:", "                        file = \"%s:%s\" % (file, line)", "                    meth = self._value_or_default(frame, 'methodName', '<anonymous>')", "                    if 'className' in frame:", "                        meth = \"%s.%s\" % (frame['className'], meth)", "                    msg = \"    at %s (%s)\"", "                    msg = msg % (meth, file)", "                    stacktrace.append(msg)", "            except TypeError:", "                pass", "        if exception_class == ErrorInResponseException:", "            raise exception_class(response, message)", "        elif exception_class == UnexpectedAlertPresentException:", "            alert_text = None", "            if 'data' in value:", "                alert_text = value['data'].get('text')", "            elif 'alert' in value:", "                alert_text = value['alert'].get('text')", "            raise exception_class(message, screen, stacktrace, alert_text)", ">       raise exception_class(message, screen, stacktrace)", "E       selenium.common.exceptions.NoSuchElementException: Message: An element could not be located on the page using the given search parameters."], "reprfuncargs": {"args": [["self", "<appium.webdriver.errorhandler.MobileErrorHandler object at 0x0000016E980CFC10>"], ["response", "{'status': 404, 'value': '{\"value\":{\"error\":\"no such element\",\"message\":\"An element could not be located on the page u...ces\\\\\\\\app\\\\\\\\node_modules\\\\\\\\appium\\\\\\\\node_modules\\\\\\\\appium-android-driver\\\\\\\\lib\\\\\\\\commands\\\\\\\\find.js:75:11)\"}}'}"]]}, "reprlocals": null, "reprfileloc": {"path": "D:\\Program Files (x86)\\python\\lib\\site-packages\\selenium\\webdriver\\remote\\errorhandler.py", "lineno": 242, "message": "NoSuchElementException"}, "style": "long"}}], "extraline": null, "style": "long"}, {"path": "D:\\Program Files (x86)\\python\\lib\\site-packages\\selenium\\webdriver\\remote\\errorhandler.py", "lineno": 242, "message": "selenium.common.exceptions.NoSuchElementException: Message: An element could not be located on the page using the given search parameters."}, "During handling of the above exception, another exception occurred:"], [{"reprentries": [{"type": "ReprEntry", "data": {"lines": ["    @pytest.mark.parametrize('testdatas',GetTestDatas().get_testdatas()['login_tele_wrong'])", "    @pytest.mark.usefixtures('init_keep')", "    def test_login_tele_wrong(self,init_keep,init_session,testdatas):", "        init_session.info('\u624b\u673a\u53f7\u8f93\u5165\u9519\u8bef\u7528\u4f8b')", "        name = '\u624b\u673a\u53f7\u8f93\u5165\u9519\u8bef'", "        BottomWidget(init_keep,init_session,name).switch_bottom_widget('\u6211')", "        LoginPage(init_keep,init_session,name).input_tele(testdatas['tele'])", "        try:", "            assert LoginPage(init_keep,init_session,name).get_popbox_text() == testdatas['msg']", "            init_session.info('Test Pass!')", "        except Exception as e:", "            init_session.info('Test Fail')", "            raise e", "        finally:", ">           time.sleep(2)", "E           NameError: name 'time' is not defined"], "reprfuncargs": {"args": [["self", "<AppFramework.TestCases.test_0_login.TestLogin object at 0x0000016E977E77F0>"], ["init_keep", "<appium.webdriver.webdriver.WebDriver (session=\"ab5e4ea0-59ea-4c47-ab4f-eda01359f14b\")>"], ["init_session", "<module 'logging' from 'D:\\\\Program Files (x86)\\\\python\\\\lib\\\\logging\\\\__init__.py'>"], ["testdatas", "{'msg': '\u65e0\u6548\u7684\u624b\u673a\u53f7', 'tele': 99999999999}"]]}, "reprlocals": null, "reprfileloc": {"path": "TestCases\\test_0_login.py", "lineno": 38, "message": "NameError"}, "style": "long"}}], "extraline": null, "style": "long"}, {"path": "D:\\python\\mystudy\\AppFramework\\TestCases\\test_0_login.py", "lineno": 38, "message": "NameError: name 'time' is not defined"}, null]]}, "when": "call", "user_properties": [], "sections": [["Captured log call", "\u001b[32mINFO    \u001b[0m root:test_0_login.py:27 \u624b\u673a\u53f7\u8f93\u5165\u9519\u8bef\u7528\u4f8b\n\u001b[32mINFO    \u001b[0m root:bottom_widget.py:15 \u5207\u6362\u5230\u9875\u9762\u6211\n\u001b[32mINFO    \u001b[0m root:basepage.py:38 \u5143\u7d20('-android uiautomator', 'new UiSelector().text(\"\u6211\")')\u67e5\u627e\u6210\u529f\uff0c\u8017\u65f60.562462568283081s\n\u001b[32mINFO    \u001b[0m root:basepage.py:47 \u5143\u7d20('-android uiautomator', 'new UiSelector().text(\"\u6211\")')\u67e5\u627e\u6210\u529f\uff01\n\u001b[32mINFO    \u001b[0m root:basepage.py:80 \u5143\u7d20('-android uiautomator', 'new UiSelector().text(\"\u6211\")')\u6210\u529f\u70b9\u51fb!\n\u001b[32mINFO    \u001b[0m root:basepage.py:38 \u5143\u7d20('id', 'com.xxzb.fenwoo:id/et_phone')\u67e5\u627e\u6210\u529f\uff0c\u8017\u65f61.0733287334442139s\n\u001b[32mINFO    \u001b[0m root:basepage.py:47 \u5143\u7d20('id', 'com.xxzb.fenwoo:id/et_phone')\u67e5\u627e\u6210\u529f\uff01\n\u001b[32mINFO    \u001b[0m root:basepage.py:59 \u5143\u7d20('id', 'com.xxzb.fenwoo:id/et_phone')\u6210\u529f\u8f93\u516599999999999\n\u001b[32mINFO    \u001b[0m root:basepage.py:47 \u5143\u7d20('id', 'com.xxzb.fenwoo:id/btn_next_step')\u67e5\u627e\u6210\u529f\uff01\n\u001b[32mINFO    \u001b[0m root:basepage.py:80 \u5143\u7d20('id', 'com.xxzb.fenwoo:id/btn_next_step')\u6210\u529f\u70b9\u51fb!\n\u001b[32mINFO    \u001b[0m root:basepage.py:105 \u622a\u56fe\u6210\u529f\uff0c\u6587\u4ef6\u4e3aD:\\python\\mystudy\\AppFramework\\Outputs\\Screen_Shots\\\u624b\u673a\u53f7\u8f93\u5165\u9519\u8bef-2020-03-04-13-30-33.png\n\u001b[1m\u001b[31mERROR   \u001b[0m root:basepage.py:51 \u5143\u7d20('id', 'com.xxzb.fenwoo:id/tv_message')\u67e5\u627e\u5931\u8d25\uff01\nTraceback (most recent call last):\n  File \"d:\\python\\mystudy\\AppFramework\\Common\\basepage.py\", line 46, in get_ele\n    ele = self.driver.find_element(*loc)\n  File \"D:\\Program Files (x86)\\python\\lib\\site-packages\\appium\\webdriver\\webdriver.py\", line 282, in find_element\n    return self.execute(RemoteCommand.FIND_ELEMENT, {\n  File \"D:\\Program Files (x86)\\python\\lib\\site-packages\\selenium\\webdriver\\remote\\webdriver.py\", line 321, in execute\n    self.error_handler.check_response(response)\n  File \"D:\\Program Files (x86)\\python\\lib\\site-packages\\appium\\webdriver\\errorhandler.py\", line 29, in check_response\n    raise wde\n  File \"D:\\Program Files (x86)\\python\\lib\\site-packages\\appium\\webdriver\\errorhandler.py\", line 24, in check_response\n    super(MobileErrorHandler, self).check_response(response)\n  File \"D:\\Program Files (x86)\\python\\lib\\site-packages\\selenium\\webdriver\\remote\\errorhandler.py\", line 242, in check_response\n    raise exception_class(message, screen, stacktrace)\nselenium.common.exceptions.NoSuchElementException: Message: An element could not be located on the page using the given search parameters.\n\n\u001b[32mINFO    \u001b[0m root:test_0_login.py:35 Test Fail"]], "duration": 5.5414299964904785, "_report_type": "TestReport"}
{"nodeid": "TestCases/test_0_login.py::TestLogin::test_login_tele_wrong[testdatas2]", "location": ["TestCases\\test_0_login.py", 23, "TestLogin.test_login_tele_wrong[testdatas2]"], "keywords": {"parametrize": 1, "TestCases/__init__.py": 1, "test_0_login.py": 1, "TestLogin": 1, "usefixtures": 1, "test": 1, "test_login_tele_wrong[testdatas2]": 1, "()": 1, "testdatas2": 1, "pytestmark": 1, "AppFramework": 1}, "outcome": "passed", "longrepr": null, "when": "teardown", "user_properties": [], "sections": [["Captured log call", "\u001b[32mINFO    \u001b[0m root:test_0_login.py:27 \u624b\u673a\u53f7\u8f93\u5165\u9519\u8bef\u7528\u4f8b\n\u001b[32mINFO    \u001b[0m root:bottom_widget.py:15 \u5207\u6362\u5230\u9875\u9762\u6211\n\u001b[32mINFO    \u001b[0m root:basepage.py:38 \u5143\u7d20('-android uiautomator', 'new UiSelector().text(\"\u6211\")')\u67e5\u627e\u6210\u529f\uff0c\u8017\u65f60.562462568283081s\n\u001b[32mINFO    \u001b[0m root:basepage.py:47 \u5143\u7d20('-android uiautomator', 'new UiSelector().text(\"\u6211\")')\u67e5\u627e\u6210\u529f\uff01\n\u001b[32mINFO    \u001b[0m root:basepage.py:80 \u5143\u7d20('-android uiautomator', 'new UiSelector().text(\"\u6211\")')\u6210\u529f\u70b9\u51fb!\n\u001b[32mINFO    \u001b[0m root:basepage.py:38 \u5143\u7d20('id', 'com.xxzb.fenwoo:id/et_phone')\u67e5\u627e\u6210\u529f\uff0c\u8017\u65f61.0733287334442139s\n\u001b[32mINFO    \u001b[0m root:basepage.py:47 \u5143\u7d20('id', 'com.xxzb.fenwoo:id/et_phone')\u67e5\u627e\u6210\u529f\uff01\n\u001b[32mINFO    \u001b[0m root:basepage.py:59 \u5143\u7d20('id', 'com.xxzb.fenwoo:id/et_phone')\u6210\u529f\u8f93\u516599999999999\n\u001b[32mINFO    \u001b[0m root:basepage.py:47 \u5143\u7d20('id', 'com.xxzb.fenwoo:id/btn_next_step')\u67e5\u627e\u6210\u529f\uff01\n\u001b[32mINFO    \u001b[0m root:basepage.py:80 \u5143\u7d20('id', 'com.xxzb.fenwoo:id/btn_next_step')\u6210\u529f\u70b9\u51fb!\n\u001b[32mINFO    \u001b[0m root:basepage.py:105 \u622a\u56fe\u6210\u529f\uff0c\u6587\u4ef6\u4e3aD:\\python\\mystudy\\AppFramework\\Outputs\\Screen_Shots\\\u624b\u673a\u53f7\u8f93\u5165\u9519\u8bef-2020-03-04-13-30-33.png\n\u001b[1m\u001b[31mERROR   \u001b[0m root:basepage.py:51 \u5143\u7d20('id', 'com.xxzb.fenwoo:id/tv_message')\u67e5\u627e\u5931\u8d25\uff01\nTraceback (most recent call last):\n  File \"d:\\python\\mystudy\\AppFramework\\Common\\basepage.py\", line 46, in get_ele\n    ele = self.driver.find_element(*loc)\n  File \"D:\\Program Files (x86)\\python\\lib\\site-packages\\appium\\webdriver\\webdriver.py\", line 282, in find_element\n    return self.execute(RemoteCommand.FIND_ELEMENT, {\n  File \"D:\\Program Files (x86)\\python\\lib\\site-packages\\selenium\\webdriver\\remote\\webdriver.py\", line 321, in execute\n    self.error_handler.check_response(response)\n  File \"D:\\Program Files (x86)\\python\\lib\\site-packages\\appium\\webdriver\\errorhandler.py\", line 29, in check_response\n    raise wde\n  File \"D:\\Program Files (x86)\\python\\lib\\site-packages\\appium\\webdriver\\errorhandler.py\", line 24, in check_response\n    super(MobileErrorHandler, self).check_response(response)\n  File \"D:\\Program Files (x86)\\python\\lib\\site-packages\\selenium\\webdriver\\remote\\errorhandler.py\", line 242, in check_response\n    raise exception_class(message, screen, stacktrace)\nselenium.common.exceptions.NoSuchElementException: Message: An element could not be located on the page using the given search parameters.\n\n\u001b[32mINFO    \u001b[0m root:test_0_login.py:35 Test Fail"]], "duration": 0.8345189094543457, "_report_type": "TestReport"}
{"exitstatus": 1, "$report_type": "SessionFinish"}
