{"pytest_version": "5.2.0", "$report_type": "SessionStart"}
{"nodeid": "", "outcome": "passed", "longrepr": null, "result": null, "sections": [], "_report_type": "CollectReport"}
{"nodeid": "__init__.py", "outcome": "passed", "longrepr": null, "result": null, "sections": [], "_report_type": "CollectReport"}
{"nodeid": "Caps/__init__.py", "outcome": "passed", "longrepr": null, "result": null, "sections": [], "_report_type": "CollectReport"}
{"nodeid": "Common/__init__.py", "outcome": "passed", "longrepr": null, "result": null, "sections": [], "_report_type": "CollectReport"}
{"nodeid": "PageLocators/__init__.py", "outcome": "passed", "longrepr": null, "result": null, "sections": [], "_report_type": "CollectReport"}
{"nodeid": "PageObjects/__init__.py", "outcome": "passed", "longrepr": null, "result": null, "sections": [], "_report_type": "CollectReport"}
{"nodeid": "TestCases/test_0_login.py::TestLogin", "outcome": "passed", "longrepr": null, "result": null, "sections": [], "_report_type": "CollectReport"}
{"nodeid": "TestCases/test_0_login.py::TestLogin", "outcome": "passed", "longrepr": null, "result": null, "sections": [], "_report_type": "CollectReport"}
{"nodeid": "TestCases/test_0_login.py", "outcome": "passed", "longrepr": null, "result": null, "sections": [], "_report_type": "CollectReport"}
{"nodeid": "TestCases/__init__.py", "outcome": "passed", "longrepr": null, "result": null, "sections": [], "_report_type": "CollectReport"}
{"nodeid": "TestDatas/__init__.py", "outcome": "passed", "longrepr": null, "result": null, "sections": [], "_report_type": "CollectReport"}
{"nodeid": "TestCases/test_0_login.py::TestLogin::test_prepare", "location": ["TestCases\\test_0_login.py", 14, "TestLogin.test_prepare"], "keywords": {"pytestmark": 1, "test_0_login.py": 1, "usefixtures": 1, "()": 1, "TestCases/__init__.py": 1, "test": 1, "test1": 1, "AppFramework": 1, "TestLogin": 1, "test_prepare": 1}, "outcome": "passed", "longrepr": null, "when": "setup", "user_properties": [], "sections": [["Captured log setup", "\u001b[32mINFO    \u001b[0m root:conftest.py:65 xxxxxxx"]], "duration": 29.228009462356567, "_report_type": "TestReport"}
{"nodeid": "TestCases/test_0_login.py::TestLogin::test_prepare", "location": ["TestCases\\test_0_login.py", 14, "TestLogin.test_prepare"], "keywords": {"pytestmark": 1, "test_0_login.py": 1, "usefixtures": 1, "()": 1, "TestCases/__init__.py": 1, "test": 1, "test1": 1, "AppFramework": 1, "TestLogin": 1, "test_prepare": 1}, "outcome": "passed", "longrepr": null, "when": "call", "user_properties": [], "sections": [["Captured log setup", "\u001b[32mINFO    \u001b[0m root:conftest.py:65 xxxxxxx"], ["Captured log call", "\u001b[32mINFO    \u001b[0m root:basepage.py:105 \u622a\u56fe\u6210\u529f\uff0c\u6587\u4ef6\u4e3aD:\\python\\mystudy\\AppFramework\\Outputs\\Screen_Shots\\\u6d4b\u8bd5\u51c6\u5907,\u786e\u8ba4app\u662f\u5426\u5df2\u767b\u5f55-2020-03-04-17-31-30.png\n\u001b[31m\u001b[1mERROR   \u001b[0m root:basepage.py:41 \u5143\u7d20('id', 'com.xxzb.fenwoo:id/btn_login')\u672a\u627e\u5230\nTraceback (most recent call last):\n  File \"d:\\python\\mystudy\\AppFramework\\Common\\basepage.py\", line 36, in visiable_ele\n    WebDriverWait(self.driver,timeout=20,poll_frequency=0.5).until(EC.visibility_of_element_located(loc))\n  File \"D:\\Program Files (x86)\\python\\lib\\site-packages\\selenium\\webdriver\\support\\wait.py\", line 80, in until\n    raise TimeoutException(message, screen, stacktrace)\nselenium.common.exceptions.TimeoutException: Message: \n\n\u001b[32mINFO    \u001b[0m root:test_0_login.py:21 app\u5df2\u767b\u5f55,\u6267\u884c\u6570\u636e\u6e05\u7a7a\u64cd\u4f5c!"]], "duration": 21.11143922805786, "_report_type": "TestReport"}
{"nodeid": "TestCases/test_0_login.py::TestLogin::test_prepare", "location": ["TestCases\\test_0_login.py", 14, "TestLogin.test_prepare"], "keywords": {"pytestmark": 1, "test_0_login.py": 1, "usefixtures": 1, "()": 1, "TestCases/__init__.py": 1, "test": 1, "test1": 1, "AppFramework": 1, "TestLogin": 1, "test_prepare": 1}, "outcome": "passed", "longrepr": null, "when": "teardown", "user_properties": [], "sections": [["Captured log setup", "\u001b[32mINFO    \u001b[0m root:conftest.py:65 xxxxxxx"], ["Captured log call", "\u001b[32mINFO    \u001b[0m root:basepage.py:105 \u622a\u56fe\u6210\u529f\uff0c\u6587\u4ef6\u4e3aD:\\python\\mystudy\\AppFramework\\Outputs\\Screen_Shots\\\u6d4b\u8bd5\u51c6\u5907,\u786e\u8ba4app\u662f\u5426\u5df2\u767b\u5f55-2020-03-04-17-31-30.png\n\u001b[31m\u001b[1mERROR   \u001b[0m root:basepage.py:41 \u5143\u7d20('id', 'com.xxzb.fenwoo:id/btn_login')\u672a\u627e\u5230\nTraceback (most recent call last):\n  File \"d:\\python\\mystudy\\AppFramework\\Common\\basepage.py\", line 36, in visiable_ele\n    WebDriverWait(self.driver,timeout=20,poll_frequency=0.5).until(EC.visibility_of_element_located(loc))\n  File \"D:\\Program Files (x86)\\python\\lib\\site-packages\\selenium\\webdriver\\support\\wait.py\", line 80, in until\n    raise TimeoutException(message, screen, stacktrace)\nselenium.common.exceptions.TimeoutException: Message: \n\n\u001b[32mINFO    \u001b[0m root:test_0_login.py:21 app\u5df2\u767b\u5f55,\u6267\u884c\u6570\u636e\u6e05\u7a7a\u64cd\u4f5c!"]], "duration": 1.2395603656768799, "_report_type": "TestReport"}
{"nodeid": "TestCases/test_0_login.py::TestLogin::test_login_success[testdatas0]", "location": ["TestCases\\test_0_login.py", 42, "TestLogin.test_login_success[testdatas0]"], "keywords": {"pytestmark": 1, "test_0_login.py": 1, "usefixtures": 1, "()": 1, "parametrize": 1, "TestCases/__init__.py": 1, "test": 1, "test1": 1, "AppFramework": 1, "TestLogin": 1, "test_login_success[testdatas0]": 1, "testdatas0": 1}, "outcome": "failed", "longrepr": {"reprcrash": {"path": "D:\\Program Files (x86)\\python\\lib\\site-packages\\selenium\\webdriver\\support\\wait.py", "lineno": 80, "message": "selenium.common.exceptions.TimeoutException: Message:"}, "reprtraceback": {"reprentries": [{"type": "ReprEntry", "data": {"lines": ["    @pytest.fixture()", "    def init_keep():", "        driver = base_driver(automationName=None,noReset=False)", "        time.sleep(1)", ">       swipe_welcome(driver)"], "reprfuncargs": {"args": []}, "reprlocals": null, "reprfileloc": {"path": "TestCases\\conftest.py", "lineno": 82, "message": ""}, "style": "long"}}, {"type": "ReprEntry", "data": {"lines": ["    WebDriverWait(driver,20).until(EC.visibility_of_element_located((MobileBy.ANDROID_UIAUTOMATOR,'new UiSelector().className(\"android.widget.Button\")')))"], "reprfuncargs": null, "reprlocals": null, "reprfileloc": {"path": "TestCases\\conftest.py", "lineno": 49, "message": "in swipe_welcome"}, "style": "short"}}, {"type": "ReprEntry", "data": {"lines": ["    def until(self, method, message=''):", "        \"\"\"Calls the method provided with the driver as an argument until the \\", "        return value is not False.\"\"\"", "        screen = None", "        stacktrace = None", "    ", "        end_time = time.time() + self._timeout", "        while True:", "            try:", "                value = method(self._driver)", "                if value:", "                    return value", "            except self._ignored_exceptions as exc:", "                screen = getattr(exc, 'screen', None)", "                stacktrace = getattr(exc, 'stacktrace', None)", "            time.sleep(self._poll)", "            if time.time() > end_time:", "                break", ">       raise TimeoutException(message, screen, stacktrace)", "E       selenium.common.exceptions.TimeoutException: Message:"], "reprfuncargs": {"args": [["self", "<selenium.webdriver.support.wait.WebDriverWait (session=\"92f35008-bf98-44af-adf6-725028074d4e\")>"], ["method", "<selenium.webdriver.support.expected_conditions.visibility_of_element_located object at 0x0000018EB30DB9D0>"], ["message", "''"]]}, "reprlocals": null, "reprfileloc": {"path": "D:\\Program Files (x86)\\python\\lib\\site-packages\\selenium\\webdriver\\support\\wait.py", "lineno": 80, "message": "TimeoutException"}, "style": "long"}}], "extraline": null, "style": "long"}, "sections": [], "chain": [[{"reprentries": [{"type": "ReprEntry", "data": {"lines": ["    @pytest.fixture()", "    def init_keep():", "        driver = base_driver(automationName=None,noReset=False)", "        time.sleep(1)", ">       swipe_welcome(driver)"], "reprfuncargs": {"args": []}, "reprlocals": null, "reprfileloc": {"path": "TestCases\\conftest.py", "lineno": 82, "message": ""}, "style": "long"}}, {"type": "ReprEntry", "data": {"lines": ["    WebDriverWait(driver,20).until(EC.visibility_of_element_located((MobileBy.ANDROID_UIAUTOMATOR,'new UiSelector().className(\"android.widget.Button\")')))"], "reprfuncargs": null, "reprlocals": null, "reprfileloc": {"path": "TestCases\\conftest.py", "lineno": 49, "message": "in swipe_welcome"}, "style": "short"}}, {"type": "ReprEntry", "data": {"lines": ["    def until(self, method, message=''):", "        \"\"\"Calls the method provided with the driver as an argument until the \\", "        return value is not False.\"\"\"", "        screen = None", "        stacktrace = None", "    ", "        end_time = time.time() + self._timeout", "        while True:", "            try:", "                value = method(self._driver)", "                if value:", "                    return value", "            except self._ignored_exceptions as exc:", "                screen = getattr(exc, 'screen', None)", "                stacktrace = getattr(exc, 'stacktrace', None)", "            time.sleep(self._poll)", "            if time.time() > end_time:", "                break", ">       raise TimeoutException(message, screen, stacktrace)", "E       selenium.common.exceptions.TimeoutException: Message:"], "reprfuncargs": {"args": [["self", "<selenium.webdriver.support.wait.WebDriverWait (session=\"92f35008-bf98-44af-adf6-725028074d4e\")>"], ["method", "<selenium.webdriver.support.expected_conditions.visibility_of_element_located object at 0x0000018EB30DB9D0>"], ["message", "''"]]}, "reprlocals": null, "reprfileloc": {"path": "D:\\Program Files (x86)\\python\\lib\\site-packages\\selenium\\webdriver\\support\\wait.py", "lineno": 80, "message": "TimeoutException"}, "style": "long"}}], "extraline": null, "style": "long"}, {"path": "D:\\Program Files (x86)\\python\\lib\\site-packages\\selenium\\webdriver\\support\\wait.py", "lineno": 80, "message": "selenium.common.exceptions.TimeoutException: Message:"}, null]]}, "when": "setup", "user_properties": [], "sections": [], "duration": 41.0528130531311, "_report_type": "TestReport"}
{"nodeid": "TestCases/test_0_login.py::TestLogin::test_login_success[testdatas0]", "location": ["TestCases\\test_0_login.py", 42, "TestLogin.test_login_success[testdatas0]"], "keywords": {"pytestmark": 1, "test_0_login.py": 1, "usefixtures": 1, "()": 1, "parametrize": 1, "TestCases/__init__.py": 1, "test": 1, "test1": 1, "AppFramework": 1, "TestLogin": 1, "test_login_success[testdatas0]": 1, "testdatas0": 1}, "outcome": "passed", "longrepr": null, "when": "teardown", "user_properties": [], "sections": [], "duration": 0.0, "_report_type": "TestReport"}
{"exitstatus": 1, "$report_type": "SessionFinish"}
