{"pytest_version": "5.2.0", "$report_type": "SessionStart"}
{"nodeid": "", "outcome": "passed", "longrepr": null, "result": null, "sections": [], "_report_type": "CollectReport"}
{"nodeid": "__init__.py", "outcome": "passed", "longrepr": null, "result": null, "sections": [], "_report_type": "CollectReport"}
{"nodeid": "Caps/__init__.py", "outcome": "passed", "longrepr": null, "result": null, "sections": [], "_report_type": "CollectReport"}
{"nodeid": "Common/__init__.py", "outcome": "passed", "longrepr": null, "result": null, "sections": [], "_report_type": "CollectReport"}
{"nodeid": "PageObjects/__init__.py", "outcome": "passed", "longrepr": null, "result": null, "sections": [], "_report_type": "CollectReport"}
{"nodeid": "PaggeLocators/__init__.py", "outcome": "passed", "longrepr": null, "result": null, "sections": [], "_report_type": "CollectReport"}
{"nodeid": "TestCases/test_0_login.py::TestLogin", "outcome": "passed", "longrepr": null, "result": null, "sections": [], "_report_type": "CollectReport"}
{"nodeid": "TestCases/test_0_login.py::TestLogin", "outcome": "passed", "longrepr": null, "result": null, "sections": [], "_report_type": "CollectReport"}
{"nodeid": "TestCases/test_0_login.py", "outcome": "passed", "longrepr": null, "result": null, "sections": [], "_report_type": "CollectReport"}
{"nodeid": "TestCases/__init__.py", "outcome": "passed", "longrepr": null, "result": null, "sections": [], "_report_type": "CollectReport"}
{"nodeid": "TestDatas/__init__.py", "outcome": "passed", "longrepr": null, "result": null, "sections": [], "_report_type": "CollectReport"}
{"nodeid": "TestCases/test_0_login.py::TestLogin::test_prepare", "location": ["TestCases\\test_0_login.py", 13, "TestLogin.test_prepare"], "keywords": {"pytestmark": 1, "test": 1, "TestCases/__init__.py": 1, "TestLogin": 1, "()": 1, "test_prepare": 1, "AppFramework": 1, "usefixtures": 1, "test_0_login.py": 1}, "outcome": "passed", "longrepr": null, "when": "setup", "user_properties": [], "sections": [["Captured log setup", "\u001b[32mINFO    \u001b[0m root:conftest.py:65 xxxxxxx"]], "duration": 13.97313904762268, "_report_type": "TestReport"}
{"nodeid": "TestCases/test_0_login.py::TestLogin::test_prepare", "location": ["TestCases\\test_0_login.py", 13, "TestLogin.test_prepare"], "keywords": {"pytestmark": 1, "test": 1, "TestCases/__init__.py": 1, "TestLogin": 1, "()": 1, "test_prepare": 1, "AppFramework": 1, "usefixtures": 1, "test_0_login.py": 1}, "outcome": "passed", "longrepr": null, "when": "call", "user_properties": [], "sections": [["Captured log setup", "\u001b[32mINFO    \u001b[0m root:conftest.py:65 xxxxxxx"], ["Captured log call", "\u001b[32mINFO    \u001b[0m root:basepage.py:38 \u5143\u7d20('id', 'com.xxzb.fenwoo:id/btn_login')\u67e5\u627e\u6210\u529f\uff0c\u8017\u65f60.5339815616607666s\n\u001b[32mINFO    \u001b[0m root:test_0_login.py:19 app\u5df2\u767b\u5f55,\u6267\u884c\u6570\u636e\u6e05\u7a7a\u64cd\u4f5c!"]], "duration": 0.5349559783935547, "_report_type": "TestReport"}
{"nodeid": "TestCases/test_0_login.py::TestLogin::test_prepare", "location": ["TestCases\\test_0_login.py", 13, "TestLogin.test_prepare"], "keywords": {"pytestmark": 1, "test": 1, "TestCases/__init__.py": 1, "TestLogin": 1, "()": 1, "test_prepare": 1, "AppFramework": 1, "usefixtures": 1, "test_0_login.py": 1}, "outcome": "passed", "longrepr": null, "when": "teardown", "user_properties": [], "sections": [["Captured log setup", "\u001b[32mINFO    \u001b[0m root:conftest.py:65 xxxxxxx"], ["Captured log call", "\u001b[32mINFO    \u001b[0m root:basepage.py:38 \u5143\u7d20('id', 'com.xxzb.fenwoo:id/btn_login')\u67e5\u627e\u6210\u529f\uff0c\u8017\u65f60.5339815616607666s\n\u001b[32mINFO    \u001b[0m root:test_0_login.py:19 app\u5df2\u767b\u5f55,\u6267\u884c\u6570\u636e\u6e05\u7a7a\u64cd\u4f5c!"]], "duration": 0.7903141975402832, "_report_type": "TestReport"}
{"nodeid": "TestCases/test_0_login.py::TestLogin::test_login_tele_wrong[testdatas0]", "location": ["TestCases\\test_0_login.py", 23, "TestLogin.test_login_tele_wrong[testdatas0]"], "keywords": {"test": 1, "()": 1, "testdatas0": 1, "usefixtures": 1, "test_login_tele_wrong[testdatas0]": 1, "pytestmark": 1, "TestLogin": 1, "parametrize": 1, "AppFramework": 1, "TestCases/__init__.py": 1, "test_0_login.py": 1}, "outcome": "passed", "longrepr": null, "when": "setup", "user_properties": [], "sections": [], "duration": 46.844937324523926, "_report_type": "TestReport"}
{"nodeid": "TestCases/test_0_login.py::TestLogin::test_login_tele_wrong[testdatas0]", "location": ["TestCases\\test_0_login.py", 23, "TestLogin.test_login_tele_wrong[testdatas0]"], "keywords": {"test": 1, "()": 1, "testdatas0": 1, "usefixtures": 1, "test_login_tele_wrong[testdatas0]": 1, "pytestmark": 1, "TestLogin": 1, "parametrize": 1, "AppFramework": 1, "TestCases/__init__.py": 1, "test_0_login.py": 1}, "outcome": "failed", "longrepr": {"reprcrash": {"path": "D:\\Program Files (x86)\\python\\lib\\site-packages\\selenium\\webdriver\\remote\\errorhandler.py", "lineno": 242, "message": "selenium.common.exceptions.NoSuchElementException: Message: An element could not be located on the page using the given search parameters."}, "reprtraceback": {"reprentries": [{"type": "ReprEntry", "data": {"lines": ["    @pytest.mark.parametrize('testdatas',GetTestDatas().get_testdatas()['login_tele_wrong'])", "    @pytest.mark.usefixtures('init_keep')", "    def test_login_tele_wrong(self,init_keep,init_session,testdatas):", "        init_session.info('\u624b\u673a\u53f7\u8f93\u5165\u9519\u8bef\u7528\u4f8b')", "        name = '\u624b\u673a\u53f7\u8f93\u5165\u9519\u8bef'", "        BottomWidget(init_keep,init_session,name).switch_bottom_widget('\u6211')", "        LoginPage(init_keep,init_session,name).input_tele(testdatas['tele'])", "        try:", "            assert LoginPage(init_keep,init_session,name).get_popbox_text() == testdatas['msg']", "            init_session.info('Test Pass!')", "        except Exception as e:", "            init_session.info('Test Fail')", ">           raise e"], "reprfuncargs": {"args": [["self", "<AppFramework.TestCases.test_0_login.TestLogin object at 0x0000026A49DEFF70>"], ["init_keep", "<appium.webdriver.webdriver.WebDriver (session=\"14cc5746-9354-4054-b6b2-449baedcc50b\")>"], ["init_session", "<module 'logging' from 'D:\\\\Program Files (x86)\\\\python\\\\lib\\\\logging\\\\__init__.py'>"], ["testdatas", "{'msg': '\u65e0\u6548\u7684\u624b\u673a\u53f7', 'tele': ' '}"]]}, "reprlocals": null, "reprfileloc": {"path": "TestCases\\test_0_login.py", "lineno": 36, "message": ""}, "style": "long"}}, {"type": "ReprEntry", "data": {"lines": ["    assert LoginPage(init_keep,init_session,name).get_popbox_text() == testdatas['msg']"], "reprfuncargs": null, "reprlocals": null, "reprfileloc": {"path": "TestCases\\test_0_login.py", "lineno": 32, "message": "in test_login_tele_wrong"}, "style": "short"}}, {"type": "ReprEntry", "data": {"lines": ["    return self.get_ele_attr(loc.popbox_prompt_loc,'text')"], "reprfuncargs": null, "reprlocals": null, "reprfileloc": {"path": "PageObjects\\loginpage.py", "lineno": 28, "message": "in get_popbox_text"}, "style": "short"}}, {"type": "ReprEntry", "data": {"lines": ["    ele = self.get_ele(loc)"], "reprfuncargs": null, "reprlocals": null, "reprfileloc": {"path": "Common\\basepage.py", "lineno": 88, "message": "in get_ele_attr"}, "style": "short"}}, {"type": "ReprEntry", "data": {"lines": ["    raise e"], "reprfuncargs": null, "reprlocals": null, "reprfileloc": {"path": "Common\\basepage.py", "lineno": 52, "message": "in get_ele"}, "style": "short"}}, {"type": "ReprEntry", "data": {"lines": ["    ele = self.driver.find_element(*loc)"], "reprfuncargs": null, "reprlocals": null, "reprfileloc": {"path": "Common\\basepage.py", "lineno": 46, "message": "in get_ele"}, "style": "short"}}, {"type": "ReprEntry", "data": {"lines": ["    return self.execute(RemoteCommand.FIND_ELEMENT, {"], "reprfuncargs": null, "reprlocals": null, "reprfileloc": {"path": "D:\\Program Files (x86)\\python\\lib\\site-packages\\appium\\webdriver\\webdriver.py", "lineno": 282, "message": "in find_element"}, "style": "short"}}, {"type": "ReprEntry", "data": {"lines": ["    self.error_handler.check_response(response)"], "reprfuncargs": null, "reprlocals": null, "reprfileloc": {"path": "D:\\Program Files (x86)\\python\\lib\\site-packages\\selenium\\webdriver\\remote\\webdriver.py", "lineno": 321, "message": "in execute"}, "style": "short"}}, {"type": "ReprEntry", "data": {"lines": ["    raise wde"], "reprfuncargs": null, "reprlocals": null, "reprfileloc": {"path": "D:\\Program Files (x86)\\python\\lib\\site-packages\\appium\\webdriver\\errorhandler.py", "lineno": 29, "message": "in check_response"}, "style": "short"}}, {"type": "ReprEntry", "data": {"lines": ["    super(MobileErrorHandler, self).check_response(response)"], "reprfuncargs": null, "reprlocals": null, "reprfileloc": {"path": "D:\\Program Files (x86)\\python\\lib\\site-packages\\appium\\webdriver\\errorhandler.py", "lineno": 24, "message": "in check_response"}, "style": "short"}}, {"type": "ReprEntry", "data": {"lines": ["    def check_response(self, response):", "        \"\"\"", "        Checks that a JSON response from the WebDriver does not have an error.", "    ", "        :Args:", "         - response - The JSON response from the WebDriver server as a dictionary", "           object.", "    ", "        :Raises: If the response contains an error message.", "        \"\"\"", "        status = response.get('status', None)", "        if status is None or status == ErrorCode.SUCCESS:", "            return", "        value = None", "        message = response.get(\"message\", \"\")", "        screen = response.get(\"screen\", \"\")", "        stacktrace = None", "        if isinstance(status, int):", "            value_json = response.get('value', None)", "            if value_json and isinstance(value_json, basestring):", "                import json", "                try:", "                    value = json.loads(value_json)", "                    if len(value.keys()) == 1:", "                        value = value['value']", "                    status = value.get('error', None)", "                    if status is None:", "                        status = value[\"status\"]", "                        message = value[\"value\"]", "                        if not isinstance(message, basestring):", "                            value = message", "                            message = message.get('message')", "                    else:", "                        message = value.get('message', None)", "                except ValueError:", "                    pass", "    ", "        exception_class = ErrorInResponseException", "        if status in ErrorCode.NO_SUCH_ELEMENT:", "            exception_class = NoSuchElementException", "        elif status in ErrorCode.NO_SUCH_FRAME:", "            exception_class = NoSuchFrameException", "        elif status in ErrorCode.NO_SUCH_WINDOW:", "            exception_class = NoSuchWindowException", "        elif status in ErrorCode.STALE_ELEMENT_REFERENCE:", "            exception_class = StaleElementReferenceException", "        elif status in ErrorCode.ELEMENT_NOT_VISIBLE:", "            exception_class = ElementNotVisibleException", "        elif status in ErrorCode.INVALID_ELEMENT_STATE:", "            exception_class = InvalidElementStateException", "        elif status in ErrorCode.INVALID_SELECTOR \\", "                or status in ErrorCode.INVALID_XPATH_SELECTOR \\", "                or status in ErrorCode.INVALID_XPATH_SELECTOR_RETURN_TYPER:", "            exception_class = InvalidSelectorException", "        elif status in ErrorCode.ELEMENT_IS_NOT_SELECTABLE:", "            exception_class = ElementNotSelectableException", "        elif status in ErrorCode.ELEMENT_NOT_INTERACTABLE:", "            exception_class = ElementNotInteractableException", "        elif status in ErrorCode.INVALID_COOKIE_DOMAIN:", "            exception_class = InvalidCookieDomainException", "        elif status in ErrorCode.UNABLE_TO_SET_COOKIE:", "            exception_class = UnableToSetCookieException", "        elif status in ErrorCode.TIMEOUT:", "            exception_class = TimeoutException", "        elif status in ErrorCode.SCRIPT_TIMEOUT:", "            exception_class = TimeoutException", "        elif status in ErrorCode.UNKNOWN_ERROR:", "            exception_class = WebDriverException", "        elif status in ErrorCode.UNEXPECTED_ALERT_OPEN:", "            exception_class = UnexpectedAlertPresentException", "        elif status in ErrorCode.NO_ALERT_OPEN:", "            exception_class = NoAlertPresentException", "        elif status in ErrorCode.IME_NOT_AVAILABLE:", "            exception_class = ImeNotAvailableException", "        elif status in ErrorCode.IME_ENGINE_ACTIVATION_FAILED:", "            exception_class = ImeActivationFailedException", "        elif status in ErrorCode.MOVE_TARGET_OUT_OF_BOUNDS:", "            exception_class = MoveTargetOutOfBoundsException", "        elif status in ErrorCode.JAVASCRIPT_ERROR:", "            exception_class = JavascriptException", "        elif status in ErrorCode.SESSION_NOT_CREATED:", "            exception_class = SessionNotCreatedException", "        elif status in ErrorCode.INVALID_ARGUMENT:", "            exception_class = InvalidArgumentException", "        elif status in ErrorCode.NO_SUCH_COOKIE:", "            exception_class = NoSuchCookieException", "        elif status in ErrorCode.UNABLE_TO_CAPTURE_SCREEN:", "            exception_class = ScreenshotException", "        elif status in ErrorCode.ELEMENT_CLICK_INTERCEPTED:", "            exception_class = ElementClickInterceptedException", "        elif status in ErrorCode.INSECURE_CERTIFICATE:", "            exception_class = InsecureCertificateException", "        elif status in ErrorCode.INVALID_COORDINATES:", "            exception_class = InvalidCoordinatesException", "        elif status in ErrorCode.INVALID_SESSION_ID:", "            exception_class = InvalidSessionIdException", "        elif status in ErrorCode.UNKNOWN_METHOD:", "            exception_class = UnknownMethodException", "        else:", "            exception_class = WebDriverException", "        if value == '' or value is None:", "            value = response['value']", "        if isinstance(value, basestring):", "            if exception_class == ErrorInResponseException:", "                raise exception_class(response, value)", "            raise exception_class(value)", "        if message == \"\" and 'message' in value:", "            message = value['message']", "    ", "        screen = None", "        if 'screen' in value:", "            screen = value['screen']", "    ", "        stacktrace = None", "        if 'stackTrace' in value and value['stackTrace']:", "            stacktrace = []", "            try:", "                for frame in value['stackTrace']:", "                    line = self._value_or_default(frame, 'lineNumber', '')", "                    file = self._value_or_default(frame, 'fileName', '<anonymous>')", "                    if line:", "                        file = \"%s:%s\" % (file, line)", "                    meth = self._value_or_default(frame, 'methodName', '<anonymous>')", "                    if 'className' in frame:", "                        meth = \"%s.%s\" % (frame['className'], meth)", "                    msg = \"    at %s (%s)\"", "                    msg = msg % (meth, file)", "                    stacktrace.append(msg)", "            except TypeError:", "                pass", "        if exception_class == ErrorInResponseException:", "            raise exception_class(response, message)", "        elif exception_class == UnexpectedAlertPresentException:", "            alert_text = None", "            if 'data' in value:", "                alert_text = value['data'].get('text')", "            elif 'alert' in value:", "                alert_text = value['alert'].get('text')", "            raise exception_class(message, screen, stacktrace, alert_text)", ">       raise exception_class(message, screen, stacktrace)", "E       selenium.common.exceptions.NoSuchElementException: Message: An element could not be located on the page using the given search parameters."], "reprfuncargs": {"args": [["self", "<appium.webdriver.errorhandler.MobileErrorHandler object at 0x0000026A49E4F940>"], ["response", "{'status': 404, 'value': '{\"value\":{\"error\":\"no such element\",\"message\":\"An element could not be located on the page u...ces\\\\\\\\app\\\\\\\\node_modules\\\\\\\\appium\\\\\\\\node_modules\\\\\\\\appium-android-driver\\\\\\\\lib\\\\\\\\commands\\\\\\\\find.js:75:11)\"}}'}"]]}, "reprlocals": null, "reprfileloc": {"path": "D:\\Program Files (x86)\\python\\lib\\site-packages\\selenium\\webdriver\\remote\\errorhandler.py", "lineno": 242, "message": "NoSuchElementException"}, "style": "long"}}], "extraline": null, "style": "long"}, "sections": [], "chain": [[{"reprentries": [{"type": "ReprEntry", "data": {"lines": ["    @pytest.mark.parametrize('testdatas',GetTestDatas().get_testdatas()['login_tele_wrong'])", "    @pytest.mark.usefixtures('init_keep')", "    def test_login_tele_wrong(self,init_keep,init_session,testdatas):", "        init_session.info('\u624b\u673a\u53f7\u8f93\u5165\u9519\u8bef\u7528\u4f8b')", "        name = '\u624b\u673a\u53f7\u8f93\u5165\u9519\u8bef'", "        BottomWidget(init_keep,init_session,name).switch_bottom_widget('\u6211')", "        LoginPage(init_keep,init_session,name).input_tele(testdatas['tele'])", "        try:", "            assert LoginPage(init_keep,init_session,name).get_popbox_text() == testdatas['msg']", "            init_session.info('Test Pass!')", "        except Exception as e:", "            init_session.info('Test Fail')", ">           raise e"], "reprfuncargs": {"args": [["self", "<AppFramework.TestCases.test_0_login.TestLogin object at 0x0000026A49DEFF70>"], ["init_keep", "<appium.webdriver.webdriver.WebDriver (session=\"14cc5746-9354-4054-b6b2-449baedcc50b\")>"], ["init_session", "<module 'logging' from 'D:\\\\Program Files (x86)\\\\python\\\\lib\\\\logging\\\\__init__.py'>"], ["testdatas", "{'msg': '\u65e0\u6548\u7684\u624b\u673a\u53f7', 'tele': ' '}"]]}, "reprlocals": null, "reprfileloc": {"path": "TestCases\\test_0_login.py", "lineno": 36, "message": ""}, "style": "long"}}, {"type": "ReprEntry", "data": {"lines": ["    assert LoginPage(init_keep,init_session,name).get_popbox_text() == testdatas['msg']"], "reprfuncargs": null, "reprlocals": null, "reprfileloc": {"path": "TestCases\\test_0_login.py", "lineno": 32, "message": "in test_login_tele_wrong"}, "style": "short"}}, {"type": "ReprEntry", "data": {"lines": ["    return self.get_ele_attr(loc.popbox_prompt_loc,'text')"], "reprfuncargs": null, "reprlocals": null, "reprfileloc": {"path": "PageObjects\\loginpage.py", "lineno": 28, "message": "in get_popbox_text"}, "style": "short"}}, {"type": "ReprEntry", "data": {"lines": ["    ele = self.get_ele(loc)"], "reprfuncargs": null, "reprlocals": null, "reprfileloc": {"path": "Common\\basepage.py", "lineno": 88, "message": "in get_ele_attr"}, "style": "short"}}, {"type": "ReprEntry", "data": {"lines": ["    raise e"], "reprfuncargs": null, "reprlocals": null, "reprfileloc": {"path": "Common\\basepage.py", "lineno": 52, "message": "in get_ele"}, "style": "short"}}, {"type": "ReprEntry", "data": {"lines": ["    ele = self.driver.find_element(*loc)"], "reprfuncargs": null, "reprlocals": null, "reprfileloc": {"path": "Common\\basepage.py", "lineno": 46, "message": "in get_ele"}, "style": "short"}}, {"type": "ReprEntry", "data": {"lines": ["    return self.execute(RemoteCommand.FIND_ELEMENT, {"], "reprfuncargs": null, "reprlocals": null, "reprfileloc": {"path": "D:\\Program Files (x86)\\python\\lib\\site-packages\\appium\\webdriver\\webdriver.py", "lineno": 282, "message": "in find_element"}, "style": "short"}}, {"type": "ReprEntry", "data": {"lines": ["    self.error_handler.check_response(response)"], "reprfuncargs": null, "reprlocals": null, "reprfileloc": {"path": "D:\\Program Files (x86)\\python\\lib\\site-packages\\selenium\\webdriver\\remote\\webdriver.py", "lineno": 321, "message": "in execute"}, "style": "short"}}, {"type": "ReprEntry", "data": {"lines": ["    raise wde"], "reprfuncargs": null, "reprlocals": null, "reprfileloc": {"path": "D:\\Program Files (x86)\\python\\lib\\site-packages\\appium\\webdriver\\errorhandler.py", "lineno": 29, "message": "in check_response"}, "style": "short"}}, {"type": "ReprEntry", "data": {"lines": ["    super(MobileErrorHandler, self).check_response(response)"], "reprfuncargs": null, "reprlocals": null, "reprfileloc": {"path": "D:\\Program Files (x86)\\python\\lib\\site-packages\\appium\\webdriver\\errorhandler.py", "lineno": 24, "message": "in check_response"}, "style": "short"}}, {"type": "ReprEntry", "data": {"lines": ["    def check_response(self, response):", "        \"\"\"", "        Checks that a JSON response from the WebDriver does not have an error.", "    ", "        :Args:", "         - response - The JSON response from the WebDriver server as a dictionary", "           object.", "    ", "        :Raises: If the response contains an error message.", "        \"\"\"", "        status = response.get('status', None)", "        if status is None or status == ErrorCode.SUCCESS:", "            return", "        value = None", "        message = response.get(\"message\", \"\")", "        screen = response.get(\"screen\", \"\")", "        stacktrace = None", "        if isinstance(status, int):", "            value_json = response.get('value', None)", "            if value_json and isinstance(value_json, basestring):", "                import json", "                try:", "                    value = json.loads(value_json)", "                    if len(value.keys()) == 1:", "                        value = value['value']", "                    status = value.get('error', None)", "                    if status is None:", "                        status = value[\"status\"]", "                        message = value[\"value\"]", "                        if not isinstance(message, basestring):", "                            value = message", "                            message = message.get('message')", "                    else:", "                        message = value.get('message', None)", "                except ValueError:", "                    pass", "    ", "        exception_class = ErrorInResponseException", "        if status in ErrorCode.NO_SUCH_ELEMENT:", "            exception_class = NoSuchElementException", "        elif status in ErrorCode.NO_SUCH_FRAME:", "            exception_class = NoSuchFrameException", "        elif status in ErrorCode.NO_SUCH_WINDOW:", "            exception_class = NoSuchWindowException", "        elif status in ErrorCode.STALE_ELEMENT_REFERENCE:", "            exception_class = StaleElementReferenceException", "        elif status in ErrorCode.ELEMENT_NOT_VISIBLE:", "            exception_class = ElementNotVisibleException", "        elif status in ErrorCode.INVALID_ELEMENT_STATE:", "            exception_class = InvalidElementStateException", "        elif status in ErrorCode.INVALID_SELECTOR \\", "                or status in ErrorCode.INVALID_XPATH_SELECTOR \\", "                or status in ErrorCode.INVALID_XPATH_SELECTOR_RETURN_TYPER:", "            exception_class = InvalidSelectorException", "        elif status in ErrorCode.ELEMENT_IS_NOT_SELECTABLE:", "            exception_class = ElementNotSelectableException", "        elif status in ErrorCode.ELEMENT_NOT_INTERACTABLE:", "            exception_class = ElementNotInteractableException", "        elif status in ErrorCode.INVALID_COOKIE_DOMAIN:", "            exception_class = InvalidCookieDomainException", "        elif status in ErrorCode.UNABLE_TO_SET_COOKIE:", "            exception_class = UnableToSetCookieException", "        elif status in ErrorCode.TIMEOUT:", "            exception_class = TimeoutException", "        elif status in ErrorCode.SCRIPT_TIMEOUT:", "            exception_class = TimeoutException", "        elif status in ErrorCode.UNKNOWN_ERROR:", "            exception_class = WebDriverException", "        elif status in ErrorCode.UNEXPECTED_ALERT_OPEN:", "            exception_class = UnexpectedAlertPresentException", "        elif status in ErrorCode.NO_ALERT_OPEN:", "            exception_class = NoAlertPresentException", "        elif status in ErrorCode.IME_NOT_AVAILABLE:", "            exception_class = ImeNotAvailableException", "        elif status in ErrorCode.IME_ENGINE_ACTIVATION_FAILED:", "            exception_class = ImeActivationFailedException", "        elif status in ErrorCode.MOVE_TARGET_OUT_OF_BOUNDS:", "            exception_class = MoveTargetOutOfBoundsException", "        elif status in ErrorCode.JAVASCRIPT_ERROR:", "            exception_class = JavascriptException", "        elif status in ErrorCode.SESSION_NOT_CREATED:", "            exception_class = SessionNotCreatedException", "        elif status in ErrorCode.INVALID_ARGUMENT:", "            exception_class = InvalidArgumentException", "        elif status in ErrorCode.NO_SUCH_COOKIE:", "            exception_class = NoSuchCookieException", "        elif status in ErrorCode.UNABLE_TO_CAPTURE_SCREEN:", "            exception_class = ScreenshotException", "        elif status in ErrorCode.ELEMENT_CLICK_INTERCEPTED:", "            exception_class = ElementClickInterceptedException", "        elif status in ErrorCode.INSECURE_CERTIFICATE:", "            exception_class = InsecureCertificateException", "        elif status in ErrorCode.INVALID_COORDINATES:", "            exception_class = InvalidCoordinatesException", "        elif status in ErrorCode.INVALID_SESSION_ID:", "            exception_class = InvalidSessionIdException", "        elif status in ErrorCode.UNKNOWN_METHOD:", "            exception_class = UnknownMethodException", "        else:", "            exception_class = WebDriverException", "        if value == '' or value is None:", "            value = response['value']", "        if isinstance(value, basestring):", "            if exception_class == ErrorInResponseException:", "                raise exception_class(response, value)", "            raise exception_class(value)", "        if message == \"\" and 'message' in value:", "            message = value['message']", "    ", "        screen = None", "        if 'screen' in value:", "            screen = value['screen']", "    ", "        stacktrace = None", "        if 'stackTrace' in value and value['stackTrace']:", "            stacktrace = []", "            try:", "                for frame in value['stackTrace']:", "                    line = self._value_or_default(frame, 'lineNumber', '')", "                    file = self._value_or_default(frame, 'fileName', '<anonymous>')", "                    if line:", "                        file = \"%s:%s\" % (file, line)", "                    meth = self._value_or_default(frame, 'methodName', '<anonymous>')", "                    if 'className' in frame:", "                        meth = \"%s.%s\" % (frame['className'], meth)", "                    msg = \"    at %s (%s)\"", "                    msg = msg % (meth, file)", "                    stacktrace.append(msg)", "            except TypeError:", "                pass", "        if exception_class == ErrorInResponseException:", "            raise exception_class(response, message)", "        elif exception_class == UnexpectedAlertPresentException:", "            alert_text = None", "            if 'data' in value:", "                alert_text = value['data'].get('text')", "            elif 'alert' in value:", "                alert_text = value['alert'].get('text')", "            raise exception_class(message, screen, stacktrace, alert_text)", ">       raise exception_class(message, screen, stacktrace)", "E       selenium.common.exceptions.NoSuchElementException: Message: An element could not be located on the page using the given search parameters."], "reprfuncargs": {"args": [["self", "<appium.webdriver.errorhandler.MobileErrorHandler object at 0x0000026A49E4F940>"], ["response", "{'status': 404, 'value': '{\"value\":{\"error\":\"no such element\",\"message\":\"An element could not be located on the page u...ces\\\\\\\\app\\\\\\\\node_modules\\\\\\\\appium\\\\\\\\node_modules\\\\\\\\appium-android-driver\\\\\\\\lib\\\\\\\\commands\\\\\\\\find.js:75:11)\"}}'}"]]}, "reprlocals": null, "reprfileloc": {"path": "D:\\Program Files (x86)\\python\\lib\\site-packages\\selenium\\webdriver\\remote\\errorhandler.py", "lineno": 242, "message": "NoSuchElementException"}, "style": "long"}}], "extraline": null, "style": "long"}, {"path": "D:\\Program Files (x86)\\python\\lib\\site-packages\\selenium\\webdriver\\remote\\errorhandler.py", "lineno": 242, "message": "selenium.common.exceptions.NoSuchElementException: Message: An element could not be located on the page using the given search parameters."}, null]]}, "when": "call", "user_properties": [], "sections": [["Captured log call", "\u001b[32mINFO    \u001b[0m root:test_0_login.py:27 \u624b\u673a\u53f7\u8f93\u5165\u9519\u8bef\u7528\u4f8b\n\u001b[32mINFO    \u001b[0m root:bottom_widget.py:15 \u5207\u6362\u5230\u9875\u9762\u6211\n\u001b[32mINFO    \u001b[0m root:basepage.py:38 \u5143\u7d20('-android uiautomator', 'new UiSelector().text(\"\u6211\")')\u67e5\u627e\u6210\u529f\uff0c\u8017\u65f60.5417060852050781s\n\u001b[32mINFO    \u001b[0m root:basepage.py:47 \u5143\u7d20('-android uiautomator', 'new UiSelector().text(\"\u6211\")')\u67e5\u627e\u6210\u529f\uff01\n\u001b[32mINFO    \u001b[0m root:basepage.py:80 \u5143\u7d20('-android uiautomator', 'new UiSelector().text(\"\u6211\")')\u6210\u529f\u70b9\u51fb!\n\u001b[32mINFO    \u001b[0m root:basepage.py:38 \u5143\u7d20('id', 'com.xxzb.fenwoo:id/et_phone')\u67e5\u627e\u6210\u529f\uff0c\u8017\u65f60.5568954944610596s\n\u001b[32mINFO    \u001b[0m root:basepage.py:47 \u5143\u7d20('id', 'com.xxzb.fenwoo:id/et_phone')\u67e5\u627e\u6210\u529f\uff01\n\u001b[32mINFO    \u001b[0m root:basepage.py:59 \u5143\u7d20('id', 'com.xxzb.fenwoo:id/et_phone')\u6210\u529f\u8f93\u5165 \n\u001b[32mINFO    \u001b[0m root:basepage.py:47 \u5143\u7d20('id', 'com.xxzb.fenwoo:id/btn_next_step')\u67e5\u627e\u6210\u529f\uff01\n\u001b[32mINFO    \u001b[0m root:basepage.py:80 \u5143\u7d20('id', 'com.xxzb.fenwoo:id/btn_next_step')\u6210\u529f\u70b9\u51fb!\n\u001b[32mINFO    \u001b[0m root:basepage.py:105 \u622a\u56fe\u6210\u529f\uff0c\u6587\u4ef6\u4e3aD:\\python\\mystudy\\AppFramework\\Outputs\\Screen_Shots\\\u624b\u673a\u53f7\u8f93\u5165\u9519\u8bef-2020-03-04-13-09-17.png\n\u001b[31m\u001b[1mERROR   \u001b[0m root:basepage.py:51 \u5143\u7d20('id', 'com.xxzb.fenwoo:id/tv_message')\u67e5\u627e\u5931\u8d25\uff01\nTraceback (most recent call last):\n  File \"d:\\python\\mystudy\\AppFramework\\Common\\basepage.py\", line 46, in get_ele\n    ele = self.driver.find_element(*loc)\n  File \"D:\\Program Files (x86)\\python\\lib\\site-packages\\appium\\webdriver\\webdriver.py\", line 282, in find_element\n    return self.execute(RemoteCommand.FIND_ELEMENT, {\n  File \"D:\\Program Files (x86)\\python\\lib\\site-packages\\selenium\\webdriver\\remote\\webdriver.py\", line 321, in execute\n    self.error_handler.check_response(response)\n  File \"D:\\Program Files (x86)\\python\\lib\\site-packages\\appium\\webdriver\\errorhandler.py\", line 29, in check_response\n    raise wde\n  File \"D:\\Program Files (x86)\\python\\lib\\site-packages\\appium\\webdriver\\errorhandler.py\", line 24, in check_response\n    super(MobileErrorHandler, self).check_response(response)\n  File \"D:\\Program Files (x86)\\python\\lib\\site-packages\\selenium\\webdriver\\remote\\errorhandler.py\", line 242, in check_response\n    raise exception_class(message, screen, stacktrace)\nselenium.common.exceptions.NoSuchElementException: Message: An element could not be located on the page using the given search parameters.\n\n\u001b[32mINFO    \u001b[0m root:test_0_login.py:35 Test Fail"]], "duration": 5.459437370300293, "_report_type": "TestReport"}
{"nodeid": "TestCases/test_0_login.py::TestLogin::test_login_tele_wrong[testdatas0]", "location": ["TestCases\\test_0_login.py", 23, "TestLogin.test_login_tele_wrong[testdatas0]"], "keywords": {"test": 1, "()": 1, "testdatas0": 1, "usefixtures": 1, "test_login_tele_wrong[testdatas0]": 1, "pytestmark": 1, "TestLogin": 1, "parametrize": 1, "AppFramework": 1, "TestCases/__init__.py": 1, "test_0_login.py": 1}, "outcome": "passed", "longrepr": null, "when": "teardown", "user_properties": [], "sections": [["Captured log call", "\u001b[32mINFO    \u001b[0m root:test_0_login.py:27 \u624b\u673a\u53f7\u8f93\u5165\u9519\u8bef\u7528\u4f8b\n\u001b[32mINFO    \u001b[0m root:bottom_widget.py:15 \u5207\u6362\u5230\u9875\u9762\u6211\n\u001b[32mINFO    \u001b[0m root:basepage.py:38 \u5143\u7d20('-android uiautomator', 'new UiSelector().text(\"\u6211\")')\u67e5\u627e\u6210\u529f\uff0c\u8017\u65f60.5417060852050781s\n\u001b[32mINFO    \u001b[0m root:basepage.py:47 \u5143\u7d20('-android uiautomator', 'new UiSelector().text(\"\u6211\")')\u67e5\u627e\u6210\u529f\uff01\n\u001b[32mINFO    \u001b[0m root:basepage.py:80 \u5143\u7d20('-android uiautomator', 'new UiSelector().text(\"\u6211\")')\u6210\u529f\u70b9\u51fb!\n\u001b[32mINFO    \u001b[0m root:basepage.py:38 \u5143\u7d20('id', 'com.xxzb.fenwoo:id/et_phone')\u67e5\u627e\u6210\u529f\uff0c\u8017\u65f60.5568954944610596s\n\u001b[32mINFO    \u001b[0m root:basepage.py:47 \u5143\u7d20('id', 'com.xxzb.fenwoo:id/et_phone')\u67e5\u627e\u6210\u529f\uff01\n\u001b[32mINFO    \u001b[0m root:basepage.py:59 \u5143\u7d20('id', 'com.xxzb.fenwoo:id/et_phone')\u6210\u529f\u8f93\u5165 \n\u001b[32mINFO    \u001b[0m root:basepage.py:47 \u5143\u7d20('id', 'com.xxzb.fenwoo:id/btn_next_step')\u67e5\u627e\u6210\u529f\uff01\n\u001b[32mINFO    \u001b[0m root:basepage.py:80 \u5143\u7d20('id', 'com.xxzb.fenwoo:id/btn_next_step')\u6210\u529f\u70b9\u51fb!\n\u001b[32mINFO    \u001b[0m root:basepage.py:105 \u622a\u56fe\u6210\u529f\uff0c\u6587\u4ef6\u4e3aD:\\python\\mystudy\\AppFramework\\Outputs\\Screen_Shots\\\u624b\u673a\u53f7\u8f93\u5165\u9519\u8bef-2020-03-04-13-09-17.png\n\u001b[31m\u001b[1mERROR   \u001b[0m root:basepage.py:51 \u5143\u7d20('id', 'com.xxzb.fenwoo:id/tv_message')\u67e5\u627e\u5931\u8d25\uff01\nTraceback (most recent call last):\n  File \"d:\\python\\mystudy\\AppFramework\\Common\\basepage.py\", line 46, in get_ele\n    ele = self.driver.find_element(*loc)\n  File \"D:\\Program Files (x86)\\python\\lib\\site-packages\\appium\\webdriver\\webdriver.py\", line 282, in find_element\n    return self.execute(RemoteCommand.FIND_ELEMENT, {\n  File \"D:\\Program Files (x86)\\python\\lib\\site-packages\\selenium\\webdriver\\remote\\webdriver.py\", line 321, in execute\n    self.error_handler.check_response(response)\n  File \"D:\\Program Files (x86)\\python\\lib\\site-packages\\appium\\webdriver\\errorhandler.py\", line 29, in check_response\n    raise wde\n  File \"D:\\Program Files (x86)\\python\\lib\\site-packages\\appium\\webdriver\\errorhandler.py\", line 24, in check_response\n    super(MobileErrorHandler, self).check_response(response)\n  File \"D:\\Program Files (x86)\\python\\lib\\site-packages\\selenium\\webdriver\\remote\\errorhandler.py\", line 242, in check_response\n    raise exception_class(message, screen, stacktrace)\nselenium.common.exceptions.NoSuchElementException: Message: An element could not be located on the page using the given search parameters.\n\n\u001b[32mINFO    \u001b[0m root:test_0_login.py:35 Test Fail"]], "duration": 1.0039403438568115, "_report_type": "TestReport"}
{"nodeid": "TestCases/test_0_login.py::TestLogin::test_login_tele_wrong[testdatas1]", "location": ["TestCases\\test_0_login.py", 23, "TestLogin.test_login_tele_wrong[testdatas1]"], "keywords": {"test": 1, "testdatas1": 1, "()": 1, "usefixtures": 1, "pytestmark": 1, "TestLogin": 1, "test_login_tele_wrong[testdatas1]": 1, "parametrize": 1, "AppFramework": 1, "TestCases/__init__.py": 1, "test_0_login.py": 1}, "outcome": "passed", "longrepr": null, "when": "setup", "user_properties": [], "sections": [], "duration": 46.81586980819702, "_report_type": "TestReport"}
{"nodeid": "TestCases/test_0_login.py::TestLogin::test_login_tele_wrong[testdatas1]", "location": ["TestCases\\test_0_login.py", 23, "TestLogin.test_login_tele_wrong[testdatas1]"], "keywords": {"test": 1, "testdatas1": 1, "()": 1, "usefixtures": 1, "pytestmark": 1, "TestLogin": 1, "test_login_tele_wrong[testdatas1]": 1, "parametrize": 1, "AppFramework": 1, "TestCases/__init__.py": 1, "test_0_login.py": 1}, "outcome": "failed", "longrepr": {"reprcrash": {"path": "D:\\Program Files (x86)\\python\\lib\\site-packages\\selenium\\webdriver\\remote\\errorhandler.py", "lineno": 242, "message": "selenium.common.exceptions.NoSuchElementException: Message: An element could not be located on the page using the given search parameters."}, "reprtraceback": {"reprentries": [{"type": "ReprEntry", "data": {"lines": ["    @pytest.mark.parametrize('testdatas',GetTestDatas().get_testdatas()['login_tele_wrong'])", "    @pytest.mark.usefixtures('init_keep')", "    def test_login_tele_wrong(self,init_keep,init_session,testdatas):", "        init_session.info('\u624b\u673a\u53f7\u8f93\u5165\u9519\u8bef\u7528\u4f8b')", "        name = '\u624b\u673a\u53f7\u8f93\u5165\u9519\u8bef'", "        BottomWidget(init_keep,init_session,name).switch_bottom_widget('\u6211')", "        LoginPage(init_keep,init_session,name).input_tele(testdatas['tele'])", "        try:", "            assert LoginPage(init_keep,init_session,name).get_popbox_text() == testdatas['msg']", "            init_session.info('Test Pass!')", "        except Exception as e:", "            init_session.info('Test Fail')", ">           raise e"], "reprfuncargs": {"args": [["self", "<AppFramework.TestCases.test_0_login.TestLogin object at 0x0000026A49E4F9D0>"], ["init_keep", "<appium.webdriver.webdriver.WebDriver (session=\"7dc6ddb8-5ab2-4e6f-bc6d-d401da5bfbfe\")>"], ["init_session", "<module 'logging' from 'D:\\\\Program Files (x86)\\\\python\\\\lib\\\\logging\\\\__init__.py'>"], ["testdatas", "{'msg': '\u65e0\u6548\u7684\u624b\u673a\u53f7', 'tele': 15264}"]]}, "reprlocals": null, "reprfileloc": {"path": "TestCases\\test_0_login.py", "lineno": 36, "message": ""}, "style": "long"}}, {"type": "ReprEntry", "data": {"lines": ["    assert LoginPage(init_keep,init_session,name).get_popbox_text() == testdatas['msg']"], "reprfuncargs": null, "reprlocals": null, "reprfileloc": {"path": "TestCases\\test_0_login.py", "lineno": 32, "message": "in test_login_tele_wrong"}, "style": "short"}}, {"type": "ReprEntry", "data": {"lines": ["    return self.get_ele_attr(loc.popbox_prompt_loc,'text')"], "reprfuncargs": null, "reprlocals": null, "reprfileloc": {"path": "PageObjects\\loginpage.py", "lineno": 28, "message": "in get_popbox_text"}, "style": "short"}}, {"type": "ReprEntry", "data": {"lines": ["    ele = self.get_ele(loc)"], "reprfuncargs": null, "reprlocals": null, "reprfileloc": {"path": "Common\\basepage.py", "lineno": 88, "message": "in get_ele_attr"}, "style": "short"}}, {"type": "ReprEntry", "data": {"lines": ["    raise e"], "reprfuncargs": null, "reprlocals": null, "reprfileloc": {"path": "Common\\basepage.py", "lineno": 52, "message": "in get_ele"}, "style": "short"}}, {"type": "ReprEntry", "data": {"lines": ["    ele = self.driver.find_element(*loc)"], "reprfuncargs": null, "reprlocals": null, "reprfileloc": {"path": "Common\\basepage.py", "lineno": 46, "message": "in get_ele"}, "style": "short"}}, {"type": "ReprEntry", "data": {"lines": ["    return self.execute(RemoteCommand.FIND_ELEMENT, {"], "reprfuncargs": null, "reprlocals": null, "reprfileloc": {"path": "D:\\Program Files (x86)\\python\\lib\\site-packages\\appium\\webdriver\\webdriver.py", "lineno": 282, "message": "in find_element"}, "style": "short"}}, {"type": "ReprEntry", "data": {"lines": ["    self.error_handler.check_response(response)"], "reprfuncargs": null, "reprlocals": null, "reprfileloc": {"path": "D:\\Program Files (x86)\\python\\lib\\site-packages\\selenium\\webdriver\\remote\\webdriver.py", "lineno": 321, "message": "in execute"}, "style": "short"}}, {"type": "ReprEntry", "data": {"lines": ["    raise wde"], "reprfuncargs": null, "reprlocals": null, "reprfileloc": {"path": "D:\\Program Files (x86)\\python\\lib\\site-packages\\appium\\webdriver\\errorhandler.py", "lineno": 29, "message": "in check_response"}, "style": "short"}}, {"type": "ReprEntry", "data": {"lines": ["    super(MobileErrorHandler, self).check_response(response)"], "reprfuncargs": null, "reprlocals": null, "reprfileloc": {"path": "D:\\Program Files (x86)\\python\\lib\\site-packages\\appium\\webdriver\\errorhandler.py", "lineno": 24, "message": "in check_response"}, "style": "short"}}, {"type": "ReprEntry", "data": {"lines": ["    def check_response(self, response):", "        \"\"\"", "        Checks that a JSON response from the WebDriver does not have an error.", "    ", "        :Args:", "         - response - The JSON response from the WebDriver server as a dictionary", "           object.", "    ", "        :Raises: If the response contains an error message.", "        \"\"\"", "        status = response.get('status', None)", "        if status is None or status == ErrorCode.SUCCESS:", "            return", "        value = None", "        message = response.get(\"message\", \"\")", "        screen = response.get(\"screen\", \"\")", "        stacktrace = None", "        if isinstance(status, int):", "            value_json = response.get('value', None)", "            if value_json and isinstance(value_json, basestring):", "                import json", "                try:", "                    value = json.loads(value_json)", "                    if len(value.keys()) == 1:", "                        value = value['value']", "                    status = value.get('error', None)", "                    if status is None:", "                        status = value[\"status\"]", "                        message = value[\"value\"]", "                        if not isinstance(message, basestring):", "                            value = message", "                            message = message.get('message')", "                    else:", "                        message = value.get('message', None)", "                except ValueError:", "                    pass", "    ", "        exception_class = ErrorInResponseException", "        if status in ErrorCode.NO_SUCH_ELEMENT:", "            exception_class = NoSuchElementException", "        elif status in ErrorCode.NO_SUCH_FRAME:", "            exception_class = NoSuchFrameException", "        elif status in ErrorCode.NO_SUCH_WINDOW:", "            exception_class = NoSuchWindowException", "        elif status in ErrorCode.STALE_ELEMENT_REFERENCE:", "            exception_class = StaleElementReferenceException", "        elif status in ErrorCode.ELEMENT_NOT_VISIBLE:", "            exception_class = ElementNotVisibleException", "        elif status in ErrorCode.INVALID_ELEMENT_STATE:", "            exception_class = InvalidElementStateException", "        elif status in ErrorCode.INVALID_SELECTOR \\", "                or status in ErrorCode.INVALID_XPATH_SELECTOR \\", "                or status in ErrorCode.INVALID_XPATH_SELECTOR_RETURN_TYPER:", "            exception_class = InvalidSelectorException", "        elif status in ErrorCode.ELEMENT_IS_NOT_SELECTABLE:", "            exception_class = ElementNotSelectableException", "        elif status in ErrorCode.ELEMENT_NOT_INTERACTABLE:", "            exception_class = ElementNotInteractableException", "        elif status in ErrorCode.INVALID_COOKIE_DOMAIN:", "            exception_class = InvalidCookieDomainException", "        elif status in ErrorCode.UNABLE_TO_SET_COOKIE:", "            exception_class = UnableToSetCookieException", "        elif status in ErrorCode.TIMEOUT:", "            exception_class = TimeoutException", "        elif status in ErrorCode.SCRIPT_TIMEOUT:", "            exception_class = TimeoutException", "        elif status in ErrorCode.UNKNOWN_ERROR:", "            exception_class = WebDriverException", "        elif status in ErrorCode.UNEXPECTED_ALERT_OPEN:", "            exception_class = UnexpectedAlertPresentException", "        elif status in ErrorCode.NO_ALERT_OPEN:", "            exception_class = NoAlertPresentException", "        elif status in ErrorCode.IME_NOT_AVAILABLE:", "            exception_class = ImeNotAvailableException", "        elif status in ErrorCode.IME_ENGINE_ACTIVATION_FAILED:", "            exception_class = ImeActivationFailedException", "        elif status in ErrorCode.MOVE_TARGET_OUT_OF_BOUNDS:", "            exception_class = MoveTargetOutOfBoundsException", "        elif status in ErrorCode.JAVASCRIPT_ERROR:", "            exception_class = JavascriptException", "        elif status in ErrorCode.SESSION_NOT_CREATED:", "            exception_class = SessionNotCreatedException", "        elif status in ErrorCode.INVALID_ARGUMENT:", "            exception_class = InvalidArgumentException", "        elif status in ErrorCode.NO_SUCH_COOKIE:", "            exception_class = NoSuchCookieException", "        elif status in ErrorCode.UNABLE_TO_CAPTURE_SCREEN:", "            exception_class = ScreenshotException", "        elif status in ErrorCode.ELEMENT_CLICK_INTERCEPTED:", "            exception_class = ElementClickInterceptedException", "        elif status in ErrorCode.INSECURE_CERTIFICATE:", "            exception_class = InsecureCertificateException", "        elif status in ErrorCode.INVALID_COORDINATES:", "            exception_class = InvalidCoordinatesException", "        elif status in ErrorCode.INVALID_SESSION_ID:", "            exception_class = InvalidSessionIdException", "        elif status in ErrorCode.UNKNOWN_METHOD:", "            exception_class = UnknownMethodException", "        else:", "            exception_class = WebDriverException", "        if value == '' or value is None:", "            value = response['value']", "        if isinstance(value, basestring):", "            if exception_class == ErrorInResponseException:", "                raise exception_class(response, value)", "            raise exception_class(value)", "        if message == \"\" and 'message' in value:", "            message = value['message']", "    ", "        screen = None", "        if 'screen' in value:", "            screen = value['screen']", "    ", "        stacktrace = None", "        if 'stackTrace' in value and value['stackTrace']:", "            stacktrace = []", "            try:", "                for frame in value['stackTrace']:", "                    line = self._value_or_default(frame, 'lineNumber', '')", "                    file = self._value_or_default(frame, 'fileName', '<anonymous>')", "                    if line:", "                        file = \"%s:%s\" % (file, line)", "                    meth = self._value_or_default(frame, 'methodName', '<anonymous>')", "                    if 'className' in frame:", "                        meth = \"%s.%s\" % (frame['className'], meth)", "                    msg = \"    at %s (%s)\"", "                    msg = msg % (meth, file)", "                    stacktrace.append(msg)", "            except TypeError:", "                pass", "        if exception_class == ErrorInResponseException:", "            raise exception_class(response, message)", "        elif exception_class == UnexpectedAlertPresentException:", "            alert_text = None", "            if 'data' in value:", "                alert_text = value['data'].get('text')", "            elif 'alert' in value:", "                alert_text = value['alert'].get('text')", "            raise exception_class(message, screen, stacktrace, alert_text)", ">       raise exception_class(message, screen, stacktrace)", "E       selenium.common.exceptions.NoSuchElementException: Message: An element could not be located on the page using the given search parameters."], "reprfuncargs": {"args": [["self", "<appium.webdriver.errorhandler.MobileErrorHandler object at 0x0000026A4A69D490>"], ["response", "{'status': 404, 'value': '{\"value\":{\"error\":\"no such element\",\"message\":\"An element could not be located on the page u...ces\\\\\\\\app\\\\\\\\node_modules\\\\\\\\appium\\\\\\\\node_modules\\\\\\\\appium-android-driver\\\\\\\\lib\\\\\\\\commands\\\\\\\\find.js:75:11)\"}}'}"]]}, "reprlocals": null, "reprfileloc": {"path": "D:\\Program Files (x86)\\python\\lib\\site-packages\\selenium\\webdriver\\remote\\errorhandler.py", "lineno": 242, "message": "NoSuchElementException"}, "style": "long"}}], "extraline": null, "style": "long"}, "sections": [], "chain": [[{"reprentries": [{"type": "ReprEntry", "data": {"lines": ["    @pytest.mark.parametrize('testdatas',GetTestDatas().get_testdatas()['login_tele_wrong'])", "    @pytest.mark.usefixtures('init_keep')", "    def test_login_tele_wrong(self,init_keep,init_session,testdatas):", "        init_session.info('\u624b\u673a\u53f7\u8f93\u5165\u9519\u8bef\u7528\u4f8b')", "        name = '\u624b\u673a\u53f7\u8f93\u5165\u9519\u8bef'", "        BottomWidget(init_keep,init_session,name).switch_bottom_widget('\u6211')", "        LoginPage(init_keep,init_session,name).input_tele(testdatas['tele'])", "        try:", "            assert LoginPage(init_keep,init_session,name).get_popbox_text() == testdatas['msg']", "            init_session.info('Test Pass!')", "        except Exception as e:", "            init_session.info('Test Fail')", ">           raise e"], "reprfuncargs": {"args": [["self", "<AppFramework.TestCases.test_0_login.TestLogin object at 0x0000026A49E4F9D0>"], ["init_keep", "<appium.webdriver.webdriver.WebDriver (session=\"7dc6ddb8-5ab2-4e6f-bc6d-d401da5bfbfe\")>"], ["init_session", "<module 'logging' from 'D:\\\\Program Files (x86)\\\\python\\\\lib\\\\logging\\\\__init__.py'>"], ["testdatas", "{'msg': '\u65e0\u6548\u7684\u624b\u673a\u53f7', 'tele': 15264}"]]}, "reprlocals": null, "reprfileloc": {"path": "TestCases\\test_0_login.py", "lineno": 36, "message": ""}, "style": "long"}}, {"type": "ReprEntry", "data": {"lines": ["    assert LoginPage(init_keep,init_session,name).get_popbox_text() == testdatas['msg']"], "reprfuncargs": null, "reprlocals": null, "reprfileloc": {"path": "TestCases\\test_0_login.py", "lineno": 32, "message": "in test_login_tele_wrong"}, "style": "short"}}, {"type": "ReprEntry", "data": {"lines": ["    return self.get_ele_attr(loc.popbox_prompt_loc,'text')"], "reprfuncargs": null, "reprlocals": null, "reprfileloc": {"path": "PageObjects\\loginpage.py", "lineno": 28, "message": "in get_popbox_text"}, "style": "short"}}, {"type": "ReprEntry", "data": {"lines": ["    ele = self.get_ele(loc)"], "reprfuncargs": null, "reprlocals": null, "reprfileloc": {"path": "Common\\basepage.py", "lineno": 88, "message": "in get_ele_attr"}, "style": "short"}}, {"type": "ReprEntry", "data": {"lines": ["    raise e"], "reprfuncargs": null, "reprlocals": null, "reprfileloc": {"path": "Common\\basepage.py", "lineno": 52, "message": "in get_ele"}, "style": "short"}}, {"type": "ReprEntry", "data": {"lines": ["    ele = self.driver.find_element(*loc)"], "reprfuncargs": null, "reprlocals": null, "reprfileloc": {"path": "Common\\basepage.py", "lineno": 46, "message": "in get_ele"}, "style": "short"}}, {"type": "ReprEntry", "data": {"lines": ["    return self.execute(RemoteCommand.FIND_ELEMENT, {"], "reprfuncargs": null, "reprlocals": null, "reprfileloc": {"path": "D:\\Program Files (x86)\\python\\lib\\site-packages\\appium\\webdriver\\webdriver.py", "lineno": 282, "message": "in find_element"}, "style": "short"}}, {"type": "ReprEntry", "data": {"lines": ["    self.error_handler.check_response(response)"], "reprfuncargs": null, "reprlocals": null, "reprfileloc": {"path": "D:\\Program Files (x86)\\python\\lib\\site-packages\\selenium\\webdriver\\remote\\webdriver.py", "lineno": 321, "message": "in execute"}, "style": "short"}}, {"type": "ReprEntry", "data": {"lines": ["    raise wde"], "reprfuncargs": null, "reprlocals": null, "reprfileloc": {"path": "D:\\Program Files (x86)\\python\\lib\\site-packages\\appium\\webdriver\\errorhandler.py", "lineno": 29, "message": "in check_response"}, "style": "short"}}, {"type": "ReprEntry", "data": {"lines": ["    super(MobileErrorHandler, self).check_response(response)"], "reprfuncargs": null, "reprlocals": null, "reprfileloc": {"path": "D:\\Program Files (x86)\\python\\lib\\site-packages\\appium\\webdriver\\errorhandler.py", "lineno": 24, "message": "in check_response"}, "style": "short"}}, {"type": "ReprEntry", "data": {"lines": ["    def check_response(self, response):", "        \"\"\"", "        Checks that a JSON response from the WebDriver does not have an error.", "    ", "        :Args:", "         - response - The JSON response from the WebDriver server as a dictionary", "           object.", "    ", "        :Raises: If the response contains an error message.", "        \"\"\"", "        status = response.get('status', None)", "        if status is None or status == ErrorCode.SUCCESS:", "            return", "        value = None", "        message = response.get(\"message\", \"\")", "        screen = response.get(\"screen\", \"\")", "        stacktrace = None", "        if isinstance(status, int):", "            value_json = response.get('value', None)", "            if value_json and isinstance(value_json, basestring):", "                import json", "                try:", "                    value = json.loads(value_json)", "                    if len(value.keys()) == 1:", "                        value = value['value']", "                    status = value.get('error', None)", "                    if status is None:", "                        status = value[\"status\"]", "                        message = value[\"value\"]", "                        if not isinstance(message, basestring):", "                            value = message", "                            message = message.get('message')", "                    else:", "                        message = value.get('message', None)", "                except ValueError:", "                    pass", "    ", "        exception_class = ErrorInResponseException", "        if status in ErrorCode.NO_SUCH_ELEMENT:", "            exception_class = NoSuchElementException", "        elif status in ErrorCode.NO_SUCH_FRAME:", "            exception_class = NoSuchFrameException", "        elif status in ErrorCode.NO_SUCH_WINDOW:", "            exception_class = NoSuchWindowException", "        elif status in ErrorCode.STALE_ELEMENT_REFERENCE:", "            exception_class = StaleElementReferenceException", "        elif status in ErrorCode.ELEMENT_NOT_VISIBLE:", "            exception_class = ElementNotVisibleException", "        elif status in ErrorCode.INVALID_ELEMENT_STATE:", "            exception_class = InvalidElementStateException", "        elif status in ErrorCode.INVALID_SELECTOR \\", "                or status in ErrorCode.INVALID_XPATH_SELECTOR \\", "                or status in ErrorCode.INVALID_XPATH_SELECTOR_RETURN_TYPER:", "            exception_class = InvalidSelectorException", "        elif status in ErrorCode.ELEMENT_IS_NOT_SELECTABLE:", "            exception_class = ElementNotSelectableException", "        elif status in ErrorCode.ELEMENT_NOT_INTERACTABLE:", "            exception_class = ElementNotInteractableException", "        elif status in ErrorCode.INVALID_COOKIE_DOMAIN:", "            exception_class = InvalidCookieDomainException", "        elif status in ErrorCode.UNABLE_TO_SET_COOKIE:", "            exception_class = UnableToSetCookieException", "        elif status in ErrorCode.TIMEOUT:", "            exception_class = TimeoutException", "        elif status in ErrorCode.SCRIPT_TIMEOUT:", "            exception_class = TimeoutException", "        elif status in ErrorCode.UNKNOWN_ERROR:", "            exception_class = WebDriverException", "        elif status in ErrorCode.UNEXPECTED_ALERT_OPEN:", "            exception_class = UnexpectedAlertPresentException", "        elif status in ErrorCode.NO_ALERT_OPEN:", "            exception_class = NoAlertPresentException", "        elif status in ErrorCode.IME_NOT_AVAILABLE:", "            exception_class = ImeNotAvailableException", "        elif status in ErrorCode.IME_ENGINE_ACTIVATION_FAILED:", "            exception_class = ImeActivationFailedException", "        elif status in ErrorCode.MOVE_TARGET_OUT_OF_BOUNDS:", "            exception_class = MoveTargetOutOfBoundsException", "        elif status in ErrorCode.JAVASCRIPT_ERROR:", "            exception_class = JavascriptException", "        elif status in ErrorCode.SESSION_NOT_CREATED:", "            exception_class = SessionNotCreatedException", "        elif status in ErrorCode.INVALID_ARGUMENT:", "            exception_class = InvalidArgumentException", "        elif status in ErrorCode.NO_SUCH_COOKIE:", "            exception_class = NoSuchCookieException", "        elif status in ErrorCode.UNABLE_TO_CAPTURE_SCREEN:", "            exception_class = ScreenshotException", "        elif status in ErrorCode.ELEMENT_CLICK_INTERCEPTED:", "            exception_class = ElementClickInterceptedException", "        elif status in ErrorCode.INSECURE_CERTIFICATE:", "            exception_class = InsecureCertificateException", "        elif status in ErrorCode.INVALID_COORDINATES:", "            exception_class = InvalidCoordinatesException", "        elif status in ErrorCode.INVALID_SESSION_ID:", "            exception_class = InvalidSessionIdException", "        elif status in ErrorCode.UNKNOWN_METHOD:", "            exception_class = UnknownMethodException", "        else:", "            exception_class = WebDriverException", "        if value == '' or value is None:", "            value = response['value']", "        if isinstance(value, basestring):", "            if exception_class == ErrorInResponseException:", "                raise exception_class(response, value)", "            raise exception_class(value)", "        if message == \"\" and 'message' in value:", "            message = value['message']", "    ", "        screen = None", "        if 'screen' in value:", "            screen = value['screen']", "    ", "        stacktrace = None", "        if 'stackTrace' in value and value['stackTrace']:", "            stacktrace = []", "            try:", "                for frame in value['stackTrace']:", "                    line = self._value_or_default(frame, 'lineNumber', '')", "                    file = self._value_or_default(frame, 'fileName', '<anonymous>')", "                    if line:", "                        file = \"%s:%s\" % (file, line)", "                    meth = self._value_or_default(frame, 'methodName', '<anonymous>')", "                    if 'className' in frame:", "                        meth = \"%s.%s\" % (frame['className'], meth)", "                    msg = \"    at %s (%s)\"", "                    msg = msg % (meth, file)", "                    stacktrace.append(msg)", "            except TypeError:", "                pass", "        if exception_class == ErrorInResponseException:", "            raise exception_class(response, message)", "        elif exception_class == UnexpectedAlertPresentException:", "            alert_text = None", "            if 'data' in value:", "                alert_text = value['data'].get('text')", "            elif 'alert' in value:", "                alert_text = value['alert'].get('text')", "            raise exception_class(message, screen, stacktrace, alert_text)", ">       raise exception_class(message, screen, stacktrace)", "E       selenium.common.exceptions.NoSuchElementException: Message: An element could not be located on the page using the given search parameters."], "reprfuncargs": {"args": [["self", "<appium.webdriver.errorhandler.MobileErrorHandler object at 0x0000026A4A69D490>"], ["response", "{'status': 404, 'value': '{\"value\":{\"error\":\"no such element\",\"message\":\"An element could not be located on the page u...ces\\\\\\\\app\\\\\\\\node_modules\\\\\\\\appium\\\\\\\\node_modules\\\\\\\\appium-android-driver\\\\\\\\lib\\\\\\\\commands\\\\\\\\find.js:75:11)\"}}'}"]]}, "reprlocals": null, "reprfileloc": {"path": "D:\\Program Files (x86)\\python\\lib\\site-packages\\selenium\\webdriver\\remote\\errorhandler.py", "lineno": 242, "message": "NoSuchElementException"}, "style": "long"}}], "extraline": null, "style": "long"}, {"path": "D:\\Program Files (x86)\\python\\lib\\site-packages\\selenium\\webdriver\\remote\\errorhandler.py", "lineno": 242, "message": "selenium.common.exceptions.NoSuchElementException: Message: An element could not be located on the page using the given search parameters."}, null]]}, "when": "call", "user_properties": [], "sections": [["Captured log call", "\u001b[32mINFO    \u001b[0m root:test_0_login.py:27 \u624b\u673a\u53f7\u8f93\u5165\u9519\u8bef\u7528\u4f8b\n\u001b[32mINFO    \u001b[0m root:bottom_widget.py:15 \u5207\u6362\u5230\u9875\u9762\u6211\n\u001b[32mINFO    \u001b[0m root:basepage.py:38 \u5143\u7d20('-android uiautomator', 'new UiSelector().text(\"\u6211\")')\u67e5\u627e\u6210\u529f\uff0c\u8017\u65f60.5719337463378906s\n\u001b[32mINFO    \u001b[0m root:basepage.py:47 \u5143\u7d20('-android uiautomator', 'new UiSelector().text(\"\u6211\")')\u67e5\u627e\u6210\u529f\uff01\n\u001b[32mINFO    \u001b[0m root:basepage.py:80 \u5143\u7d20('-android uiautomator', 'new UiSelector().text(\"\u6211\")')\u6210\u529f\u70b9\u51fb!\n\u001b[32mINFO    \u001b[0m root:basepage.py:38 \u5143\u7d20('id', 'com.xxzb.fenwoo:id/et_phone')\u67e5\u627e\u6210\u529f\uff0c\u8017\u65f60.5677657127380371s\n\u001b[32mINFO    \u001b[0m root:basepage.py:47 \u5143\u7d20('id', 'com.xxzb.fenwoo:id/et_phone')\u67e5\u627e\u6210\u529f\uff01\n\u001b[32mINFO    \u001b[0m root:basepage.py:59 \u5143\u7d20('id', 'com.xxzb.fenwoo:id/et_phone')\u6210\u529f\u8f93\u516515264\n\u001b[32mINFO    \u001b[0m root:basepage.py:47 \u5143\u7d20('id', 'com.xxzb.fenwoo:id/btn_next_step')\u67e5\u627e\u6210\u529f\uff01\n\u001b[32mINFO    \u001b[0m root:basepage.py:80 \u5143\u7d20('id', 'com.xxzb.fenwoo:id/btn_next_step')\u6210\u529f\u70b9\u51fb!\n\u001b[32mINFO    \u001b[0m root:basepage.py:105 \u622a\u56fe\u6210\u529f\uff0c\u6587\u4ef6\u4e3aD:\\python\\mystudy\\AppFramework\\Outputs\\Screen_Shots\\\u624b\u673a\u53f7\u8f93\u5165\u9519\u8bef-2020-03-04-13-10-11.png\n\u001b[31m\u001b[1mERROR   \u001b[0m root:basepage.py:51 \u5143\u7d20('id', 'com.xxzb.fenwoo:id/tv_message')\u67e5\u627e\u5931\u8d25\uff01\nTraceback (most recent call last):\n  File \"d:\\python\\mystudy\\AppFramework\\Common\\basepage.py\", line 46, in get_ele\n    ele = self.driver.find_element(*loc)\n  File \"D:\\Program Files (x86)\\python\\lib\\site-packages\\appium\\webdriver\\webdriver.py\", line 282, in find_element\n    return self.execute(RemoteCommand.FIND_ELEMENT, {\n  File \"D:\\Program Files (x86)\\python\\lib\\site-packages\\selenium\\webdriver\\remote\\webdriver.py\", line 321, in execute\n    self.error_handler.check_response(response)\n  File \"D:\\Program Files (x86)\\python\\lib\\site-packages\\appium\\webdriver\\errorhandler.py\", line 29, in check_response\n    raise wde\n  File \"D:\\Program Files (x86)\\python\\lib\\site-packages\\appium\\webdriver\\errorhandler.py\", line 24, in check_response\n    super(MobileErrorHandler, self).check_response(response)\n  File \"D:\\Program Files (x86)\\python\\lib\\site-packages\\selenium\\webdriver\\remote\\errorhandler.py\", line 242, in check_response\n    raise exception_class(message, screen, stacktrace)\nselenium.common.exceptions.NoSuchElementException: Message: An element could not be located on the page using the given search parameters.\n\n\u001b[32mINFO    \u001b[0m root:test_0_login.py:35 Test Fail"]], "duration": 5.901988744735718, "_report_type": "TestReport"}
{"nodeid": "TestCases/test_0_login.py::TestLogin::test_login_tele_wrong[testdatas1]", "location": ["TestCases\\test_0_login.py", 23, "TestLogin.test_login_tele_wrong[testdatas1]"], "keywords": {"test": 1, "testdatas1": 1, "()": 1, "usefixtures": 1, "pytestmark": 1, "TestLogin": 1, "test_login_tele_wrong[testdatas1]": 1, "parametrize": 1, "AppFramework": 1, "TestCases/__init__.py": 1, "test_0_login.py": 1}, "outcome": "passed", "longrepr": null, "when": "teardown", "user_properties": [], "sections": [["Captured log call", "\u001b[32mINFO    \u001b[0m root:test_0_login.py:27 \u624b\u673a\u53f7\u8f93\u5165\u9519\u8bef\u7528\u4f8b\n\u001b[32mINFO    \u001b[0m root:bottom_widget.py:15 \u5207\u6362\u5230\u9875\u9762\u6211\n\u001b[32mINFO    \u001b[0m root:basepage.py:38 \u5143\u7d20('-android uiautomator', 'new UiSelector().text(\"\u6211\")')\u67e5\u627e\u6210\u529f\uff0c\u8017\u65f60.5719337463378906s\n\u001b[32mINFO    \u001b[0m root:basepage.py:47 \u5143\u7d20('-android uiautomator', 'new UiSelector().text(\"\u6211\")')\u67e5\u627e\u6210\u529f\uff01\n\u001b[32mINFO    \u001b[0m root:basepage.py:80 \u5143\u7d20('-android uiautomator', 'new UiSelector().text(\"\u6211\")')\u6210\u529f\u70b9\u51fb!\n\u001b[32mINFO    \u001b[0m root:basepage.py:38 \u5143\u7d20('id', 'com.xxzb.fenwoo:id/et_phone')\u67e5\u627e\u6210\u529f\uff0c\u8017\u65f60.5677657127380371s\n\u001b[32mINFO    \u001b[0m root:basepage.py:47 \u5143\u7d20('id', 'com.xxzb.fenwoo:id/et_phone')\u67e5\u627e\u6210\u529f\uff01\n\u001b[32mINFO    \u001b[0m root:basepage.py:59 \u5143\u7d20('id', 'com.xxzb.fenwoo:id/et_phone')\u6210\u529f\u8f93\u516515264\n\u001b[32mINFO    \u001b[0m root:basepage.py:47 \u5143\u7d20('id', 'com.xxzb.fenwoo:id/btn_next_step')\u67e5\u627e\u6210\u529f\uff01\n\u001b[32mINFO    \u001b[0m root:basepage.py:80 \u5143\u7d20('id', 'com.xxzb.fenwoo:id/btn_next_step')\u6210\u529f\u70b9\u51fb!\n\u001b[32mINFO    \u001b[0m root:basepage.py:105 \u622a\u56fe\u6210\u529f\uff0c\u6587\u4ef6\u4e3aD:\\python\\mystudy\\AppFramework\\Outputs\\Screen_Shots\\\u624b\u673a\u53f7\u8f93\u5165\u9519\u8bef-2020-03-04-13-10-11.png\n\u001b[31m\u001b[1mERROR   \u001b[0m root:basepage.py:51 \u5143\u7d20('id', 'com.xxzb.fenwoo:id/tv_message')\u67e5\u627e\u5931\u8d25\uff01\nTraceback (most recent call last):\n  File \"d:\\python\\mystudy\\AppFramework\\Common\\basepage.py\", line 46, in get_ele\n    ele = self.driver.find_element(*loc)\n  File \"D:\\Program Files (x86)\\python\\lib\\site-packages\\appium\\webdriver\\webdriver.py\", line 282, in find_element\n    return self.execute(RemoteCommand.FIND_ELEMENT, {\n  File \"D:\\Program Files (x86)\\python\\lib\\site-packages\\selenium\\webdriver\\remote\\webdriver.py\", line 321, in execute\n    self.error_handler.check_response(response)\n  File \"D:\\Program Files (x86)\\python\\lib\\site-packages\\appium\\webdriver\\errorhandler.py\", line 29, in check_response\n    raise wde\n  File \"D:\\Program Files (x86)\\python\\lib\\site-packages\\appium\\webdriver\\errorhandler.py\", line 24, in check_response\n    super(MobileErrorHandler, self).check_response(response)\n  File \"D:\\Program Files (x86)\\python\\lib\\site-packages\\selenium\\webdriver\\remote\\errorhandler.py\", line 242, in check_response\n    raise exception_class(message, screen, stacktrace)\nselenium.common.exceptions.NoSuchElementException: Message: An element could not be located on the page using the given search parameters.\n\n\u001b[32mINFO    \u001b[0m root:test_0_login.py:35 Test Fail"]], "duration": 0.9676761627197266, "_report_type": "TestReport"}
{"nodeid": "TestCases/test_0_login.py::TestLogin::test_login_tele_wrong[testdatas2]", "location": ["TestCases\\test_0_login.py", 23, "TestLogin.test_login_tele_wrong[testdatas2]"], "keywords": {"test": 1, "()": 1, "testdatas2": 1, "usefixtures": 1, "pytestmark": 1, "test_login_tele_wrong[testdatas2]": 1, "TestLogin": 1, "parametrize": 1, "AppFramework": 1, "TestCases/__init__.py": 1, "test_0_login.py": 1}, "outcome": "passed", "longrepr": null, "when": "setup", "user_properties": [], "sections": [["Captured log setup", "\u001b[33mWARNING \u001b[0m urllib3.connectionpool:connectionpool.py:744 Retrying (Retry(total=2, connect=None, read=None, redirect=None, status=None)) after connection broken by 'ProtocolError('Connection aborted.', RemoteDisconnected('Remote end closed connection without response'))': /wd/hub/session/720b71cd-cd26-45c4-a42e-44347b5cf9c8/appium/device/current_activity"]], "duration": 47.81463575363159, "_report_type": "TestReport"}
{"nodeid": "TestCases/test_0_login.py::TestLogin::test_login_tele_wrong[testdatas2]", "location": ["TestCases\\test_0_login.py", 23, "TestLogin.test_login_tele_wrong[testdatas2]"], "keywords": {"test": 1, "()": 1, "testdatas2": 1, "usefixtures": 1, "pytestmark": 1, "test_login_tele_wrong[testdatas2]": 1, "TestLogin": 1, "parametrize": 1, "AppFramework": 1, "TestCases/__init__.py": 1, "test_0_login.py": 1}, "outcome": "failed", "longrepr": {"reprcrash": {"path": "D:\\Program Files (x86)\\python\\lib\\site-packages\\selenium\\webdriver\\remote\\errorhandler.py", "lineno": 242, "message": "selenium.common.exceptions.NoSuchElementException: Message: An element could not be located on the page using the given search parameters."}, "reprtraceback": {"reprentries": [{"type": "ReprEntry", "data": {"lines": ["    @pytest.mark.parametrize('testdatas',GetTestDatas().get_testdatas()['login_tele_wrong'])", "    @pytest.mark.usefixtures('init_keep')", "    def test_login_tele_wrong(self,init_keep,init_session,testdatas):", "        init_session.info('\u624b\u673a\u53f7\u8f93\u5165\u9519\u8bef\u7528\u4f8b')", "        name = '\u624b\u673a\u53f7\u8f93\u5165\u9519\u8bef'", "        BottomWidget(init_keep,init_session,name).switch_bottom_widget('\u6211')", "        LoginPage(init_keep,init_session,name).input_tele(testdatas['tele'])", "        try:", "            assert LoginPage(init_keep,init_session,name).get_popbox_text() == testdatas['msg']", "            init_session.info('Test Pass!')", "        except Exception as e:", "            init_session.info('Test Fail')", ">           raise e"], "reprfuncargs": {"args": [["self", "<AppFramework.TestCases.test_0_login.TestLogin object at 0x0000026A4A6A2E20>"], ["init_keep", "<appium.webdriver.webdriver.WebDriver (session=\"720b71cd-cd26-45c4-a42e-44347b5cf9c8\")>"], ["init_session", "<module 'logging' from 'D:\\\\Program Files (x86)\\\\python\\\\lib\\\\logging\\\\__init__.py'>"], ["testdatas", "{'msg': '\u65e0\u6548\u7684\u624b\u673a\u53f7', 'tele': 99999999999}"]]}, "reprlocals": null, "reprfileloc": {"path": "TestCases\\test_0_login.py", "lineno": 36, "message": ""}, "style": "long"}}, {"type": "ReprEntry", "data": {"lines": ["    assert LoginPage(init_keep,init_session,name).get_popbox_text() == testdatas['msg']"], "reprfuncargs": null, "reprlocals": null, "reprfileloc": {"path": "TestCases\\test_0_login.py", "lineno": 32, "message": "in test_login_tele_wrong"}, "style": "short"}}, {"type": "ReprEntry", "data": {"lines": ["    return self.get_ele_attr(loc.popbox_prompt_loc,'text')"], "reprfuncargs": null, "reprlocals": null, "reprfileloc": {"path": "PageObjects\\loginpage.py", "lineno": 28, "message": "in get_popbox_text"}, "style": "short"}}, {"type": "ReprEntry", "data": {"lines": ["    ele = self.get_ele(loc)"], "reprfuncargs": null, "reprlocals": null, "reprfileloc": {"path": "Common\\basepage.py", "lineno": 88, "message": "in get_ele_attr"}, "style": "short"}}, {"type": "ReprEntry", "data": {"lines": ["    raise e"], "reprfuncargs": null, "reprlocals": null, "reprfileloc": {"path": "Common\\basepage.py", "lineno": 52, "message": "in get_ele"}, "style": "short"}}, {"type": "ReprEntry", "data": {"lines": ["    ele = self.driver.find_element(*loc)"], "reprfuncargs": null, "reprlocals": null, "reprfileloc": {"path": "Common\\basepage.py", "lineno": 46, "message": "in get_ele"}, "style": "short"}}, {"type": "ReprEntry", "data": {"lines": ["    return self.execute(RemoteCommand.FIND_ELEMENT, {"], "reprfuncargs": null, "reprlocals": null, "reprfileloc": {"path": "D:\\Program Files (x86)\\python\\lib\\site-packages\\appium\\webdriver\\webdriver.py", "lineno": 282, "message": "in find_element"}, "style": "short"}}, {"type": "ReprEntry", "data": {"lines": ["    self.error_handler.check_response(response)"], "reprfuncargs": null, "reprlocals": null, "reprfileloc": {"path": "D:\\Program Files (x86)\\python\\lib\\site-packages\\selenium\\webdriver\\remote\\webdriver.py", "lineno": 321, "message": "in execute"}, "style": "short"}}, {"type": "ReprEntry", "data": {"lines": ["    raise wde"], "reprfuncargs": null, "reprlocals": null, "reprfileloc": {"path": "D:\\Program Files (x86)\\python\\lib\\site-packages\\appium\\webdriver\\errorhandler.py", "lineno": 29, "message": "in check_response"}, "style": "short"}}, {"type": "ReprEntry", "data": {"lines": ["    super(MobileErrorHandler, self).check_response(response)"], "reprfuncargs": null, "reprlocals": null, "reprfileloc": {"path": "D:\\Program Files (x86)\\python\\lib\\site-packages\\appium\\webdriver\\errorhandler.py", "lineno": 24, "message": "in check_response"}, "style": "short"}}, {"type": "ReprEntry", "data": {"lines": ["    def check_response(self, response):", "        \"\"\"", "        Checks that a JSON response from the WebDriver does not have an error.", "    ", "        :Args:", "         - response - The JSON response from the WebDriver server as a dictionary", "           object.", "    ", "        :Raises: If the response contains an error message.", "        \"\"\"", "        status = response.get('status', None)", "        if status is None or status == ErrorCode.SUCCESS:", "            return", "        value = None", "        message = response.get(\"message\", \"\")", "        screen = response.get(\"screen\", \"\")", "        stacktrace = None", "        if isinstance(status, int):", "            value_json = response.get('value', None)", "            if value_json and isinstance(value_json, basestring):", "                import json", "                try:", "                    value = json.loads(value_json)", "                    if len(value.keys()) == 1:", "                        value = value['value']", "                    status = value.get('error', None)", "                    if status is None:", "                        status = value[\"status\"]", "                        message = value[\"value\"]", "                        if not isinstance(message, basestring):", "                            value = message", "                            message = message.get('message')", "                    else:", "                        message = value.get('message', None)", "                except ValueError:", "                    pass", "    ", "        exception_class = ErrorInResponseException", "        if status in ErrorCode.NO_SUCH_ELEMENT:", "            exception_class = NoSuchElementException", "        elif status in ErrorCode.NO_SUCH_FRAME:", "            exception_class = NoSuchFrameException", "        elif status in ErrorCode.NO_SUCH_WINDOW:", "            exception_class = NoSuchWindowException", "        elif status in ErrorCode.STALE_ELEMENT_REFERENCE:", "            exception_class = StaleElementReferenceException", "        elif status in ErrorCode.ELEMENT_NOT_VISIBLE:", "            exception_class = ElementNotVisibleException", "        elif status in ErrorCode.INVALID_ELEMENT_STATE:", "            exception_class = InvalidElementStateException", "        elif status in ErrorCode.INVALID_SELECTOR \\", "                or status in ErrorCode.INVALID_XPATH_SELECTOR \\", "                or status in ErrorCode.INVALID_XPATH_SELECTOR_RETURN_TYPER:", "            exception_class = InvalidSelectorException", "        elif status in ErrorCode.ELEMENT_IS_NOT_SELECTABLE:", "            exception_class = ElementNotSelectableException", "        elif status in ErrorCode.ELEMENT_NOT_INTERACTABLE:", "            exception_class = ElementNotInteractableException", "        elif status in ErrorCode.INVALID_COOKIE_DOMAIN:", "            exception_class = InvalidCookieDomainException", "        elif status in ErrorCode.UNABLE_TO_SET_COOKIE:", "            exception_class = UnableToSetCookieException", "        elif status in ErrorCode.TIMEOUT:", "            exception_class = TimeoutException", "        elif status in ErrorCode.SCRIPT_TIMEOUT:", "            exception_class = TimeoutException", "        elif status in ErrorCode.UNKNOWN_ERROR:", "            exception_class = WebDriverException", "        elif status in ErrorCode.UNEXPECTED_ALERT_OPEN:", "            exception_class = UnexpectedAlertPresentException", "        elif status in ErrorCode.NO_ALERT_OPEN:", "            exception_class = NoAlertPresentException", "        elif status in ErrorCode.IME_NOT_AVAILABLE:", "            exception_class = ImeNotAvailableException", "        elif status in ErrorCode.IME_ENGINE_ACTIVATION_FAILED:", "            exception_class = ImeActivationFailedException", "        elif status in ErrorCode.MOVE_TARGET_OUT_OF_BOUNDS:", "            exception_class = MoveTargetOutOfBoundsException", "        elif status in ErrorCode.JAVASCRIPT_ERROR:", "            exception_class = JavascriptException", "        elif status in ErrorCode.SESSION_NOT_CREATED:", "            exception_class = SessionNotCreatedException", "        elif status in ErrorCode.INVALID_ARGUMENT:", "            exception_class = InvalidArgumentException", "        elif status in ErrorCode.NO_SUCH_COOKIE:", "            exception_class = NoSuchCookieException", "        elif status in ErrorCode.UNABLE_TO_CAPTURE_SCREEN:", "            exception_class = ScreenshotException", "        elif status in ErrorCode.ELEMENT_CLICK_INTERCEPTED:", "            exception_class = ElementClickInterceptedException", "        elif status in ErrorCode.INSECURE_CERTIFICATE:", "            exception_class = InsecureCertificateException", "        elif status in ErrorCode.INVALID_COORDINATES:", "            exception_class = InvalidCoordinatesException", "        elif status in ErrorCode.INVALID_SESSION_ID:", "            exception_class = InvalidSessionIdException", "        elif status in ErrorCode.UNKNOWN_METHOD:", "            exception_class = UnknownMethodException", "        else:", "            exception_class = WebDriverException", "        if value == '' or value is None:", "            value = response['value']", "        if isinstance(value, basestring):", "            if exception_class == ErrorInResponseException:", "                raise exception_class(response, value)", "            raise exception_class(value)", "        if message == \"\" and 'message' in value:", "            message = value['message']", "    ", "        screen = None", "        if 'screen' in value:", "            screen = value['screen']", "    ", "        stacktrace = None", "        if 'stackTrace' in value and value['stackTrace']:", "            stacktrace = []", "            try:", "                for frame in value['stackTrace']:", "                    line = self._value_or_default(frame, 'lineNumber', '')", "                    file = self._value_or_default(frame, 'fileName', '<anonymous>')", "                    if line:", "                        file = \"%s:%s\" % (file, line)", "                    meth = self._value_or_default(frame, 'methodName', '<anonymous>')", "                    if 'className' in frame:", "                        meth = \"%s.%s\" % (frame['className'], meth)", "                    msg = \"    at %s (%s)\"", "                    msg = msg % (meth, file)", "                    stacktrace.append(msg)", "            except TypeError:", "                pass", "        if exception_class == ErrorInResponseException:", "            raise exception_class(response, message)", "        elif exception_class == UnexpectedAlertPresentException:", "            alert_text = None", "            if 'data' in value:", "                alert_text = value['data'].get('text')", "            elif 'alert' in value:", "                alert_text = value['alert'].get('text')", "            raise exception_class(message, screen, stacktrace, alert_text)", ">       raise exception_class(message, screen, stacktrace)", "E       selenium.common.exceptions.NoSuchElementException: Message: An element could not be located on the page using the given search parameters."], "reprfuncargs": {"args": [["self", "<appium.webdriver.errorhandler.MobileErrorHandler object at 0x0000026A4A71F400>"], ["response", "{'status': 404, 'value': '{\"value\":{\"error\":\"no such element\",\"message\":\"An element could not be located on the page u...ces\\\\\\\\app\\\\\\\\node_modules\\\\\\\\appium\\\\\\\\node_modules\\\\\\\\appium-android-driver\\\\\\\\lib\\\\\\\\commands\\\\\\\\find.js:75:11)\"}}'}"]]}, "reprlocals": null, "reprfileloc": {"path": "D:\\Program Files (x86)\\python\\lib\\site-packages\\selenium\\webdriver\\remote\\errorhandler.py", "lineno": 242, "message": "NoSuchElementException"}, "style": "long"}}], "extraline": null, "style": "long"}, "sections": [], "chain": [[{"reprentries": [{"type": "ReprEntry", "data": {"lines": ["    @pytest.mark.parametrize('testdatas',GetTestDatas().get_testdatas()['login_tele_wrong'])", "    @pytest.mark.usefixtures('init_keep')", "    def test_login_tele_wrong(self,init_keep,init_session,testdatas):", "        init_session.info('\u624b\u673a\u53f7\u8f93\u5165\u9519\u8bef\u7528\u4f8b')", "        name = '\u624b\u673a\u53f7\u8f93\u5165\u9519\u8bef'", "        BottomWidget(init_keep,init_session,name).switch_bottom_widget('\u6211')", "        LoginPage(init_keep,init_session,name).input_tele(testdatas['tele'])", "        try:", "            assert LoginPage(init_keep,init_session,name).get_popbox_text() == testdatas['msg']", "            init_session.info('Test Pass!')", "        except Exception as e:", "            init_session.info('Test Fail')", ">           raise e"], "reprfuncargs": {"args": [["self", "<AppFramework.TestCases.test_0_login.TestLogin object at 0x0000026A4A6A2E20>"], ["init_keep", "<appium.webdriver.webdriver.WebDriver (session=\"720b71cd-cd26-45c4-a42e-44347b5cf9c8\")>"], ["init_session", "<module 'logging' from 'D:\\\\Program Files (x86)\\\\python\\\\lib\\\\logging\\\\__init__.py'>"], ["testdatas", "{'msg': '\u65e0\u6548\u7684\u624b\u673a\u53f7', 'tele': 99999999999}"]]}, "reprlocals": null, "reprfileloc": {"path": "TestCases\\test_0_login.py", "lineno": 36, "message": ""}, "style": "long"}}, {"type": "ReprEntry", "data": {"lines": ["    assert LoginPage(init_keep,init_session,name).get_popbox_text() == testdatas['msg']"], "reprfuncargs": null, "reprlocals": null, "reprfileloc": {"path": "TestCases\\test_0_login.py", "lineno": 32, "message": "in test_login_tele_wrong"}, "style": "short"}}, {"type": "ReprEntry", "data": {"lines": ["    return self.get_ele_attr(loc.popbox_prompt_loc,'text')"], "reprfuncargs": null, "reprlocals": null, "reprfileloc": {"path": "PageObjects\\loginpage.py", "lineno": 28, "message": "in get_popbox_text"}, "style": "short"}}, {"type": "ReprEntry", "data": {"lines": ["    ele = self.get_ele(loc)"], "reprfuncargs": null, "reprlocals": null, "reprfileloc": {"path": "Common\\basepage.py", "lineno": 88, "message": "in get_ele_attr"}, "style": "short"}}, {"type": "ReprEntry", "data": {"lines": ["    raise e"], "reprfuncargs": null, "reprlocals": null, "reprfileloc": {"path": "Common\\basepage.py", "lineno": 52, "message": "in get_ele"}, "style": "short"}}, {"type": "ReprEntry", "data": {"lines": ["    ele = self.driver.find_element(*loc)"], "reprfuncargs": null, "reprlocals": null, "reprfileloc": {"path": "Common\\basepage.py", "lineno": 46, "message": "in get_ele"}, "style": "short"}}, {"type": "ReprEntry", "data": {"lines": ["    return self.execute(RemoteCommand.FIND_ELEMENT, {"], "reprfuncargs": null, "reprlocals": null, "reprfileloc": {"path": "D:\\Program Files (x86)\\python\\lib\\site-packages\\appium\\webdriver\\webdriver.py", "lineno": 282, "message": "in find_element"}, "style": "short"}}, {"type": "ReprEntry", "data": {"lines": ["    self.error_handler.check_response(response)"], "reprfuncargs": null, "reprlocals": null, "reprfileloc": {"path": "D:\\Program Files (x86)\\python\\lib\\site-packages\\selenium\\webdriver\\remote\\webdriver.py", "lineno": 321, "message": "in execute"}, "style": "short"}}, {"type": "ReprEntry", "data": {"lines": ["    raise wde"], "reprfuncargs": null, "reprlocals": null, "reprfileloc": {"path": "D:\\Program Files (x86)\\python\\lib\\site-packages\\appium\\webdriver\\errorhandler.py", "lineno": 29, "message": "in check_response"}, "style": "short"}}, {"type": "ReprEntry", "data": {"lines": ["    super(MobileErrorHandler, self).check_response(response)"], "reprfuncargs": null, "reprlocals": null, "reprfileloc": {"path": "D:\\Program Files (x86)\\python\\lib\\site-packages\\appium\\webdriver\\errorhandler.py", "lineno": 24, "message": "in check_response"}, "style": "short"}}, {"type": "ReprEntry", "data": {"lines": ["    def check_response(self, response):", "        \"\"\"", "        Checks that a JSON response from the WebDriver does not have an error.", "    ", "        :Args:", "         - response - The JSON response from the WebDriver server as a dictionary", "           object.", "    ", "        :Raises: If the response contains an error message.", "        \"\"\"", "        status = response.get('status', None)", "        if status is None or status == ErrorCode.SUCCESS:", "            return", "        value = None", "        message = response.get(\"message\", \"\")", "        screen = response.get(\"screen\", \"\")", "        stacktrace = None", "        if isinstance(status, int):", "            value_json = response.get('value', None)", "            if value_json and isinstance(value_json, basestring):", "                import json", "                try:", "                    value = json.loads(value_json)", "                    if len(value.keys()) == 1:", "                        value = value['value']", "                    status = value.get('error', None)", "                    if status is None:", "                        status = value[\"status\"]", "                        message = value[\"value\"]", "                        if not isinstance(message, basestring):", "                            value = message", "                            message = message.get('message')", "                    else:", "                        message = value.get('message', None)", "                except ValueError:", "                    pass", "    ", "        exception_class = ErrorInResponseException", "        if status in ErrorCode.NO_SUCH_ELEMENT:", "            exception_class = NoSuchElementException", "        elif status in ErrorCode.NO_SUCH_FRAME:", "            exception_class = NoSuchFrameException", "        elif status in ErrorCode.NO_SUCH_WINDOW:", "            exception_class = NoSuchWindowException", "        elif status in ErrorCode.STALE_ELEMENT_REFERENCE:", "            exception_class = StaleElementReferenceException", "        elif status in ErrorCode.ELEMENT_NOT_VISIBLE:", "            exception_class = ElementNotVisibleException", "        elif status in ErrorCode.INVALID_ELEMENT_STATE:", "            exception_class = InvalidElementStateException", "        elif status in ErrorCode.INVALID_SELECTOR \\", "                or status in ErrorCode.INVALID_XPATH_SELECTOR \\", "                or status in ErrorCode.INVALID_XPATH_SELECTOR_RETURN_TYPER:", "            exception_class = InvalidSelectorException", "        elif status in ErrorCode.ELEMENT_IS_NOT_SELECTABLE:", "            exception_class = ElementNotSelectableException", "        elif status in ErrorCode.ELEMENT_NOT_INTERACTABLE:", "            exception_class = ElementNotInteractableException", "        elif status in ErrorCode.INVALID_COOKIE_DOMAIN:", "            exception_class = InvalidCookieDomainException", "        elif status in ErrorCode.UNABLE_TO_SET_COOKIE:", "            exception_class = UnableToSetCookieException", "        elif status in ErrorCode.TIMEOUT:", "            exception_class = TimeoutException", "        elif status in ErrorCode.SCRIPT_TIMEOUT:", "            exception_class = TimeoutException", "        elif status in ErrorCode.UNKNOWN_ERROR:", "            exception_class = WebDriverException", "        elif status in ErrorCode.UNEXPECTED_ALERT_OPEN:", "            exception_class = UnexpectedAlertPresentException", "        elif status in ErrorCode.NO_ALERT_OPEN:", "            exception_class = NoAlertPresentException", "        elif status in ErrorCode.IME_NOT_AVAILABLE:", "            exception_class = ImeNotAvailableException", "        elif status in ErrorCode.IME_ENGINE_ACTIVATION_FAILED:", "            exception_class = ImeActivationFailedException", "        elif status in ErrorCode.MOVE_TARGET_OUT_OF_BOUNDS:", "            exception_class = MoveTargetOutOfBoundsException", "        elif status in ErrorCode.JAVASCRIPT_ERROR:", "            exception_class = JavascriptException", "        elif status in ErrorCode.SESSION_NOT_CREATED:", "            exception_class = SessionNotCreatedException", "        elif status in ErrorCode.INVALID_ARGUMENT:", "            exception_class = InvalidArgumentException", "        elif status in ErrorCode.NO_SUCH_COOKIE:", "            exception_class = NoSuchCookieException", "        elif status in ErrorCode.UNABLE_TO_CAPTURE_SCREEN:", "            exception_class = ScreenshotException", "        elif status in ErrorCode.ELEMENT_CLICK_INTERCEPTED:", "            exception_class = ElementClickInterceptedException", "        elif status in ErrorCode.INSECURE_CERTIFICATE:", "            exception_class = InsecureCertificateException", "        elif status in ErrorCode.INVALID_COORDINATES:", "            exception_class = InvalidCoordinatesException", "        elif status in ErrorCode.INVALID_SESSION_ID:", "            exception_class = InvalidSessionIdException", "        elif status in ErrorCode.UNKNOWN_METHOD:", "            exception_class = UnknownMethodException", "        else:", "            exception_class = WebDriverException", "        if value == '' or value is None:", "            value = response['value']", "        if isinstance(value, basestring):", "            if exception_class == ErrorInResponseException:", "                raise exception_class(response, value)", "            raise exception_class(value)", "        if message == \"\" and 'message' in value:", "            message = value['message']", "    ", "        screen = None", "        if 'screen' in value:", "            screen = value['screen']", "    ", "        stacktrace = None", "        if 'stackTrace' in value and value['stackTrace']:", "            stacktrace = []", "            try:", "                for frame in value['stackTrace']:", "                    line = self._value_or_default(frame, 'lineNumber', '')", "                    file = self._value_or_default(frame, 'fileName', '<anonymous>')", "                    if line:", "                        file = \"%s:%s\" % (file, line)", "                    meth = self._value_or_default(frame, 'methodName', '<anonymous>')", "                    if 'className' in frame:", "                        meth = \"%s.%s\" % (frame['className'], meth)", "                    msg = \"    at %s (%s)\"", "                    msg = msg % (meth, file)", "                    stacktrace.append(msg)", "            except TypeError:", "                pass", "        if exception_class == ErrorInResponseException:", "            raise exception_class(response, message)", "        elif exception_class == UnexpectedAlertPresentException:", "            alert_text = None", "            if 'data' in value:", "                alert_text = value['data'].get('text')", "            elif 'alert' in value:", "                alert_text = value['alert'].get('text')", "            raise exception_class(message, screen, stacktrace, alert_text)", ">       raise exception_class(message, screen, stacktrace)", "E       selenium.common.exceptions.NoSuchElementException: Message: An element could not be located on the page using the given search parameters."], "reprfuncargs": {"args": [["self", "<appium.webdriver.errorhandler.MobileErrorHandler object at 0x0000026A4A71F400>"], ["response", "{'status': 404, 'value': '{\"value\":{\"error\":\"no such element\",\"message\":\"An element could not be located on the page u...ces\\\\\\\\app\\\\\\\\node_modules\\\\\\\\appium\\\\\\\\node_modules\\\\\\\\appium-android-driver\\\\\\\\lib\\\\\\\\commands\\\\\\\\find.js:75:11)\"}}'}"]]}, "reprlocals": null, "reprfileloc": {"path": "D:\\Program Files (x86)\\python\\lib\\site-packages\\selenium\\webdriver\\remote\\errorhandler.py", "lineno": 242, "message": "NoSuchElementException"}, "style": "long"}}], "extraline": null, "style": "long"}, {"path": "D:\\Program Files (x86)\\python\\lib\\site-packages\\selenium\\webdriver\\remote\\errorhandler.py", "lineno": 242, "message": "selenium.common.exceptions.NoSuchElementException: Message: An element could not be located on the page using the given search parameters."}, null]]}, "when": "call", "user_properties": [], "sections": [["Captured log setup", "\u001b[33mWARNING \u001b[0m urllib3.connectionpool:connectionpool.py:744 Retrying (Retry(total=2, connect=None, read=None, redirect=None, status=None)) after connection broken by 'ProtocolError('Connection aborted.', RemoteDisconnected('Remote end closed connection without response'))': /wd/hub/session/720b71cd-cd26-45c4-a42e-44347b5cf9c8/appium/device/current_activity"], ["Captured log call", "\u001b[32mINFO    \u001b[0m root:test_0_login.py:27 \u624b\u673a\u53f7\u8f93\u5165\u9519\u8bef\u7528\u4f8b\n\u001b[32mINFO    \u001b[0m root:bottom_widget.py:15 \u5207\u6362\u5230\u9875\u9762\u6211\n\u001b[32mINFO    \u001b[0m root:basepage.py:38 \u5143\u7d20('-android uiautomator', 'new UiSelector().text(\"\u6211\")')\u67e5\u627e\u6210\u529f\uff0c\u8017\u65f61.1304004192352295s\n\u001b[32mINFO    \u001b[0m root:basepage.py:47 \u5143\u7d20('-android uiautomator', 'new UiSelector().text(\"\u6211\")')\u67e5\u627e\u6210\u529f\uff01\n\u001b[32mINFO    \u001b[0m root:basepage.py:80 \u5143\u7d20('-android uiautomator', 'new UiSelector().text(\"\u6211\")')\u6210\u529f\u70b9\u51fb!\n\u001b[32mINFO    \u001b[0m root:basepage.py:38 \u5143\u7d20('id', 'com.xxzb.fenwoo:id/et_phone')\u67e5\u627e\u6210\u529f\uff0c\u8017\u65f60.806025505065918s\n\u001b[32mINFO    \u001b[0m root:basepage.py:47 \u5143\u7d20('id', 'com.xxzb.fenwoo:id/et_phone')\u67e5\u627e\u6210\u529f\uff01\n\u001b[32mINFO    \u001b[0m root:basepage.py:59 \u5143\u7d20('id', 'com.xxzb.fenwoo:id/et_phone')\u6210\u529f\u8f93\u516599999999999\n\u001b[32mINFO    \u001b[0m root:basepage.py:47 \u5143\u7d20('id', 'com.xxzb.fenwoo:id/btn_next_step')\u67e5\u627e\u6210\u529f\uff01\n\u001b[32mINFO    \u001b[0m root:basepage.py:80 \u5143\u7d20('id', 'com.xxzb.fenwoo:id/btn_next_step')\u6210\u529f\u70b9\u51fb!\n\u001b[32mINFO    \u001b[0m root:basepage.py:105 \u622a\u56fe\u6210\u529f\uff0c\u6587\u4ef6\u4e3aD:\\python\\mystudy\\AppFramework\\Outputs\\Screen_Shots\\\u624b\u673a\u53f7\u8f93\u5165\u9519\u8bef-2020-03-04-13-11-06.png\n\u001b[31m\u001b[1mERROR   \u001b[0m root:basepage.py:51 \u5143\u7d20('id', 'com.xxzb.fenwoo:id/tv_message')\u67e5\u627e\u5931\u8d25\uff01\nTraceback (most recent call last):\n  File \"d:\\python\\mystudy\\AppFramework\\Common\\basepage.py\", line 46, in get_ele\n    ele = self.driver.find_element(*loc)\n  File \"D:\\Program Files (x86)\\python\\lib\\site-packages\\appium\\webdriver\\webdriver.py\", line 282, in find_element\n    return self.execute(RemoteCommand.FIND_ELEMENT, {\n  File \"D:\\Program Files (x86)\\python\\lib\\site-packages\\selenium\\webdriver\\remote\\webdriver.py\", line 321, in execute\n    self.error_handler.check_response(response)\n  File \"D:\\Program Files (x86)\\python\\lib\\site-packages\\appium\\webdriver\\errorhandler.py\", line 29, in check_response\n    raise wde\n  File \"D:\\Program Files (x86)\\python\\lib\\site-packages\\appium\\webdriver\\errorhandler.py\", line 24, in check_response\n    super(MobileErrorHandler, self).check_response(response)\n  File \"D:\\Program Files (x86)\\python\\lib\\site-packages\\selenium\\webdriver\\remote\\errorhandler.py\", line 242, in check_response\n    raise exception_class(message, screen, stacktrace)\nselenium.common.exceptions.NoSuchElementException: Message: An element could not be located on the page using the given search parameters.\n\n\u001b[32mINFO    \u001b[0m root:test_0_login.py:35 Test Fail"]], "duration": 5.691127300262451, "_report_type": "TestReport"}
{"nodeid": "TestCases/test_0_login.py::TestLogin::test_login_tele_wrong[testdatas2]", "location": ["TestCases\\test_0_login.py", 23, "TestLogin.test_login_tele_wrong[testdatas2]"], "keywords": {"test": 1, "()": 1, "testdatas2": 1, "usefixtures": 1, "pytestmark": 1, "test_login_tele_wrong[testdatas2]": 1, "TestLogin": 1, "parametrize": 1, "AppFramework": 1, "TestCases/__init__.py": 1, "test_0_login.py": 1}, "outcome": "passed", "longrepr": null, "when": "teardown", "user_properties": [], "sections": [["Captured log setup", "\u001b[33mWARNING \u001b[0m urllib3.connectionpool:connectionpool.py:744 Retrying (Retry(total=2, connect=None, read=None, redirect=None, status=None)) after connection broken by 'ProtocolError('Connection aborted.', RemoteDisconnected('Remote end closed connection without response'))': /wd/hub/session/720b71cd-cd26-45c4-a42e-44347b5cf9c8/appium/device/current_activity"], ["Captured log call", "\u001b[32mINFO    \u001b[0m root:test_0_login.py:27 \u624b\u673a\u53f7\u8f93\u5165\u9519\u8bef\u7528\u4f8b\n\u001b[32mINFO    \u001b[0m root:bottom_widget.py:15 \u5207\u6362\u5230\u9875\u9762\u6211\n\u001b[32mINFO    \u001b[0m root:basepage.py:38 \u5143\u7d20('-android uiautomator', 'new UiSelector().text(\"\u6211\")')\u67e5\u627e\u6210\u529f\uff0c\u8017\u65f61.1304004192352295s\n\u001b[32mINFO    \u001b[0m root:basepage.py:47 \u5143\u7d20('-android uiautomator', 'new UiSelector().text(\"\u6211\")')\u67e5\u627e\u6210\u529f\uff01\n\u001b[32mINFO    \u001b[0m root:basepage.py:80 \u5143\u7d20('-android uiautomator', 'new UiSelector().text(\"\u6211\")')\u6210\u529f\u70b9\u51fb!\n\u001b[32mINFO    \u001b[0m root:basepage.py:38 \u5143\u7d20('id', 'com.xxzb.fenwoo:id/et_phone')\u67e5\u627e\u6210\u529f\uff0c\u8017\u65f60.806025505065918s\n\u001b[32mINFO    \u001b[0m root:basepage.py:47 \u5143\u7d20('id', 'com.xxzb.fenwoo:id/et_phone')\u67e5\u627e\u6210\u529f\uff01\n\u001b[32mINFO    \u001b[0m root:basepage.py:59 \u5143\u7d20('id', 'com.xxzb.fenwoo:id/et_phone')\u6210\u529f\u8f93\u516599999999999\n\u001b[32mINFO    \u001b[0m root:basepage.py:47 \u5143\u7d20('id', 'com.xxzb.fenwoo:id/btn_next_step')\u67e5\u627e\u6210\u529f\uff01\n\u001b[32mINFO    \u001b[0m root:basepage.py:80 \u5143\u7d20('id', 'com.xxzb.fenwoo:id/btn_next_step')\u6210\u529f\u70b9\u51fb!\n\u001b[32mINFO    \u001b[0m root:basepage.py:105 \u622a\u56fe\u6210\u529f\uff0c\u6587\u4ef6\u4e3aD:\\python\\mystudy\\AppFramework\\Outputs\\Screen_Shots\\\u624b\u673a\u53f7\u8f93\u5165\u9519\u8bef-2020-03-04-13-11-06.png\n\u001b[31m\u001b[1mERROR   \u001b[0m root:basepage.py:51 \u5143\u7d20('id', 'com.xxzb.fenwoo:id/tv_message')\u67e5\u627e\u5931\u8d25\uff01\nTraceback (most recent call last):\n  File \"d:\\python\\mystudy\\AppFramework\\Common\\basepage.py\", line 46, in get_ele\n    ele = self.driver.find_element(*loc)\n  File \"D:\\Program Files (x86)\\python\\lib\\site-packages\\appium\\webdriver\\webdriver.py\", line 282, in find_element\n    return self.execute(RemoteCommand.FIND_ELEMENT, {\n  File \"D:\\Program Files (x86)\\python\\lib\\site-packages\\selenium\\webdriver\\remote\\webdriver.py\", line 321, in execute\n    self.error_handler.check_response(response)\n  File \"D:\\Program Files (x86)\\python\\lib\\site-packages\\appium\\webdriver\\errorhandler.py\", line 29, in check_response\n    raise wde\n  File \"D:\\Program Files (x86)\\python\\lib\\site-packages\\appium\\webdriver\\errorhandler.py\", line 24, in check_response\n    super(MobileErrorHandler, self).check_response(response)\n  File \"D:\\Program Files (x86)\\python\\lib\\site-packages\\selenium\\webdriver\\remote\\errorhandler.py\", line 242, in check_response\n    raise exception_class(message, screen, stacktrace)\nselenium.common.exceptions.NoSuchElementException: Message: An element could not be located on the page using the given search parameters.\n\n\u001b[32mINFO    \u001b[0m root:test_0_login.py:35 Test Fail"]], "duration": 1.1972730159759521, "_report_type": "TestReport"}
{"exitstatus": 1, "$report_type": "SessionFinish"}
