 Wed, 04 Mar 2020 23:03:54  INFO logger.py <module> [ line:20 ] hehehehe
 Wed, 04 Mar 2020 23:03:54  ERROR logger.py <module> [ line:21 ] heheheheheheh
Traceback (most recent call last):
  File "D:\Program Files (x86)\python\lib\site-packages\_pytest\config\__init__.py", line 456, in _importconftest
    return self._conftestpath2mod[key]
KeyError: WindowsPath('D:/python/mystudy/AppFramework/TestCases/conftest.py')
 Wed, 04 Mar 2020 23:03:55  INFO conftest.py init_session [ line:65 ] xxxxxxx
 Wed, 04 Mar 2020 23:04:08  INFO bottom_widget.py switch_bottom_widget [ line:15 ] 切换到页面我
 Wed, 04 Mar 2020 23:04:09  INFO basepage.py visiable_ele [ line:38 ] 元素('-android uiautomator', 'new UiSelector().text("我")')查找成功，耗时0.9312982559204102s
 Wed, 04 Mar 2020 23:04:09  INFO basepage.py get_ele [ line:47 ] 元素('-android uiautomator', 'new UiSelector().text("我")')查找成功！
 Wed, 04 Mar 2020 23:04:10  INFO basepage.py click_ele [ line:93 ] 元素('-android uiautomator', 'new UiSelector().text("我")')成功点击!
 Wed, 04 Mar 2020 23:04:10  INFO test_0_login.py test_prepare [ line:22 ] app已登录,执行数据清空操作!
 Wed, 04 Mar 2020 23:04:41  INFO test_0_login.py test_login_success [ line:48 ] 成功登录用例
 Wed, 04 Mar 2020 23:04:41  INFO bottom_widget.py switch_bottom_widget [ line:15 ] 切换到页面我
 Wed, 04 Mar 2020 23:04:42  INFO basepage.py visiable_ele [ line:38 ] 元素('-android uiautomator', 'new UiSelector().text("我")')查找成功，耗时1.2311515808105469s
 Wed, 04 Mar 2020 23:04:42  INFO basepage.py get_ele [ line:47 ] 元素('-android uiautomator', 'new UiSelector().text("我")')查找成功！
 Wed, 04 Mar 2020 23:04:43  INFO basepage.py click_ele [ line:93 ] 元素('-android uiautomator', 'new UiSelector().text("我")')成功点击!
 Wed, 04 Mar 2020 23:04:46  INFO basepage.py visiable_ele [ line:38 ] 元素('id', 'com.xxzb.fenwoo:id/et_phone')查找成功，耗时2.766815423965454s
 Wed, 04 Mar 2020 23:04:46  INFO basepage.py get_ele [ line:47 ] 元素('id', 'com.xxzb.fenwoo:id/et_phone')查找成功！
 Wed, 04 Mar 2020 23:04:47  INFO basepage.py input_ele_text [ line:72 ] 元素('id', 'com.xxzb.fenwoo:id/et_phone')成功输入18684720553
 Wed, 04 Mar 2020 23:04:47  INFO basepage.py get_ele [ line:47 ] 元素('id', 'com.xxzb.fenwoo:id/btn_next_step')查找成功！
 Wed, 04 Mar 2020 23:04:48  INFO basepage.py click_ele [ line:93 ] 元素('id', 'com.xxzb.fenwoo:id/btn_next_step')成功点击!
 Wed, 04 Mar 2020 23:04:50  INFO basepage.py visiable_ele [ line:38 ] 元素('id', 'com.xxzb.fenwoo:id/et_pwd')查找成功，耗时1.8605973720550537s
 Wed, 04 Mar 2020 23:04:50  INFO basepage.py get_ele [ line:47 ] 元素('id', 'com.xxzb.fenwoo:id/et_pwd')查找成功！
 Wed, 04 Mar 2020 23:04:51  INFO basepage.py input_ele_text [ line:72 ] 元素('id', 'com.xxzb.fenwoo:id/et_pwd')成功输入python
 Wed, 04 Mar 2020 23:04:51  INFO basepage.py get_ele [ line:47 ] 元素('id', 'com.xxzb.fenwoo:id/btn_next_step')查找成功！
 Wed, 04 Mar 2020 23:04:52  INFO basepage.py click_ele [ line:93 ] 元素('id', 'com.xxzb.fenwoo:id/btn_next_step')成功点击!
 Wed, 04 Mar 2020 23:04:53  INFO basepage.py imgs_screenshot [ line:118 ] 截图成功，文件为D:\python\mystudy\AppFramework\Outputs\Screen_Shots\成功登录-2020-03-04-23-04-52.png
 Wed, 04 Mar 2020 23:04:53  ERROR basepage.py get_ele [ line:51 ] 元素('id', 'com.xxzb.fenwoo:id/btn_cancel')查找失败！
Traceback (most recent call last):
  File "d:\python\mystudy\AppFramework\Common\basepage.py", line 46, in get_ele
    ele = self.driver.find_element(*loc)
  File "D:\Program Files (x86)\python\lib\site-packages\appium\webdriver\webdriver.py", line 282, in find_element
    return self.execute(RemoteCommand.FIND_ELEMENT, {
  File "D:\Program Files (x86)\python\lib\site-packages\selenium\webdriver\remote\webdriver.py", line 321, in execute
    self.error_handler.check_response(response)
  File "D:\Program Files (x86)\python\lib\site-packages\appium\webdriver\errorhandler.py", line 29, in check_response
    raise wde
  File "D:\Program Files (x86)\python\lib\site-packages\appium\webdriver\errorhandler.py", line 24, in check_response
    super(MobileErrorHandler, self).check_response(response)
  File "D:\Program Files (x86)\python\lib\site-packages\selenium\webdriver\remote\errorhandler.py", line 242, in check_response
    raise exception_class(message, screen, stacktrace)
selenium.common.exceptions.NoSuchElementException: Message: An element could not be located on the page using the given search parameters.

